\BOOKMARK [1][-]{section.1}{\376\377\000F\000i\000e\000l\000d\000\040\000o\000f\000\040\000t\000h\000e\000\040\000I\000n\000v\000e\000n\000t\000i\000o\000n}{}% 1
\BOOKMARK [2][-]{subsection.1.1}{\376\377\000M\000e\000m\000r\000i\000s\000t\000i\000v\000e\000\040\000C\000o\000m\000p\000u\000t\000a\000t\000i\000o\000n}{section.1}% 2
\BOOKMARK [2][-]{subsection.1.2}{\376\377\000C\000o\000m\000p\000u\000t\000a\000t\000i\000o\000n\000a\000l\000\040\000F\000i\000e\000l\000d\000\040\000T\000h\000e\000o\000r\000y}{section.1}% 3
\BOOKMARK [2][-]{subsection.1.3}{\376\377\000J\000a\000m\000e\000s\000\040\000L\000a\000w\000\040\000o\000f\000\040\000C\000o\000m\000p\000u\000t\000a\000t\000i\000o\000n\000a\000l\000\040\000D\000y\000n\000a\000m\000i\000c\000s}{section.1}% 4
\BOOKMARK [2][-]{subsection.1.4}{\376\377\000G\000o\000l\000d\000e\000n\000\040\000R\000a\000t\000i\000o\000\040\000O\000p\000t\000i\000m\000i\000z\000a\000t\000i\000o\000n}{section.1}% 5
\BOOKMARK [2][-]{subsection.1.5}{\376\377\000Q\000u\000a\000n\000t\000u\000m\000-\000A\000n\000a\000l\000o\000g\000\040\000P\000h\000e\000n\000o\000m\000e\000n\000a\000\040\000i\000n\000\040\000C\000l\000a\000s\000s\000i\000c\000a\000l\000\040\000S\000y\000s\000t\000e\000m\000s}{section.1}% 6
\BOOKMARK [2][-]{subsection.1.6}{\376\377\000F\000u\000n\000d\000a\000m\000e\000n\000t\000a\000l\000\040\000C\000o\000n\000s\000t\000a\000n\000t\000s\000\040\000a\000s\000\040\000D\000e\000s\000i\000g\000n\000\040\000F\000r\000a\000m\000e\000w\000o\000r\000k}{section.1}% 7
\BOOKMARK [2][-]{subsection.1.7}{\376\377\000I\000n\000t\000e\000g\000r\000a\000t\000e\000d\000\040\000A\000d\000a\000p\000t\000i\000v\000e\000\040\000A\000r\000c\000h\000i\000t\000e\000c\000t\000u\000r\000e}{section.1}% 8
\BOOKMARK [2][-]{subsection.1.8}{\376\377\000A\000p\000p\000l\000i\000c\000a\000b\000l\000e\000\040\000D\000o\000m\000a\000i\000n\000s}{section.1}% 9
\BOOKMARK [1][-]{section.2}{\376\377\000B\000a\000c\000k\000g\000r\000o\000u\000n\000d\000\040\000o\000f\000\040\000t\000h\000e\000\040\000I\000n\000v\000e\000n\000t\000i\000o\000n}{}% 10
\BOOKMARK [2][-]{subsection.2.1}{\376\377\000S\000t\000a\000t\000e\000\040\000o\000f\000\040\000t\000h\000e\000\040\000A\000r\000t\000\040\000i\000n\000\040\000V\000i\000r\000t\000u\000a\000l\000\040\000M\000a\000c\000h\000i\000n\000e\000\040\000O\000p\000t\000i\000m\000i\000z\000a\000t\000i\000o\000n}{section.2}% 11
\BOOKMARK [2][-]{subsection.2.2}{\376\377\000M\000e\000m\000r\000i\000s\000t\000o\000r\000\040\000T\000h\000e\000o\000r\000y\000\040\000a\000n\000d\000\040\000H\000i\000s\000t\000o\000r\000y}{section.2}% 12
\BOOKMARK [2][-]{subsection.2.3}{\376\377\000W\000a\000v\000e\000\040\000M\000e\000c\000h\000a\000n\000i\000c\000s\000\040\000a\000n\000d\000\040\000F\000i\000e\000l\000d\000\040\000T\000h\000e\000o\000r\000y}{section.2}% 13
\BOOKMARK [2][-]{subsection.2.4}{\376\377\000G\000o\000l\000d\000e\000n\000\040\000R\000a\000t\000i\000o\000\040\000i\000n\000\040\000N\000a\000t\000u\000r\000a\000l\000\040\000S\000y\000s\000t\000e\000m\000s}{section.2}% 14
\BOOKMARK [2][-]{subsection.2.5}{\376\377\000Q\000u\000a\000n\000t\000u\000m\000\040\000M\000e\000c\000h\000a\000n\000i\000c\000s\000\040\000A\000n\000a\000l\000o\000g\000s\000\040\000i\000n\000\040\000C\000l\000a\000s\000s\000i\000c\000a\000l\000\040\000S\000y\000s\000t\000e\000m\000s}{section.2}% 15
\BOOKMARK [2][-]{subsection.2.6}{\376\377\000T\000h\000e\000r\000m\000o\000d\000y\000n\000a\000m\000i\000c\000s\000\040\000a\000n\000d\000\040\000F\000r\000e\000e\000\040\000E\000n\000e\000r\000g\000y\000\040\000M\000i\000n\000i\000m\000i\000z\000a\000t\000i\000o\000n}{section.2}% 16
\BOOKMARK [2][-]{subsection.2.7}{\376\377\000F\000u\000n\000d\000a\000m\000e\000n\000t\000a\000l\000\040\000C\000o\000n\000s\000t\000a\000n\000t\000s\000\040\000i\000n\000\040\000P\000h\000y\000s\000i\000c\000s}{section.2}% 17
\BOOKMARK [2][-]{subsection.2.8}{\376\377\000D\000e\000s\000i\000g\000n\000\040\000o\000f\000\040\000E\000x\000p\000e\000r\000i\000m\000e\000n\000t\000s\000\040\000a\000n\000d\000\040\000F\000a\000c\000t\000o\000r\000i\000a\000l\000\040\000A\000n\000a\000l\000y\000s\000i\000s}{section.2}% 18
\BOOKMARK [2][-]{subsection.2.9}{\376\377\000L\000i\000m\000i\000t\000a\000t\000i\000o\000n\000s\000\040\000o\000f\000\040\000P\000r\000i\000o\000r\000\040\000A\000r\000t}{section.2}% 19
\BOOKMARK [2][-]{subsection.2.10}{\376\377\000O\000b\000j\000e\000c\000t\000i\000v\000e\000s\000\040\000o\000f\000\040\000t\000h\000e\000\040\000P\000r\000e\000s\000e\000n\000t\000\040\000I\000n\000v\000e\000n\000t\000i\000o\000n}{section.2}% 20
\BOOKMARK [1][-]{section.3}{\376\377\000S\000u\000m\000m\000a\000r\000y\000\040\000o\000f\000\040\000t\000h\000e\000\040\000I\000n\000v\000e\000n\000t\000i\000o\000n}{}% 21
\BOOKMARK [2][-]{subsection.3.1}{\376\377\000C\000o\000r\000e\000\040\000D\000i\000s\000c\000o\000v\000e\000r\000y\000:\000\040\000C\000o\000m\000p\000u\000t\000a\000t\000i\000o\000n\000a\000l\000\040\000P\000h\000y\000s\000i\000c\000s\000\040\000a\000s\000\040\000E\000n\000g\000i\000n\000e\000e\000r\000i\000n\000g\000\040\000D\000i\000s\000c\000i\000p\000l\000i\000n\000e}{section.3}% 22
\BOOKMARK [2][-]{subsection.3.2}{\376\377\000M\000e\000m\000r\000i\000s\000t\000i\000v\000e\000\040\000A\000r\000c\000h\000i\000t\000e\000c\000t\000u\000r\000e}{section.3}% 23
\BOOKMARK [2][-]{subsection.3.3}{\376\377\000C\000o\000m\000p\000u\000t\000a\000t\000i\000o\000n\000a\000l\000\040\000F\000i\000e\000l\000d\000\040\000T\000h\000e\000o\000r\000y\000\040\000I\000m\000p\000l\000e\000m\000e\000n\000t\000a\000t\000i\000o\000n}{section.3}% 24
\BOOKMARK [2][-]{subsection.3.4}{\376\377\000G\000o\000l\000d\000e\000n\000\040\000R\000a\000t\000i\000o\000\040\000H\000a\000r\000m\000o\000n\000i\000c\000s}{section.3}% 25
\BOOKMARK [2][-]{subsection.3.5}{\376\377\000Q\000u\000a\000n\000t\000u\000m\000-\000A\000n\000a\000l\000o\000g\000\040\000P\000h\000e\000n\000o\000m\000e\000n\000a}{section.3}% 26
\BOOKMARK [2][-]{subsection.3.6}{\376\377\000I\000n\000t\000r\000i\000n\000s\000i\000c\000\040\0002\0005\0006\000-\000B\000y\000t\000e\000\040\000W\000a\000v\000e\000l\000e\000n\000g\000t\000h}{section.3}% 27
\BOOKMARK [2][-]{subsection.3.7}{\376\377\000E\000x\000p\000e\000r\000i\000m\000e\000n\000t\000a\000l\000\040\000V\000a\000l\000i\000d\000a\000t\000i\000o\000n}{section.3}% 28
\BOOKMARK [2][-]{subsection.3.8}{\376\377\000S\000u\000p\000e\000r\000v\000i\000s\000o\000r\000y\000\040\000M\000o\000d\000e\000\040\000S\000e\000l\000e\000c\000t\000i\000o\000n\000\040\000\050\000J\000a\000c\000q\000u\000a\000r\000d\000\040\000C\000o\000n\000t\000r\000o\000l\000l\000e\000r\000\051}{section.3}% 29
\BOOKMARK [2][-]{subsection.3.9}{\376\377\000P\000r\000a\000c\000t\000i\000c\000a\000l\000\040\000A\000p\000p\000l\000i\000c\000a\000t\000i\000o\000n\000s}{section.3}% 30
\BOOKMARK [1][-]{section.4}{\376\377\000D\000r\000a\000w\000i\000n\000g\000s\000\040\000a\000n\000d\000\040\000F\000i\000g\000u\000r\000e\000s}{}% 31
\BOOKMARK [1][-]{section.5}{\376\377\000D\000e\000t\000a\000i\000l\000e\000d\000\040\000D\000e\000s\000c\000r\000i\000p\000t\000i\000o\000n\000\040\000o\000f\000\040\000t\000h\000e\000\040\000I\000n\000v\000e\000n\000t\000i\000o\000n}{}% 32
\BOOKMARK [2][-]{subsection.5.1}{\376\377\000S\000y\000s\000t\000e\000m\000\040\000A\000r\000c\000h\000i\000t\000e\000c\000t\000u\000r\000e\000\040\000O\000v\000e\000r\000v\000i\000e\000w}{section.5}% 33
\BOOKMARK [2][-]{subsection.5.2}{\376\377\000M\000e\000m\000r\000i\000s\000t\000i\000v\000e\000\040\000A\000r\000c\000h\000i\000t\000e\000c\000t\000u\000r\000e\000\040\000I\000m\000p\000l\000e\000m\000e\000n\000t\000a\000t\000i\000o\000n}{section.5}% 34
\BOOKMARK [3][-]{subsubsection.5.2.1}{\376\377\000E\000x\000e\000c\000u\000t\000i\000o\000n\000\040\000H\000e\000a\000t\000\040\000a\000s\000\040\000M\000e\000m\000r\000i\000s\000t\000i\000v\000e\000\040\000S\000t\000a\000t\000e\000\040\000V\000a\000r\000i\000a\000b\000l\000e}{subsection.5.2}% 35
\BOOKMARK [3][-]{subsubsection.5.2.2}{\376\377\000S\000t\000a\000t\000e\000-\000D\000e\000p\000e\000n\000d\000e\000n\000t\000\040\000C\000o\000n\000d\000u\000c\000t\000a\000n\000c\000e\000\040\000\050\000L\000o\000o\000k\000u\000p\000\040\000L\000a\000t\000e\000n\000c\000y\000\051}{subsection.5.2}% 36
\BOOKMARK [3][-]{subsubsection.5.2.3}{\376\377\000H\000y\000s\000t\000e\000r\000e\000s\000i\000s\000\040\000L\000o\000o\000p\000\040\000F\000o\000r\000m\000a\000t\000i\000o\000n}{subsection.5.2}% 37
\BOOKMARK [3][-]{subsubsection.5.2.4}{\376\377\000P\000i\000p\000e\000l\000i\000n\000i\000n\000g\000\040\000a\000s\000\040\000M\000e\000m\000r\000i\000s\000t\000i\000v\000e\000\040\000C\000r\000o\000s\000s\000b\000a\000r}{subsection.5.2}% 38
\BOOKMARK [2][-]{subsection.5.3}{\376\377\000C\000o\000m\000p\000u\000t\000a\000t\000i\000o\000n\000a\000l\000\040\000F\000i\000e\000l\000d\000\040\000T\000h\000e\000o\000r\000y\000\040\000I\000m\000p\000l\000e\000m\000e\000n\000t\000a\000t\000i\000o\000n}{section.5}% 39
\BOOKMARK [3][-]{subsubsection.5.3.1}{\376\377\000R\000u\000n\000t\000i\000m\000e\000\040\000S\000t\000a\000t\000e\000\040\000V\000e\000c\000t\000o\000r\000\040\000a\000s\000\040\000F\000i\000e\000l\000d}{subsection.5.3}% 40
\BOOKMARK [3][-]{subsubsection.5.3.2}{\376\377\000F\000i\000e\000l\000d\000\040\000E\000q\000u\000a\000t\000i\000o\000n\000s\000\040\000\050\000M\000a\000x\000w\000e\000l\000l\000\040\000A\000n\000a\000l\000o\000g\000s\000\051}{subsection.5.3}% 41
\BOOKMARK [3][-]{subsubsection.5.3.3}{\376\377\000W\000a\000v\000e\000\040\000E\000q\000u\000a\000t\000i\000o\000n\000\040\000D\000e\000r\000i\000v\000a\000t\000i\000o\000n}{subsection.5.3}% 42
\BOOKMARK [3][-]{subsubsection.5.3.4}{\376\377\000S\000t\000a\000n\000d\000i\000n\000g\000\040\000W\000a\000v\000e\000\040\000S\000o\000l\000u\000t\000i\000o\000n\000s}{subsection.5.3}% 43
\BOOKMARK [3][-]{subsubsection.5.3.5}{\376\377\000R\000e\000s\000o\000n\000a\000n\000c\000e\000\040\000D\000e\000t\000e\000c\000t\000i\000o\000n}{subsection.5.3}% 44
\BOOKMARK [2][-]{subsection.5.4}{\376\377\000J\000a\000m\000e\000s\000\040\000L\000a\000w\000\040\000M\000a\000t\000h\000e\000m\000a\000t\000i\000c\000a\000l\000\040\000F\000o\000r\000m\000u\000l\000a\000t\000i\000o\000n}{section.5}% 45
\BOOKMARK [3][-]{subsubsection.5.4.1}{\376\377\000L\000a\000w\000\040\000S\000t\000a\000t\000e\000m\000e\000n\000t}{subsection.5.4}% 46
\BOOKMARK [3][-]{subsubsection.5.4.2}{\376\377\000D\000e\000r\000i\000v\000a\000t\000i\000o\000n\000\040\000f\000r\000o\000m\000\040\000F\000i\000r\000s\000t\000\040\000P\000r\000i\000n\000c\000i\000p\000l\000e\000s}{subsection.5.4}% 47
\BOOKMARK [3][-]{subsubsection.5.4.3}{\376\377\000P\000a\000r\000a\000m\000e\000t\000e\000r\000\040\000M\000e\000a\000s\000u\000r\000e\000m\000e\000n\000t}{subsection.5.4}% 48
\BOOKMARK [3][-]{subsubsection.5.4.4}{\376\377\000V\000a\000l\000i\000d\000a\000t\000i\000o\000n\000\040\000M\000e\000t\000r\000i\000c\000s}{subsection.5.4}% 49
\BOOKMARK [2][-]{subsection.5.5}{\376\377\000G\000o\000l\000d\000e\000n\000\040\000R\000a\000t\000i\000o\000\040\000O\000p\000t\000i\000m\000i\000z\000a\000t\000i\000o\000n\000\040\000I\000m\000p\000l\000e\000m\000e\000n\000t\000a\000t\000i\000o\000n}{section.5}% 50
\BOOKMARK [3][-]{subsubsection.5.5.1}{\376\377\000D\000e\000t\000e\000c\000t\000i\000o\000n\000\040\000o\000f\000\040\003\306\000-\000S\000p\000a\000c\000e\000d\000\040\000I\000n\000t\000e\000r\000f\000e\000r\000e\000n\000c\000e}{subsection.5.5}% 51
\BOOKMARK [3][-]{subsubsection.5.5.2}{\376\377\000F\000i\000b\000o\000n\000a\000c\000c\000i\000\040\000W\000i\000n\000d\000o\000w\000\040\000S\000e\000l\000e\000c\000t\000i\000o\000n}{subsection.5.5}% 52
\BOOKMARK [3][-]{subsubsection.5.5.3}{\376\377\000H\000a\000r\000m\000o\000n\000i\000c\000\040\000C\000o\000u\000p\000l\000i\000n\000g\000\040\000\050\0003\000:\0002\000\040\000R\000a\000t\000i\000o\000\051}{subsection.5.5}% 53
\BOOKMARK [2][-]{subsection.5.6}{\376\377\000Q\000u\000a\000n\000t\000u\000m\000-\000A\000n\000a\000l\000o\000g\000\040\000P\000h\000e\000n\000o\000m\000e\000n\000a\000\040\000I\000m\000p\000l\000e\000m\000e\000n\000t\000a\000t\000i\000o\000n}{section.5}% 54
\BOOKMARK [3][-]{subsubsection.5.6.1}{\376\377\000M\000e\000a\000s\000u\000r\000e\000m\000e\000n\000t\000-\000I\000n\000d\000u\000c\000e\000d\000\040\000S\000t\000a\000t\000e\000\040\000C\000o\000l\000l\000a\000p\000s\000e}{subsection.5.6}% 55
\BOOKMARK [3][-]{subsubsection.5.6.2}{\376\377\000P\000r\000o\000b\000a\000b\000i\000l\000i\000s\000t\000i\000c\000\040\000T\000u\000n\000n\000e\000l\000i\000n\000g}{subsection.5.6}% 56
\BOOKMARK [3][-]{subsubsection.5.6.3}{\376\377\000Q\000u\000a\000n\000t\000i\000z\000e\000d\000\040\000E\000n\000e\000r\000g\000y\000\040\000L\000e\000v\000e\000l\000s}{subsection.5.6}% 57
\BOOKMARK [3][-]{subsubsection.5.6.4}{\376\377\000H\000e\000i\000s\000e\000n\000b\000e\000r\000g\000-\000L\000i\000k\000e\000\040\000U\000n\000c\000e\000r\000t\000a\000i\000n\000t\000y}{subsection.5.6}% 58
\BOOKMARK [2][-]{subsection.5.7}{\376\377\000F\000u\000n\000d\000a\000m\000e\000n\000t\000a\000l\000\040\000C\000o\000n\000s\000t\000a\000n\000t\000s\000\040\000M\000e\000a\000s\000u\000r\000e\000m\000e\000n\000t}{section.5}% 59
\BOOKMARK [3][-]{subsubsection.5.7.1}{\376\377\000I\000n\000t\000r\000i\000n\000s\000i\000c\000\040\000W\000a\000v\000e\000l\000e\000n\000g\000t\000h\000\040\003\273\040\200\000\040\000=\000\040\0002\0005\0006\000\040\000B\000y\000t\000e\000s}{subsection.5.7}% 60
\BOOKMARK [3][-]{subsubsection.5.7.2}{\376\377\000N\000a\000t\000u\000r\000a\000l\000\040\000F\000r\000e\000q\000u\000e\000n\000c\000y\000\040\000f\040\200\000\040\000=\000\040\0000\000.\0006\0006\0006\0007\000\040\000C\000y\000c\000l\000e\000s\000/\000W\000i\000n\000d\000o\000w}{subsection.5.7}% 61
\BOOKMARK [3][-]{subsubsection.5.7.3}{\376\377\000G\000o\000l\000d\000e\000n\000\040\000R\000a\000t\000i\000o\000\040\003\306\000\040\000=\000\040\0001\000.\0006\0001\0008}{subsection.5.7}% 62
\BOOKMARK [3][-]{subsubsection.5.7.4}{\376\377\000C\000o\000m\000p\000u\000t\000a\000t\000i\000o\000n\000a\000l\000\040\000B\000o\000l\000t\000z\000m\000a\000n\000n\000\040\000C\000o\000n\000s\000t\000a\000n\000t\000\040\000k\000\137\000B}{subsection.5.7}% 63
\BOOKMARK [1][-]{section.6}{\376\377\000E\000m\000b\000o\000d\000i\000m\000e\000n\000t\000s}{}% 64
\BOOKMARK [2][-]{subsection.6.1}{\376\377\000E\000m\000b\000o\000d\000i\000m\000e\000n\000t\000\040\000A\000:\000\040\000A\000d\000a\000p\000t\000i\000v\000e\000\040\000I\000n\000t\000e\000r\000p\000r\000e\000t\000e\000r\000\040\000i\000n\000\040\000a\000\040\000S\000t\000a\000c\000k\000-\000B\000a\000s\000e\000d\000\040\000V\000M}{section.6}% 65
\BOOKMARK [2][-]{subsection.6.2}{\376\377\000E\000m\000b\000o\000d\000i\000m\000e\000n\000t\000\040\000B\000:\000\040\000E\000m\000b\000e\000d\000d\000e\000d\000\040\000R\000u\000n\000t\000i\000m\000e\000\040\000f\000o\000r\000\040\000C\000o\000n\000s\000t\000r\000a\000i\000n\000e\000d\000\040\000S\000y\000s\000t\000e\000m\000s}{section.6}% 66
\BOOKMARK [2][-]{subsection.6.3}{\376\377\000E\000m\000b\000o\000d\000i\000m\000e\000n\000t\000\040\000C\000:\000\040\000M\000u\000l\000t\000i\000-\000T\000h\000r\000e\000a\000d\000e\000d\000\040\000E\000x\000e\000c\000u\000t\000i\000o\000n\000\040\000E\000n\000g\000i\000n\000e}{section.6}% 67
\BOOKMARK [2][-]{subsection.6.4}{\376\377\000E\000m\000b\000o\000d\000i\000m\000e\000n\000t\000\040\000D\000:\000\040\000J\000u\000s\000t\000-\000I\000n\000-\000T\000i\000m\000e\000\040\000\050\000J\000I\000T\000\051\000\040\000C\000o\000m\000p\000i\000l\000a\000t\000i\000o\000n\000\040\000E\000n\000v\000i\000r\000o\000n\000m\000e\000n\000t}{section.6}% 68
\BOOKMARK [2][-]{subsection.6.5}{\376\377\000E\000m\000b\000o\000d\000i\000m\000e\000n\000t\000\040\000E\000:\000\040\000A\000d\000a\000p\000t\000i\000v\000e\000\040\000M\000i\000c\000r\000o\000k\000e\000r\000n\000e\000l\000\040\000o\000r\000\040\000R\000u\000n\000t\000i\000m\000e\000\040\000O\000r\000c\000h\000e\000s\000t\000r\000a\000t\000o\000r}{section.6}% 69
\BOOKMARK [2][-]{subsection.6.6}{\376\377\000E\000m\000b\000o\000d\000i\000m\000e\000n\000t\000\040\000F\000:\000\040\000S\000t\000a\000t\000i\000s\000t\000i\000c\000a\000l\000\040\000I\000n\000f\000e\000r\000e\000n\000c\000e\000-\000D\000r\000i\000v\000e\000n\000\040\000R\000u\000n\000t\000i\000m\000e}{section.6}% 70
\BOOKMARK [2][-]{subsection.6.7}{\376\377\000E\000m\000b\000o\000d\000i\000m\000e\000n\000t\000\040\000G\000:\000\040\000H\000y\000b\000r\000i\000d\000\040\000A\000d\000a\000p\000t\000i\000v\000e\000\040\000S\000y\000s\000t\000e\000m}{section.6}% 71
\BOOKMARK [2][-]{subsection.6.8}{\376\377\000E\000m\000b\000o\000d\000i\000m\000e\000n\000t\000\040\000H\000:\000\040\000S\000i\000m\000u\000l\000a\000t\000i\000o\000n\000\040\000a\000n\000d\000\040\000A\000n\000a\000l\000y\000s\000i\000s\000\040\000E\000n\000v\000i\000r\000o\000n\000m\000e\000n\000t}{section.6}% 72
\BOOKMARK [2][-]{subsection.6.9}{\376\377\000E\000m\000b\000o\000d\000i\000m\000e\000n\000t\000\040\000I\000:\000\040\000M\000i\000n\000i\000m\000a\000l\000-\000L\000o\000o\000p\000\040\000C\000o\000n\000f\000i\000g\000u\000r\000a\000t\000i\000o\000n}{section.6}% 73
\BOOKMARK [2][-]{subsection.6.10}{\376\377\000E\000m\000b\000o\000d\000i\000m\000e\000n\000t\000\040\000J\000:\000\040\000D\000i\000s\000t\000r\000i\000b\000u\000t\000e\000d\000\040\000o\000r\000\040\000N\000e\000t\000w\000o\000r\000k\000e\000d\000\040\000R\000u\000n\000t\000i\000m\000e}{section.6}% 74
\BOOKMARK [2][-]{subsection.6.11}{\376\377\000S\000u\000m\000m\000a\000r\000y\000\040\000o\000f\000\040\000E\000m\000b\000o\000d\000i\000m\000e\000n\000t\000s}{section.6}% 75
\BOOKMARK [1][-]{section.7}{\376\377\000C\000l\000a\000i\000m\000s}{}% 76
\BOOKMARK [1][-]{section.8}{\376\377\000V\000a\000l\000i\000d\000a\000t\000i\000o\000n}{}% 77
\BOOKMARK [2][-]{subsection.8.1}{\376\377\000D\000e\000s\000i\000g\000n\000\040\000S\000p\000a\000c\000e\000\040\000E\000x\000p\000l\000o\000r\000a\000t\000i\000o\000n}{section.8}% 78
\BOOKMARK [2][-]{subsection.8.2}{\376\377\000R\000u\000n\000o\000f\000f\000\040\000V\000a\000l\000i\000d\000a\000t\000i\000o\000n\000\040\000o\000f\000\040\000C\000a\000n\000d\000i\000d\000a\000t\000e\000\040\000M\000o\000d\000e\000s}{section.8}% 79
\BOOKMARK [2][-]{subsection.8.3}{\376\377\000W\000o\000r\000k\000l\000o\000a\000d\000\040\000F\000a\000m\000i\000l\000y\000\040\000V\000a\000l\000i\000d\000a\000t\000i\000o\000n}{section.8}% 80
\BOOKMARK [2][-]{subsection.8.4}{\376\377\000W\000a\000v\000e\000f\000o\000r\000m\000\040\000V\000a\000l\000i\000d\000a\000t\000i\000o\000n\000\040\000\050\000S\000h\000a\000p\000e\000-\000I\000n\000v\000a\000r\000i\000a\000n\000t\000\040\000B\000e\000h\000a\000v\000i\000o\000r\000\051}{section.8}% 81
\BOOKMARK [3][-]{subsubsection.8.4.1}{\376\377\000S\000h\000a\000p\000e\000\040\000I\000\040\040\024\000\040\000E\000a\000r\000l\000y\000\040\000S\000h\000a\000p\000e\000\040\000R\000o\000b\000u\000s\000t\000n\000e\000s\000s}{subsection.8.4}% 82
\BOOKMARK [3][-]{subsubsection.8.4.2}{\376\377\000S\000h\000a\000p\000e\000\040\000I\000I\000\040\040\024\000\040\000F\000i\000n\000a\000l\000\040\000W\000a\000v\000e\000f\000o\000r\000m\000\040\000C\000o\000n\000f\000i\000r\000m\000a\000t\000i\000o\000n}{subsection.8.4}% 83
\BOOKMARK [2][-]{subsection.8.5}{\376\377\000C\000o\000n\000v\000e\000r\000g\000e\000n\000c\000e\000\040\000a\000n\000d\000\040\000S\000t\000e\000a\000d\000y\000-\000S\000t\000a\000t\000e\000\040\000B\000e\000h\000a\000v\000i\000o\000r}{section.8}% 84
\BOOKMARK [2][-]{subsection.8.6}{\376\377\000C\000o\000m\000p\000a\000r\000a\000t\000i\000v\000e\000\040\000P\000e\000r\000f\000o\000r\000m\000a\000n\000c\000e\000:\000\040\000A\000d\000a\000p\000t\000i\000v\000e\000\040\000v\000s\000.\000\040\000S\000t\000a\000t\000i\000c}{section.8}% 85
\BOOKMARK [2][-]{subsection.8.7}{\376\377\000I\000n\000d\000u\000s\000t\000r\000i\000a\000l\000\040\000A\000p\000p\000l\000i\000c\000a\000b\000i\000l\000i\000t\000y}{section.8}% 86
\BOOKMARK [1][-]{section.9}{\376\377\000I\000m\000p\000l\000e\000m\000e\000n\000t\000a\000t\000i\000o\000n}{}% 87
\BOOKMARK [2][-]{subsection.9.1}{\376\377\000S\000y\000s\000t\000e\000m\000\040\000A\000r\000c\000h\000i\000t\000e\000c\000t\000u\000r\000e}{section.9}% 88
\BOOKMARK [2][-]{subsection.9.2}{\376\377\000S\000t\000a\000t\000e\000\040\000V\000e\000c\000t\000o\000r\000\040\000M\000a\000i\000n\000t\000e\000n\000a\000n\000c\000e}{section.9}% 89
\BOOKMARK [2][-]{subsection.9.3}{\376\377\000F\000e\000e\000d\000b\000a\000c\000k\000-\000L\000o\000o\000p\000\040\000I\000m\000p\000l\000e\000m\000e\000n\000t\000a\000t\000i\000o\000n}{section.9}% 90
\BOOKMARK [2][-]{subsection.9.4}{\376\377\000M\000o\000d\000e\000\040\000C\000o\000n\000f\000i\000g\000u\000r\000a\000t\000i\000o\000n\000\040\000P\000r\000o\000f\000i\000l\000e\000s}{section.9}% 91
\BOOKMARK [2][-]{subsection.9.5}{\376\377\000M\000o\000d\000e\000\040\000S\000e\000l\000e\000c\000t\000o\000r\000\040\000I\000m\000p\000l\000e\000m\000e\000n\000t\000a\000t\000i\000o\000n}{section.9}% 92
\BOOKMARK [2][-]{subsection.9.6}{\376\377\000I\000n\000t\000e\000g\000r\000a\000t\000i\000o\000n\000\040\000w\000i\000t\000h\000\040\000I\000n\000t\000e\000r\000p\000r\000e\000t\000e\000r\000s\000\040\000a\000n\000d\000\040\000V\000i\000r\000t\000u\000a\000l\000\040\000M\000a\000c\000h\000i\000n\000e\000s}{section.9}% 93
\BOOKMARK [2][-]{subsection.9.7}{\376\377\000I\000n\000t\000e\000g\000r\000a\000t\000i\000o\000n\000\040\000w\000i\000t\000h\000\040\000J\000I\000T\000\040\000o\000r\000\040\000O\000p\000t\000i\000m\000i\000z\000i\000n\000g\000\040\000C\000o\000m\000p\000i\000l\000e\000r\000s}{section.9}% 94
\BOOKMARK [2][-]{subsection.9.8}{\376\377\000E\000m\000b\000e\000d\000d\000e\000d\000\040\000a\000n\000d\000\040\000M\000i\000c\000r\000o\000k\000e\000r\000n\000e\000l\000\040\000I\000n\000t\000e\000g\000r\000a\000t\000i\000o\000n}{section.9}% 95
\BOOKMARK [2][-]{subsection.9.9}{\376\377\000D\000i\000s\000t\000r\000i\000b\000u\000t\000e\000d\000\040\000o\000r\000\040\000M\000u\000l\000t\000i\000-\000N\000o\000d\000e\000\040\000I\000m\000p\000l\000e\000m\000e\000n\000t\000a\000t\000i\000o\000n\000s}{section.9}% 96
\BOOKMARK [2][-]{subsection.9.10}{\376\377\000S\000o\000f\000t\000w\000a\000r\000e\000,\000\040\000H\000a\000r\000d\000w\000a\000r\000e\000,\000\040\000o\000r\000\040\000H\000y\000b\000r\000i\000d\000\040\000I\000m\000p\000l\000e\000m\000e\000n\000t\000a\000t\000i\000o\000n\000s}{section.9}% 97
\BOOKMARK [2][-]{subsection.9.11}{\376\377\000S\000u\000m\000m\000a\000r\000y\000\040\000o\000f\000\040\000I\000m\000p\000l\000e\000m\000e\000n\000t\000a\000t\000i\000o\000n\000\040\000F\000l\000e\000x\000i\000b\000i\000l\000i\000t\000y}{section.9}% 98
\BOOKMARK [2][-]{subsection.Alph0.1}{\376\377\000T\000e\000r\000m\000i\000n\000o\000l\000o\000g\000y\000\040\000G\000l\000o\000s\000s\000a\000r\000y}{section.9}% 99
\BOOKMARK [2][-]{subsection.Alph0.2}{\376\377\000E\000x\000p\000e\000r\000i\000m\000e\000n\000t\000a\000l\000\040\000S\000e\000t\000u\000p\000\040\000\050\000N\000o\000n\000-\000l\000i\000m\000i\000t\000i\000n\000g\000\051}{section.9}% 100
\BOOKMARK [2][-]{subsection.Alph0.3}{\376\377\000R\000e\000p\000r\000e\000s\000e\000n\000t\000a\000t\000i\000v\000e\000\040\000M\000o\000d\000e\000\040\000C\000o\000n\000f\000i\000g\000u\000r\000a\000t\000i\000o\000n\000\040\000P\000r\000o\000f\000i\000l\000e\000s}{section.9}% 101
\BOOKMARK [2][-]{subsection.Alph0.4}{\376\377\000A\000l\000t\000e\000r\000n\000a\000t\000e\000\040\000F\000o\000r\000m\000u\000l\000a\000t\000i\000o\000n\000s\000\040\000o\000f\000\040\000t\000h\000e\000\040\000S\000t\000a\000t\000e\000\040\000V\000e\000c\000t\000o\000r}{section.9}% 102
\BOOKMARK [2][-]{subsection.Alph0.5}{\376\377\000S\000u\000p\000p\000l\000e\000m\000e\000n\000t\000a\000r\000y\000\040\000N\000o\000t\000e\000s\000\040\000o\000n\000\040\000S\000t\000a\000b\000i\000l\000i\000t\000y\000\040\000A\000n\000a\000l\000y\000s\000i\000s}{section.9}% 103
\BOOKMARK [2][-]{subsection.Alph0.6}{\376\377\000R\000e\000p\000r\000e\000s\000e\000n\000t\000a\000t\000i\000v\000e\000\040\000W\000o\000r\000k\000l\000o\000a\000d\000\040\000F\000a\000m\000i\000l\000i\000e\000s}{section.9}% 104
\BOOKMARK [2][-]{subsection.Alph0.7}{\376\377\000I\000m\000p\000l\000e\000m\000e\000n\000t\000a\000t\000i\000o\000n\000\040\000N\000e\000u\000t\000r\000a\000l\000i\000t\000y\000\040\000S\000t\000a\000t\000e\000m\000e\000n\000t}{section.9}% 105
\BOOKMARK [1][-]{section*.3}{\376\377\000B\000i\000b\000l\000i\000o\000g\000r\000a\000p\000h\000y}{}% 106
