This is pdfTeX, Version 3.141592653-2.6-1.40.26 (TeX Live 2025/dev/Debian) (preloaded format=pdflatex 2025.11.27)  10 DEC 2025 10:09
entering extended mode
 restricted \write18 enabled.
 %&-line parsing enabled.
**ssm_RAJ_v1_patent_application.tex
(./ssm_RAJ_v1_patent_application.tex
LaTeX2e <2024-11-01> patch level 2
L3 programming layer <2025-01-18>
(/usr/share/texlive/texmf-dist/tex/latex/base/article.cls
Document Class: article 2024/06/29 v1.4n Standard LaTeX document class
(/usr/share/texlive/texmf-dist/tex/latex/base/size12.clo
File: size12.clo 2024/06/29 v1.4n Standard LaTeX file (size option)
)
\c@part=\count196
\c@section=\count197
\c@subsection=\count198
\c@subsubsection=\count199
\c@paragraph=\count266
\c@subparagraph=\count267
\c@figure=\count268
\c@table=\count269
\abovecaptionskip=\skip49
\belowcaptionskip=\skip50
\bibindent=\dimen141
)
(/usr/share/texlive/texmf-dist/tex/latex/base/inputenc.sty
Package: inputenc 2024/02/08 v1.3d Input encoding file
\inpenc@prehook=\toks17
\inpenc@posthook=\toks18
)
(/usr/share/texlive/texmf-dist/tex/latex/base/fontenc.sty
Package: fontenc 2021/04/29 v2.0v Standard LaTeX package
)
(/usr/share/texlive/texmf-dist/tex/latex/psnfss/times.sty
Package: times 2020/03/25 PSNFSS-v9.3 (SPQR) 
)
(/usr/share/texlive/texmf-dist/tex/latex/geometry/geometry.sty
Package: geometry 2020/01/02 v5.9 Page Geometry

(/usr/share/texlive/texmf-dist/tex/latex/graphics/keyval.sty
Package: keyval 2022/05/29 v1.15 key=value parser (DPC)
\KV@toks@=\toks19
)
(/usr/share/texlive/texmf-dist/tex/generic/iftex/ifvtex.sty
Package: ifvtex 2019/10/25 v1.7 ifvtex legacy package. Use iftex instead.

(/usr/share/texlive/texmf-dist/tex/generic/iftex/iftex.sty
Package: iftex 2024/12/12 v1.0g TeX engine tests
))
\Gm@cnth=\count270
\Gm@cntv=\count271
\c@Gm@tempcnt=\count272
\Gm@bindingoffset=\dimen142
\Gm@wd@mp=\dimen143
\Gm@odd@mp=\dimen144
\Gm@even@mp=\dimen145
\Gm@layoutwidth=\dimen146
\Gm@layoutheight=\dimen147
\Gm@layouthoffset=\dimen148
\Gm@layoutvoffset=\dimen149
\Gm@dimlist=\toks20
)
(/usr/share/texlive/texmf-dist/tex/latex/graphics/graphicx.sty
Package: graphicx 2021/09/16 v1.2d Enhanced LaTeX Graphics (DPC,SPQR)

(/usr/share/texlive/texmf-dist/tex/latex/graphics/graphics.sty
Package: graphics 2024/08/06 v1.4g Standard LaTeX Graphics (DPC,SPQR)

(/usr/share/texlive/texmf-dist/tex/latex/graphics/trig.sty
Package: trig 2023/12/02 v1.11 sin cos tan (DPC)
)
(/usr/share/texlive/texmf-dist/tex/latex/graphics-cfg/graphics.cfg
File: graphics.cfg 2016/06/04 v1.11 sample graphics configuration
)
Package graphics Info: Driver file: pdftex.def on input line 106.

(/usr/share/texlive/texmf-dist/tex/latex/graphics-def/pdftex.def
File: pdftex.def 2024/04/13 v1.2c Graphics/color driver for pdftex
))
\Gin@req@height=\dimen150
\Gin@req@width=\dimen151
)
(/usr/share/texlive/texmf-dist/tex/latex/float/float.sty
Package: float 2001/11/08 v1.3d Float enhancements (AL)
\c@float@type=\count273
\float@exts=\toks21
\float@box=\box52
\@float@everytoks=\toks22
\@floatcapt=\box53
)
(/usr/share/texlive/texmf-dist/tex/latex/placeins/placeins.sty
Package: placeins 2005/04/18  v 2.2
)
(/usr/share/texlive/texmf-dist/tex/latex/amsmath/amsmath.sty
Package: amsmath 2024/11/05 v2.17t AMS math features
\@mathmargin=\skip51

For additional information on amsmath, use the `?' option.
(/usr/share/texlive/texmf-dist/tex/latex/amsmath/amstext.sty
Package: amstext 2021/08/26 v2.01 AMS text

(/usr/share/texlive/texmf-dist/tex/latex/amsmath/amsgen.sty
File: amsgen.sty 1999/11/30 v2.0 generic functions
\@emptytoks=\toks23
\ex@=\dimen152
))
(/usr/share/texlive/texmf-dist/tex/latex/amsmath/amsbsy.sty
Package: amsbsy 1999/11/29 v1.2d Bold Symbols
\pmbraise@=\dimen153
)
(/usr/share/texlive/texmf-dist/tex/latex/amsmath/amsopn.sty
Package: amsopn 2022/04/08 v2.04 operator names
)
\inf@bad=\count274
LaTeX Info: Redefining \frac on input line 233.
\uproot@=\count275
\leftroot@=\count276
LaTeX Info: Redefining \overline on input line 398.
LaTeX Info: Redefining \colon on input line 409.
\classnum@=\count277
\DOTSCASE@=\count278
LaTeX Info: Redefining \ldots on input line 495.
LaTeX Info: Redefining \dots on input line 498.
LaTeX Info: Redefining \cdots on input line 619.
\Mathstrutbox@=\box54
\strutbox@=\box55
LaTeX Info: Redefining \big on input line 721.
LaTeX Info: Redefining \Big on input line 722.
LaTeX Info: Redefining \bigg on input line 723.
LaTeX Info: Redefining \Bigg on input line 724.
\big@size=\dimen154
LaTeX Font Info:    Redeclaring font encoding OML on input line 742.
LaTeX Font Info:    Redeclaring font encoding OMS on input line 743.
\macc@depth=\count279
LaTeX Info: Redefining \bmod on input line 904.
LaTeX Info: Redefining \pmod on input line 909.
LaTeX Info: Redefining \smash on input line 939.
LaTeX Info: Redefining \relbar on input line 969.
LaTeX Info: Redefining \Relbar on input line 970.
\c@MaxMatrixCols=\count280
\dotsspace@=\muskip17
\c@parentequation=\count281
\dspbrk@lvl=\count282
\tag@help=\toks24
\row@=\count283
\column@=\count284
\maxfields@=\count285
\andhelp@=\toks25
\eqnshift@=\dimen155
\alignsep@=\dimen156
\tagshift@=\dimen157
\tagwidth@=\dimen158
\totwidth@=\dimen159
\lineht@=\dimen160
\@envbody=\toks26
\multlinegap=\skip52
\multlinetaggap=\skip53
\mathdisplay@stack=\toks27
LaTeX Info: Redefining \[ on input line 2953.
LaTeX Info: Redefining \] on input line 2954.
)
(/usr/share/texlive/texmf-dist/tex/latex/amsfonts/amssymb.sty
Package: amssymb 2013/01/14 v3.01 AMS font symbols

(/usr/share/texlive/texmf-dist/tex/latex/amsfonts/amsfonts.sty
Package: amsfonts 2013/01/14 v3.01 Basic AMSFonts support
\symAMSa=\mathgroup4
\symAMSb=\mathgroup5
LaTeX Font Info:    Redeclaring math symbol \hbar on input line 98.
LaTeX Font Info:    Overwriting math alphabet `\mathfrak' in version `bold'
(Font)                  U/euf/m/n --> U/euf/b/n on input line 106.
))
(/usr/share/texlive/texmf-dist/tex/latex/booktabs/booktabs.sty
Package: booktabs 2020/01/12 v1.61803398 Publication quality tables
\heavyrulewidth=\dimen161
\lightrulewidth=\dimen162
\cmidrulewidth=\dimen163
\belowrulesep=\dimen164
\belowbottomsep=\dimen165
\aboverulesep=\dimen166
\abovetopsep=\dimen167
\cmidrulesep=\dimen168
\cmidrulekern=\dimen169
\defaultaddspace=\dimen170
\@cmidla=\count286
\@cmidlb=\count287
\@aboverulesep=\dimen171
\@belowrulesep=\dimen172
\@thisruleclass=\count288
\@lastruleclass=\count289
\@thisrulewidth=\dimen173
)
(/usr/share/texlive/texmf-dist/tex/latex/enumitem/enumitem.sty
Package: enumitem 2025/02/06 v3.11 Customized lists
\labelindent=\skip54
\enit@outerparindent=\dimen174
\enit@toks=\toks28
\enit@inbox=\box56
\enit@count@id=\count290
\enitdp@description=\count291
)
(/usr/share/texlive/texmf-dist/tex/latex/setspace/setspace.sty
Package: setspace 2022/12/04 v6.7b set line spacing
)
(/usr/share/texlive/texmf-dist/tex/latex/hyperref/hyperref.sty
Package: hyperref 2024-11-05 v7.01l Hypertext links for LaTeX

(/usr/share/texlive/texmf-dist/tex/latex/kvsetkeys/kvsetkeys.sty
Package: kvsetkeys 2022-10-05 v1.19 Key value parser (HO)
)
(/usr/share/texlive/texmf-dist/tex/generic/kvdefinekeys/kvdefinekeys.sty
Package: kvdefinekeys 2019-12-19 v1.6 Define keys (HO)
)
(/usr/share/texlive/texmf-dist/tex/generic/pdfescape/pdfescape.sty
Package: pdfescape 2019/12/09 v1.15 Implements pdfTeX's escape features (HO)

(/usr/share/texlive/texmf-dist/tex/generic/ltxcmds/ltxcmds.sty
Package: ltxcmds 2023-12-04 v1.26 LaTeX kernel commands for general use (HO)
)
(/usr/share/texlive/texmf-dist/tex/generic/pdftexcmds/pdftexcmds.sty
Package: pdftexcmds 2020-06-27 v0.33 Utility functions of pdfTeX for LuaTeX (HO
)

(/usr/share/texlive/texmf-dist/tex/generic/infwarerr/infwarerr.sty
Package: infwarerr 2019/12/03 v1.5 Providing info/warning/error messages (HO)
)
Package pdftexcmds Info: \pdf@primitive is available.
Package pdftexcmds Info: \pdf@ifprimitive is available.
Package pdftexcmds Info: \pdfdraftmode found.
))
(/usr/share/texlive/texmf-dist/tex/latex/hycolor/hycolor.sty
Package: hycolor 2020-01-27 v1.10 Color options for hyperref/bookmark (HO)
)
(/usr/share/texlive/texmf-dist/tex/latex/hyperref/nameref.sty
Package: nameref 2023-11-26 v2.56 Cross-referencing by name of section

(/usr/share/texlive/texmf-dist/tex/latex/refcount/refcount.sty
Package: refcount 2019/12/15 v3.6 Data extraction from label references (HO)
)
(/usr/share/texlive/texmf-dist/tex/generic/gettitlestring/gettitlestring.sty
Package: gettitlestring 2019/12/15 v1.6 Cleanup title references (HO)

(/usr/share/texlive/texmf-dist/tex/latex/kvoptions/kvoptions.sty
Package: kvoptions 2022-06-15 v3.15 Key value format for package options (HO)
))
\c@section@level=\count292
)
(/usr/share/texlive/texmf-dist/tex/latex/etoolbox/etoolbox.sty
Package: etoolbox 2025/02/11 v2.5l e-TeX tools for LaTeX (JAW)
\etb@tempcnta=\count293
)
(/usr/share/texlive/texmf-dist/tex/generic/stringenc/stringenc.sty
Package: stringenc 2019/11/29 v1.12 Convert strings between diff. encodings (HO
)
)
\@linkdim=\dimen175
\Hy@linkcounter=\count294
\Hy@pagecounter=\count295

(/usr/share/texlive/texmf-dist/tex/latex/hyperref/pd1enc.def
File: pd1enc.def 2024-11-05 v7.01l Hyperref: PDFDocEncoding definition (HO)
Now handling font encoding PD1 ...
... no UTF-8 mapping file for font encoding PD1
)
(/usr/share/texlive/texmf-dist/tex/generic/intcalc/intcalc.sty
Package: intcalc 2019/12/15 v1.3 Expandable calculations with integers (HO)
)
\Hy@SavedSpaceFactor=\count296

(/usr/share/texlive/texmf-dist/tex/latex/hyperref/puenc.def
File: puenc.def 2024-11-05 v7.01l Hyperref: PDF Unicode definition (HO)
Now handling font encoding PU ...
... no UTF-8 mapping file for font encoding PU
)
Package hyperref Info: Hyper figures OFF on input line 4157.
Package hyperref Info: Link nesting OFF on input line 4162.
Package hyperref Info: Hyper index ON on input line 4165.
Package hyperref Info: Plain pages OFF on input line 4172.
Package hyperref Info: Backreferencing OFF on input line 4177.
Package hyperref Info: Implicit mode ON; LaTeX internals redefined.
Package hyperref Info: Bookmarks ON on input line 4424.
\c@Hy@tempcnt=\count297

(/usr/share/texlive/texmf-dist/tex/latex/url/url.sty
\Urlmuskip=\muskip18
Package: url 2013/09/16  ver 3.4  Verb mode for urls, etc.
)
LaTeX Info: Redefining \url on input line 4763.
\XeTeXLinkMargin=\dimen176

(/usr/share/texlive/texmf-dist/tex/generic/bitset/bitset.sty
Package: bitset 2019/12/09 v1.3 Handle bit-vector datatype (HO)

(/usr/share/texlive/texmf-dist/tex/generic/bigintcalc/bigintcalc.sty
Package: bigintcalc 2019/12/15 v1.5 Expandable calculations on big integers (HO
)
))
\Fld@menulength=\count298
\Field@Width=\dimen177
\Fld@charsize=\dimen178
Package hyperref Info: Hyper figures OFF on input line 6042.
Package hyperref Info: Link nesting OFF on input line 6047.
Package hyperref Info: Hyper index ON on input line 6050.
Package hyperref Info: backreferencing OFF on input line 6057.
Package hyperref Info: Link coloring OFF on input line 6062.
Package hyperref Info: Link coloring with OCG OFF on input line 6067.
Package hyperref Info: PDF/A mode OFF on input line 6072.

(/usr/share/texlive/texmf-dist/tex/latex/base/atbegshi-ltx.sty
Package: atbegshi-ltx 2021/01/10 v1.0c Emulation of the original atbegshi
package with kernel methods
)
\Hy@abspage=\count299
\c@Item=\count300
\c@Hfootnote=\count301
)
Package hyperref Info: Driver (autodetected): hpdftex.

(/usr/share/texlive/texmf-dist/tex/latex/hyperref/hpdftex.def
File: hpdftex.def 2024-11-05 v7.01l Hyperref driver for pdfTeX

(/usr/share/texlive/texmf-dist/tex/latex/base/atveryend-ltx.sty
Package: atveryend-ltx 2020/08/19 v1.0a Emulation of the original atveryend pac
kage
with kernel methods
)
\Fld@listcount=\count302
\c@bookmark@seq@number=\count303

(/usr/share/texlive/texmf-dist/tex/latex/rerunfilecheck/rerunfilecheck.sty
Package: rerunfilecheck 2022-07-10 v1.10 Rerun checks for auxiliary files (HO)

(/usr/share/texlive/texmf-dist/tex/generic/uniquecounter/uniquecounter.sty
Package: uniquecounter 2019/12/15 v1.4 Provide unlimited unique counter (HO)
)
Package uniquecounter Info: New unique counter `rerunfilecheck' on input line 2
85.
)
\Hy@SectionHShift=\skip55
)
(/usr/share/texlive/texmf-dist/tex/latex/fancyhdr/fancyhdr.sty
Package: fancyhdr 2025/02/07 v5.2 Extensive control of page headers and footers

\f@nch@headwidth=\skip56
\f@nch@offset@elh=\skip57
\f@nch@offset@erh=\skip58
\f@nch@offset@olh=\skip59
\f@nch@offset@orh=\skip60
\f@nch@offset@elf=\skip61
\f@nch@offset@erf=\skip62
\f@nch@offset@olf=\skip63
\f@nch@offset@orf=\skip64
\f@nch@height=\skip65
\f@nch@footalignment=\skip66
\f@nch@widthL=\skip67
\f@nch@widthC=\skip68
\f@nch@widthR=\skip69
\@temptokenb=\toks29
)
(/usr/share/texlive/texmf-dist/tex/latex/lastpage/lastpage.sty
Package: lastpage 2025/01/27 v2.1e lastpage: 2.09 or 2e? (HMM)

(/usr/share/texlive/texmf-dist/tex/latex/lastpage/lastpage2e.sty
Package: lastpage2e 2025/01/27 v2.1e Decide which 2e lastpage version to use (H
MM)

(/usr/share/texlive/texmf-dist/tex/latex/lastpage/lastpagemodern.sty
Package: lastpagemodern 2025-01-27 v2.1e Refers to last page's name (HMM; JPG)
\c@lastpagecount=\count304
) 
))
LaTeX Font Info:    Trying to load font information for T1+ptm on input line 57
.
 (/usr/share/texlive/texmf-dist/tex/latex/psnfss/t1ptm.fd
File: t1ptm.fd 2001/06/04 font definitions for T1/ptm.
)
(/usr/share/texlive/texmf-dist/tex/latex/l3backend/l3backend-pdftex.def
File: l3backend-pdftex.def 2024-05-08 L3 backend support: PDF output (pdfTeX)
\l__color_backend_stack_int=\count305
\l__pdf_internal_box=\box57
)
(./ssm_RAJ_v1_patent_application.aux)
\openout1 = `ssm_RAJ_v1_patent_application.aux'.

LaTeX Font Info:    Checking defaults for OML/cmm/m/it on input line 57.
LaTeX Font Info:    ... okay on input line 57.
LaTeX Font Info:    Checking defaults for OMS/cmsy/m/n on input line 57.
LaTeX Font Info:    ... okay on input line 57.
LaTeX Font Info:    Checking defaults for OT1/cmr/m/n on input line 57.
LaTeX Font Info:    ... okay on input line 57.
LaTeX Font Info:    Checking defaults for T1/cmr/m/n on input line 57.
LaTeX Font Info:    ... okay on input line 57.
LaTeX Font Info:    Checking defaults for TS1/cmr/m/n on input line 57.
LaTeX Font Info:    ... okay on input line 57.
LaTeX Font Info:    Checking defaults for OMX/cmex/m/n on input line 57.
LaTeX Font Info:    ... okay on input line 57.
LaTeX Font Info:    Checking defaults for U/cmr/m/n on input line 57.
LaTeX Font Info:    ... okay on input line 57.
LaTeX Font Info:    Checking defaults for PD1/pdf/m/n on input line 57.
LaTeX Font Info:    ... okay on input line 57.
LaTeX Font Info:    Checking defaults for PU/pdf/m/n on input line 57.
LaTeX Font Info:    ... okay on input line 57.

*geometry* driver: auto-detecting
*geometry* detected driver: pdftex
*geometry* verbose mode - [ preamble ] result:
* driver: pdftex
* paper: letterpaper
* layout: <same size as paper>
* layoutoffset:(h,v)=(0.0pt,0.0pt)
* modes: 
* h-part:(L,W,R)=(72.26999pt, 469.75502pt, 72.26999pt)
* v-part:(T,H,B)=(72.26999pt, 650.43001pt, 72.26999pt)
* \paperwidth=614.295pt
* \paperheight=794.96999pt
* \textwidth=469.75502pt
* \textheight=650.43001pt
* \oddsidemargin=0.0pt
* \evensidemargin=0.0pt
* \topmargin=-37.0pt
* \headheight=14.5pt
* \headsep=25.0pt
* \topskip=12.0pt
* \footskip=30.0pt
* \marginparwidth=44.0pt
* \marginparsep=10.0pt
* \columnsep=10.0pt
* \skip\footins=10.8pt plus 4.0pt minus 2.0pt
* \hoffset=0.0pt
* \voffset=0.0pt
* \mag=1000
* \@twocolumnfalse
* \@twosidefalse
* \@mparswitchfalse
* \@reversemarginfalse
* (1in=72.27pt=25.4mm, 1cm=28.453pt)

(/usr/share/texlive/texmf-dist/tex/context/base/mkii/supp-pdf.mkii
[Loading MPS to PDF converter (version 2006.09.02).]
\scratchcounter=\count306
\scratchdimen=\dimen179
\scratchbox=\box58
\nofMPsegments=\count307
\nofMParguments=\count308
\everyMPshowfont=\toks30
\MPscratchCnt=\count309
\MPscratchDim=\dimen180
\MPnumerator=\count310
\makeMPintoPDFobject=\count311
\everyMPtoPDFconversion=\toks31
) (/usr/share/texlive/texmf-dist/tex/latex/epstopdf-pkg/epstopdf-base.sty
Package: epstopdf-base 2020-01-24 v2.11 Base part for package epstopdf
Package epstopdf-base Info: Redefining graphics rule for `.eps' on input line 4
85.

(/usr/share/texlive/texmf-dist/tex/latex/latexconfig/epstopdf-sys.cfg
File: epstopdf-sys.cfg 2010/07/13 v1.3 Configuration of (r)epstopdf for TeX Liv
e
))
Package hyperref Info: Link coloring OFF on input line 57.

(./ssm_RAJ_v1_patent_application.out) (./ssm_RAJ_v1_patent_application.out)
\@outlinefile=\write3
\openout3 = `ssm_RAJ_v1_patent_application.out'.

LaTeX Font Info:    Trying to load font information for U+msa on input line 75.


(/usr/share/texlive/texmf-dist/tex/latex/amsfonts/umsa.fd
File: umsa.fd 2013/01/14 v3.01 AMS symbols A
)
LaTeX Font Info:    Trying to load font information for U+msb on input line 75.


(/usr/share/texlive/texmf-dist/tex/latex/amsfonts/umsb.fd
File: umsb.fd 2013/01/14 v3.01 AMS symbols B
)

[1{/var/lib/texmf/fonts/map/pdftex/updmap/pdftex.map}{/usr/share/texlive/texmf-
dist/fonts/enc/dvips/base/8r.enc}

] (./ssm_RAJ_v1_patent_application.toc

[2

])
\tf@toc=\write4
\openout4 = `ssm_RAJ_v1_patent_application.toc'.



[3] (./sections/02_field.tex
LaTeX Font Info:    Trying to load font information for TS1+ptm on input line 1
5.

(/usr/share/texlive/texmf-dist/tex/latex/psnfss/ts1ptm.fd
File: ts1ptm.fd 2001/06/04 font definitions for TS1/ptm.
)
Overfull \hbox (0.59204pt too wide) in paragraph at lines 32--35
[]\T1/ptm/m/n/12 achieving shape-invariant per-for-mance across het-ero-ge-neou
s in-put wave-forms, en-sur-ing con-
 []



[4

]

[5]) (./sections/03_background.tex

[6]

[7]

[8]) (./sections/04_summary.tex
Overfull \hbox (33.14684pt too wide) in paragraph at lines 46--54
\T1/ptm/m/n/12 preters, stack-based vir-tual ma-chines, em-bed-ded run-times, j
ust-in-time com-pi-la-tion sys-tems, microkernel-
 []



[9]

[10])
<figures/ch1_config_distribution.png, id=227, 1405.25pt x 903.375pt>
File: figures/ch1_config_distribution.png Graphic file (type png)
<use figures/ch1_config_distribution.png>
Package pdftex.def Info: figures/ch1_config_distribution.png  used on input lin
e 124.
(pdftex.def)             Requested size: 469.75502pt x 301.98808pt.
<figures/ch1_config_ranking.png, id=228, 1405.25pt x 903.375pt>
File: figures/ch1_config_ranking.png Graphic file (type png)
<use figures/ch1_config_ranking.png>
Package pdftex.def Info: figures/ch1_config_ranking.png  used on input line 135
.
(pdftex.def)             Requested size: 469.75502pt x 301.98808pt.


[11 <./figures/ch1_config_distribution.png (PNG copy)>]
<figures/ch1_main_effects.png, id=235, 1606.0pt x 903.375pt>
File: figures/ch1_main_effects.png Graphic file (type png)
<use figures/ch1_main_effects.png>
Package pdftex.def Info: figures/ch1_main_effects.png  used on input line 144.
(pdftex.def)             Requested size: 469.75502pt x 264.23268pt.


[12 <./figures/ch1_config_ranking.png (PNG copy)>]
<figures/ch2_runoff_boxplot.png, id=242, 1606.0pt x 903.375pt>
File: figures/ch2_runoff_boxplot.png Graphic file (type png)
<use figures/ch2_runoff_boxplot.png>
Package pdftex.def Info: figures/ch2_runoff_boxplot.png  used on input line 155
.
(pdftex.def)             Requested size: 469.75502pt x 264.23268pt.


[13 <./figures/ch1_main_effects.png (PNG copy)>]
<figures/ch2_optimality_scores.png, id=250, 1405.25pt x 903.375pt>
File: figures/ch2_optimality_scores.png Graphic file (type png)
<use figures/ch2_optimality_scores.png>
Package pdftex.def Info: figures/ch2_optimality_scores.png  used on input line 
165.
(pdftex.def)             Requested size: 469.75502pt x 301.98808pt.


[14 <./figures/ch2_runoff_boxplot.png (PNG copy)>]
<figures/phase_space_portrait.png, id=257, 1285.9242pt x 853.5087pt>
File: figures/phase_space_portrait.png Graphic file (type png)
<use figures/phase_space_portrait.png>
Package pdftex.def Info: figures/phase_space_portrait.png  used on input line 1
74.
(pdftex.def)             Requested size: 469.75502pt x 311.78204pt.


[15 <./figures/ch2_optimality_scores.png (PNG copy)>]
<figures/ch3_shape1_performance.png, id=265, 1405.25pt x 903.375pt>
File: figures/ch3_shape1_performance.png Graphic file (type png)
<use figures/ch3_shape1_performance.png>
Package pdftex.def Info: figures/ch3_shape1_performance.png  used on input line
 185.
(pdftex.def)             Requested size: 469.75502pt x 301.98808pt.


[16 <./figures/phase_space_portrait.png>]
<figures/ch5_shape2_performance.png, id=273, 1405.25pt x 903.375pt>
File: figures/ch5_shape2_performance.png Graphic file (type png)
<use figures/ch5_shape2_performance.png>
Package pdftex.def Info: figures/ch5_shape2_performance.png  used on input line
 194.
(pdftex.def)             Requested size: 469.75502pt x 301.98808pt.


[17 <./figures/ch3_shape1_performance.png (PNG copy)>]
<figures/ch5_cv_comparison.png, id=280, 1405.25pt x 903.375pt>
File: figures/ch5_cv_comparison.png Graphic file (type png)
<use figures/ch5_cv_comparison.png>
Package pdftex.def Info: figures/ch5_cv_comparison.png  used on input line 203.

(pdftex.def)             Requested size: 469.75502pt x 301.98808pt.


[18 <./figures/ch5_shape2_performance.png (PNG copy)>]
<figures/ch4_mode_usage_stacked.png, id=287, 1606.0pt x 903.375pt>
File: figures/ch4_mode_usage_stacked.png Graphic file (type png)
<use figures/ch4_mode_usage_stacked.png>
Package pdftex.def Info: figures/ch4_mode_usage_stacked.png  used on input line
 214.
(pdftex.def)             Requested size: 469.75502pt x 264.23268pt.


[19 <./figures/ch5_cv_comparison.png (PNG copy)>]
<figures/ch4_l8_vs_static.png, id=295, 1606.0pt x 903.375pt>
File: figures/ch4_l8_vs_static.png Graphic file (type png)
<use figures/ch4_l8_vs_static.png>
Package pdftex.def Info: figures/ch4_l8_vs_static.png  used on input line 223.
(pdftex.def)             Requested size: 469.75502pt x 264.23268pt.


[20 <./figures/ch4_mode_usage_stacked.png (PNG copy)>]
<figures/fig1_snake_trajectory.pdf, id=303, 602.25pt x 602.25pt>
File: figures/fig1_snake_trajectory.pdf Graphic file (type pdf)
<use figures/fig1_snake_trajectory.pdf>
Package pdftex.def Info: figures/fig1_snake_trajectory.pdf  used on input line 
234.
(pdftex.def)             Requested size: 422.77664pt x 422.79433pt.


[21 <./figures/ch4_l8_vs_static.png (PNG copy)>]
<figures/fig2_K_vs_window.pdf, id=310, 722.7pt x 406.51875pt>
File: figures/fig2_K_vs_window.pdf Graphic file (type pdf)
<use figures/fig2_K_vs_window.pdf>
Package pdftex.def Info: figures/fig2_K_vs_window.pdf  used on input line 245.
(pdftex.def)             Requested size: 422.77664pt x 237.8094pt.


[22 <./figures/fig1_snake_trajectory.pdf>]
<figures/fig3_FFT_spectrum.pdf, id=331, 722.7pt x 406.51875pt>
File: figures/fig3_FFT_spectrum.pdf Graphic file (type pdf)
<use figures/fig3_FFT_spectrum.pdf>
Package pdftex.def Info: figures/fig3_FFT_spectrum.pdf  used on input line 254.

(pdftex.def)             Requested size: 422.77664pt x 237.8094pt.
<figures/fig4_golden_ratio_penalties.pdf, id=332, 722.7pt x 406.51875pt>
File: figures/fig4_golden_ratio_penalties.pdf Graphic file (type pdf)
<use figures/fig4_golden_ratio_penalties.pdf>
Package pdftex.def Info: figures/fig4_golden_ratio_penalties.pdf  used on input
 line 264.
(pdftex.def)             Requested size: 422.77664pt x 237.8094pt.


[23 <./figures/fig2_K_vs_window.pdf> <./figures/fig3_FFT_spectrum.pdf

pdfTeX warning: /usr/bin/pdflatex (file ./figures/fig3_FFT_spectrum.pdf): PDF i
nclusion: multiple pdfs with page group included in a single page
>]
<figures/fig5_bimodal_distributions.pdf, id=395, 722.7pt x 406.51875pt>
File: figures/fig5_bimodal_distributions.pdf Graphic file (type pdf)
<use figures/fig5_bimodal_distributions.pdf>
Package pdftex.def Info: figures/fig5_bimodal_distributions.pdf  used on input 
line 274.
(pdftex.def)             Requested size: 422.77664pt x 237.8094pt.
<figures/fig6_performance_vs_k.pdf, id=396, 722.7pt x 542.025pt>
File: figures/fig6_performance_vs_k.pdf Graphic file (type pdf)
<use figures/fig6_performance_vs_k.pdf>
Package pdftex.def Info: figures/fig6_performance_vs_k.pdf  used on input line 
283.
(pdftex.def)             Requested size: 422.77664pt x 317.07921pt.


[24 <./figures/fig4_golden_ratio_penalties.pdf> <./figures/fig5_bimodal_distrib
utions.pdf

pdfTeX warning: /usr/bin/pdflatex (file ./figures/fig5_bimodal_distributions.pd
f): PDF inclusion: multiple pdfs with page group included in a single page
>]
<figures/fig7_performance_by_regime.pdf, id=463, 722.7pt x 406.51875pt>
File: figures/fig7_performance_by_regime.pdf Graphic file (type pdf)
<use figures/fig7_performance_by_regime.pdf>
Package pdftex.def Info: figures/fig7_performance_by_regime.pdf  used on input 
line 292.
(pdftex.def)             Requested size: 422.77664pt x 237.8094pt.


[25 <./figures/fig6_performance_vs_k.pdf>]
<figures/architecture.png, id=485, 685.56125pt x 1027.84pt>
File: figures/architecture.png Graphic file (type png)
<use figures/architecture.png>
Package pdftex.def Info: figures/architecture.png  used on input line 302.
(pdftex.def)             Requested size: 422.77664pt x 633.86658pt.


[26 <./figures/fig7_performance_by_regime.pdf>]
Overfull \vbox (10.53447pt too high) has occurred while \output is active []



[27 <./figures/architecture.png>] (./sections/06_detailed_description.tex

[28]
Overfull \hbox (0.39664pt too wide) in paragraph at lines 52--53
[]\T1/ptm/m/n/12 Empirical mea-sure-ments demon-strate that the sys-tem spon-ta
-neously con-verges to-ward $\OML/cmm/m/it/12 K \OMS/cmsy/m/n/12 ^^Y
 []


Overfull \hbox (11.86421pt too wide) in paragraph at lines 60--61
[]\T1/ptm/b/n/12 Experimental Val-i-da-tion: \T1/ptm/m/n/12 Win-dow scal-ing ex
-per-i-ments across 355 in-de-pen-dent runs demon-
 []



[29] (./sections/architecture_diagram_clean.tex
Overfull \hbox (4.32404pt too wide) in paragraph at lines 8--9
\T1/ptm/m/n/12 and implementation-independent. Rep-re-sen-ta-tive em-bod-i-ment
s in-clude in-ter-preted lan-guages, com-
 []



[30]

[31]

[32]
Overfull \hbox (26.04495pt too wide) in paragraph at lines 87--88
[]\T1/ptm/b/n/12 Hardware Plat-form: \T1/ptm/m/n/12 Ex-e-cutes on x86, ARM, RIS
C-V, or any ar-chi-tec-ture pro-vid-ing nanosecond-
 []



[33]

[34])

[35

]

[36]
Overfull \hbox (3.87233pt too wide) in paragraph at lines 224--228
[]\T1/ptm/m/n/12 These modes en-cap-su-late high-performance con-fig-u-ra-tions
 dis-cov-ered through design-space
 []



[37]

[38]

[39]) (./sections/08_claims.tex

[40]

[41]

[42])

[43

] 
enddocument/afterlastpage (AED): lastpage setting LastPage.
(./ssm_RAJ_v1_patent_application.aux)
 ***********
LaTeX2e <2024-11-01> patch level 2
L3 programming layer <2025-01-18>
 ***********
Package rerunfilecheck Info: File `ssm_RAJ_v1_patent_application.out' has not c
hanged.
(rerunfilecheck)             Checksum: 34689A006BAA695639F863CE38448EC7;6006.
 ) 
Here is how much of TeX's memory you used:
 11808 strings out of 473197
 185208 string characters out of 5718604
 582785 words of memory out of 5000000
 34754 multiletter control sequences out of 15000+600000
 593488 words of font info for 76 fonts, out of 8000000 for 9000
 1141 hyphenation exceptions out of 8191
 75i,12n,79p,669b,578s stack positions out of 10000i,1000n,20000p,200000b,200000s
</usr/share/texlive/texmf-dist/fonts/type1/public/amsfonts/cm/cmex10.pfb></us
r/share/texlive/texmf-dist/fonts/type1/public/amsfonts/cm/cmmi12.pfb></usr/shar
e/texlive/texmf-dist/fonts/type1/public/amsfonts/cm/cmmi8.pfb></usr/share/texli
ve/texmf-dist/fonts/type1/public/amsfonts/cm/cmr12.pfb></usr/share/texlive/texm
f-dist/fonts/type1/public/amsfonts/cm/cmr8.pfb></usr/share/texlive/texmf-dist/f
onts/type1/public/amsfonts/cm/cmsy10.pfb></usr/share/texlive/texmf-dist/fonts/t
ype1/public/amsfonts/cm/cmsy8.pfb></usr/share/texlive/texmf-dist/fonts/type1/ur
w/times/utmb8a.pfb></usr/share/texlive/texmf-dist/fonts/type1/urw/times/utmr8a.
pfb></usr/share/texlive/texmf-dist/fonts/type1/urw/times/utmri8a.pfb>
Output written on ssm_RAJ_v1_patent_application.pdf (43 pages, 1735085 bytes).
PDF statistics:
 698 PDF objects out of 1000 (max. 8388607)
 561 compressed objects within 6 object streams
 115 named destinations out of 1000 (max. 500000)
 360 words of extra memory for PDF output out of 10000 (max. 10000000)

