[0;34mâ•â•â•â•â•â•â•â•â•â•â•â•â•â•â•â•â•â•â•â•â•â•â•â•â•â•â•â•â•â•â•â•â•â•â•â•â•â•â•â•â•â•â•â•â•â•â•â•â•â•â•â•â•â•â•â•â•â•â•[0m
[0;34mSTARFORTH PHYSICS ENGINE COMPREHENSIVE VALIDATION[0m
[0;34mâ•â•â•â•â•â•â•â•â•â•â•â•â•â•â•â•â•â•â•â•â•â•â•â•â•â•â•â•â•â•â•â•â•â•â•â•â•â•â•â•â•â•â•â•â•â•â•â•â•â•â•â•â•â•â•â•â•â•â•[0m
[1;33mâ†’ Experiment Design: Randomized 90-run trial with 3 configurations[0m
[1;33mâ†’ Benchmark: PRE warmup + RESET counters + POST measurement[0m
[0;32mâœ“ CSV header created: physics_experiment/experiment_results.csv[0m

[0;34m>>> Generating randomized test matrix...[0m
[0;32mâœ“ Test matrix generated and shuffled: physics_experiment/run_logs/test_matrix.txt[0m
[1;33mâ†’ Test matrix (first 10 runs, shuffled):[0m
  A_BASELINE,0,0,9
  B_CACHE,1,0,29
  A_BASELINE,0,0,10
  A_BASELINE,0,0,23
  A_BASELINE,0,0,25
  B_CACHE,1,0,14
  A_BASELINE,0,0,19
  C_FULL,1,1,13
  B_CACHE,1,0,22
  B_CACHE,1,0,21
[0;34mâ•â•â•â•â•â•â•â•â•â•â•â•â•â•â•â•â•â•â•â•â•â•â•â•â•â•â•â•â•â•â•â•â•â•â•â•â•â•â•â•â•â•â•â•â•â•â•â•â•â•â•â•â•â•â•â•â•â•â•[0m
[0;34mRANDOMIZED EXPERIMENT EXECUTION (90 runs, 3 configurations)[0m
[0;34mâ•â•â•â•â•â•â•â•â•â•â•â•â•â•â•â•â•â•â•â•â•â•â•â•â•â•â•â•â•â•â•â•â•â•â•â•â•â•â•â•â•â•â•â•â•â•â•â•â•â•â•â•â•â•â•â•â•â•â•[0m

[0;34m>>> Switching to Configuration: A_BASELINE[0m

[0;34m>>> Building Configuration: A_BASELINE[0m
[1;33mâ†’ make ARCH=amd64 TARGET=fastest ENABLE_HOTWORDS_CACHE=0 ENABLE_PIPELINING=0[0m
[0;32mâœ“ Build completed for A_BASELINE[0m
[0;32mâœ“ Binary ready: /home/rajames/CLionProjects/StarForth/build/amd64/fastest/starforth[0m
[1;33mâ†’ Run 1/90 - A_BASELINE #9...[0m
[0;32mâœ“ Run 1/90 completed (0s)[0m

[0;34m>>> Switching to Configuration: B_CACHE[0m

[0;34m>>> Building Configuration: B_CACHE[0m
[1;33mâ†’ make ARCH=amd64 TARGET=fastest ENABLE_HOTWORDS_CACHE=1 ENABLE_PIPELINING=0[0m
[0;32mâœ“ Build completed for B_CACHE[0m
[0;32mâœ“ Binary ready: /home/rajames/CLionProjects/StarForth/build/amd64/fastest/starforth[0m
[1;33mâ†’ Run 2/90 - B_CACHE #29...[0m
[0;32mâœ“ Run 2/90 completed (1s)[0m

[0;34m>>> Switching to Configuration: A_BASELINE[0m

[0;34m>>> Building Configuration: A_BASELINE[0m
[1;33mâ†’ make ARCH=amd64 TARGET=fastest ENABLE_HOTWORDS_CACHE=0 ENABLE_PIPELINING=0[0m
[0;32mâœ“ Build completed for A_BASELINE[0m
[0;32mâœ“ Binary ready: /home/rajames/CLionProjects/StarForth/build/amd64/fastest/starforth[0m
[1;33mâ†’ Run 3/90 - A_BASELINE #10...[0m
[0;32mâœ“ Run 3/90 completed (0s)[0m
[1;33mâ†’ Run 4/90 - A_BASELINE #23...[0m
[0;32mâœ“ Run 4/90 completed (0s)[0m
[1;33mâ†’ Run 5/90 - A_BASELINE #25...[0m
[0;32mâœ“ Run 5/90 completed (0s)[0m

[0;34m>>> Switching to Configuration: B_CACHE[0m

[0;34m>>> Building Configuration: B_CACHE[0m
[1;33mâ†’ make ARCH=amd64 TARGET=fastest ENABLE_HOTWORDS_CACHE=1 ENABLE_PIPELINING=0[0m
[0;32mâœ“ Build completed for B_CACHE[0m
[0;32mâœ“ Binary ready: /home/rajames/CLionProjects/StarForth/build/amd64/fastest/starforth[0m
[1;33mâ†’ Run 6/90 - B_CACHE #14...[0m
[0;32mâœ“ Run 6/90 completed (0s)[0m

[0;34m>>> Switching to Configuration: A_BASELINE[0m

[0;34m>>> Building Configuration: A_BASELINE[0m
[1;33mâ†’ make ARCH=amd64 TARGET=fastest ENABLE_HOTWORDS_CACHE=0 ENABLE_PIPELINING=0[0m
[0;32mâœ“ Build completed for A_BASELINE[0m
[0;32mâœ“ Binary ready: /home/rajames/CLionProjects/StarForth/build/amd64/fastest/starforth[0m
[1;33mâ†’ Run 7/90 - A_BASELINE #19...[0m
[0;32mâœ“ Run 7/90 completed (0s)[0m

[0;34m>>> Switching to Configuration: C_FULL[0m

[0;34m>>> Building Configuration: C_FULL[0m
[1;33mâ†’ make ARCH=amd64 TARGET=fastest ENABLE_HOTWORDS_CACHE=1 ENABLE_PIPELINING=1[0m
[0;32mâœ“ Build completed for C_FULL[0m
[0;32mâœ“ Binary ready: /home/rajames/CLionProjects/StarForth/build/amd64/fastest/starforth[0m
[1;33mâ†’ Run 8/90 - C_FULL #13...[0m
[0;32mâœ“ Run 8/90 completed (0s)[0m

[0;34m>>> Switching to Configuration: B_CACHE[0m

[0;34m>>> Building Configuration: B_CACHE[0m
[1;33mâ†’ make ARCH=amd64 TARGET=fastest ENABLE_HOTWORDS_CACHE=1 ENABLE_PIPELINING=0[0m
[0;32mâœ“ Build completed for B_CACHE[0m
[0;32mâœ“ Binary ready: /home/rajames/CLionProjects/StarForth/build/amd64/fastest/starforth[0m
[1;33mâ†’ Run 9/90 - B_CACHE #22...[0m
[0;32mâœ“ Run 9/90 completed (0s)[0m
[1;33mâ†’ Run 10/90 - B_CACHE #21...[0m
[0;32mâœ“ Run 10/90 completed (0s)[0m

[0;34m>>> Switching to Configuration: A_BASELINE[0m

[0;34m>>> Building Configuration: A_BASELINE[0m
[1;33mâ†’ make ARCH=amd64 TARGET=fastest ENABLE_HOTWORDS_CACHE=0 ENABLE_PIPELINING=0[0m
[0;32mâœ“ Build completed for A_BASELINE[0m
[0;32mâœ“ Binary ready: /home/rajames/CLionProjects/StarForth/build/amd64/fastest/starforth[0m
[1;33mâ†’ Run 11/90 - A_BASELINE #4...[0m
[0;32mâœ“ Run 11/90 completed (0s)[0m

[0;34m>>> Switching to Configuration: B_CACHE[0m

[0;34m>>> Building Configuration: B_CACHE[0m
[1;33mâ†’ make ARCH=amd64 TARGET=fastest ENABLE_HOTWORDS_CACHE=1 ENABLE_PIPELINING=0[0m
[0;32mâœ“ Build completed for B_CACHE[0m
[0;32mâœ“ Binary ready: /home/rajames/CLionProjects/StarForth/build/amd64/fastest/starforth[0m
[1;33mâ†’ Run 12/90 - B_CACHE #9...[0m
[0;32mâœ“ Run 12/90 completed (0s)[0m

[0;34m>>> Switching to Configuration: A_BASELINE[0m

[0;34m>>> Building Configuration: A_BASELINE[0m
[1;33mâ†’ make ARCH=amd64 TARGET=fastest ENABLE_HOTWORDS_CACHE=0 ENABLE_PIPELINING=0[0m
[0;32mâœ“ Build completed for A_BASELINE[0m
[0;32mâœ“ Binary ready: /home/rajames/CLionProjects/StarForth/build/amd64/fastest/starforth[0m
[1;33mâ†’ Run 13/90 - A_BASELINE #2...[0m
[0;32mâœ“ Run 13/90 completed (0s)[0m

[0;34m>>> Switching to Configuration: C_FULL[0m

[0;34m>>> Building Configuration: C_FULL[0m
[1;33mâ†’ make ARCH=amd64 TARGET=fastest ENABLE_HOTWORDS_CACHE=1 ENABLE_PIPELINING=1[0m
[0;32mâœ“ Build completed for C_FULL[0m
[0;32mâœ“ Binary ready: /home/rajames/CLionProjects/StarForth/build/amd64/fastest/starforth[0m
[1;33mâ†’ Run 14/90 - C_FULL #20...[0m
[0;32mâœ“ Run 14/90 completed (0s)[0m

[0;34m>>> Switching to Configuration: B_CACHE[0m

[0;34m>>> Building Configuration: B_CACHE[0m
[1;33mâ†’ make ARCH=amd64 TARGET=fastest ENABLE_HOTWORDS_CACHE=1 ENABLE_PIPELINING=0[0m
[0;32mâœ“ Build completed for B_CACHE[0m
[0;32mâœ“ Binary ready: /home/rajames/CLionProjects/StarForth/build/amd64/fastest/starforth[0m
[1;33mâ†’ Run 15/90 - B_CACHE #27...[0m
[0;32mâœ“ Run 15/90 completed (0s)[0m

[0;34m>>> Switching to Configuration: C_FULL[0m

[0;34m>>> Building Configuration: C_FULL[0m
[1;33mâ†’ make ARCH=amd64 TARGET=fastest ENABLE_HOTWORDS_CACHE=1 ENABLE_PIPELINING=1[0m
[0;32mâœ“ Build completed for C_FULL[0m
[0;32mâœ“ Binary ready: /home/rajames/CLionProjects/StarForth/build/amd64/fastest/starforth[0m
[1;33mâ†’ Run 16/90 - C_FULL #21...[0m
[0;32mâœ“ Run 16/90 completed (0s)[0m
[1;33mâ†’ Run 17/90 - C_FULL #6...[0m
[0;32mâœ“ Run 17/90 completed (0s)[0m
[1;33mâ†’ Run 18/90 - C_FULL #5...[0m
[0;32mâœ“ Run 18/90 completed (0s)[0m

[0;34m>>> Switching to Configuration: A_BASELINE[0m

[0;34m>>> Building Configuration: A_BASELINE[0m
[1;33mâ†’ make ARCH=amd64 TARGET=fastest ENABLE_HOTWORDS_CACHE=0 ENABLE_PIPELINING=0[0m
[0;32mâœ“ Build completed for A_BASELINE[0m
[0;32mâœ“ Binary ready: /home/rajames/CLionProjects/StarForth/build/amd64/fastest/starforth[0m
[1;33mâ†’ Run 19/90 - A_BASELINE #11...[0m
[0;32mâœ“ Run 19/90 completed (0s)[0m

[0;34m>>> Switching to Configuration: B_CACHE[0m

[0;34m>>> Building Configuration: B_CACHE[0m
[1;33mâ†’ make ARCH=amd64 TARGET=fastest ENABLE_HOTWORDS_CACHE=1 ENABLE_PIPELINING=0[0m
[0;32mâœ“ Build completed for B_CACHE[0m
[0;32mâœ“ Binary ready: /home/rajames/CLionProjects/StarForth/build/amd64/fastest/starforth[0m
[1;33mâ†’ Run 20/90 - B_CACHE #19...[0m
[0;32mâœ“ Run 20/90 completed (0s)[0m

[0;34m>>> Switching to Configuration: C_FULL[0m

[0;34m>>> Building Configuration: C_FULL[0m
[1;33mâ†’ make ARCH=amd64 TARGET=fastest ENABLE_HOTWORDS_CACHE=1 ENABLE_PIPELINING=1[0m
[0;32mâœ“ Build completed for C_FULL[0m
[0;32mâœ“ Binary ready: /home/rajames/CLionProjects/StarForth/build/amd64/fastest/starforth[0m
[1;33mâ†’ Run 21/90 - C_FULL #15...[0m
[0;32mâœ“ Run 21/90 completed (0s)[0m

[0;34m>>> Switching to Configuration: A_BASELINE[0m

[0;34m>>> Building Configuration: A_BASELINE[0m
[1;33mâ†’ make ARCH=amd64 TARGET=fastest ENABLE_HOTWORDS_CACHE=0 ENABLE_PIPELINING=0[0m
[0;32mâœ“ Build completed for A_BASELINE[0m
[0;32mâœ“ Binary ready: /home/rajames/CLionProjects/StarForth/build/amd64/fastest/starforth[0m
[1;33mâ†’ Run 22/90 - A_BASELINE #26...[0m
[0;32mâœ“ Run 22/90 completed (0s)[0m

[0;34m>>> Switching to Configuration: B_CACHE[0m

[0;34m>>> Building Configuration: B_CACHE[0m
[1;33mâ†’ make ARCH=amd64 TARGET=fastest ENABLE_HOTWORDS_CACHE=1 ENABLE_PIPELINING=0[0m
[0;32mâœ“ Build completed for B_CACHE[0m
[0;32mâœ“ Binary ready: /home/rajames/CLionProjects/StarForth/build/amd64/fastest/starforth[0m
[1;33mâ†’ Run 23/90 - B_CACHE #30...[0m
[0;32mâœ“ Run 23/90 completed (0s)[0m

[0;34m>>> Switching to Configuration: C_FULL[0m

[0;34m>>> Building Configuration: C_FULL[0m
[1;33mâ†’ make ARCH=amd64 TARGET=fastest ENABLE_HOTWORDS_CACHE=1 ENABLE_PIPELINING=1[0m
[0;32mâœ“ Build completed for C_FULL[0m
[0;32mâœ“ Binary ready: /home/rajames/CLionProjects/StarForth/build/amd64/fastest/starforth[0m
[1;33mâ†’ Run 24/90 - C_FULL #22...[0m
[0;32mâœ“ Run 24/90 completed (0s)[0m

[0;34m>>> Switching to Configuration: B_CACHE[0m

[0;34m>>> Building Configuration: B_CACHE[0m
[1;33mâ†’ make ARCH=amd64 TARGET=fastest ENABLE_HOTWORDS_CACHE=1 ENABLE_PIPELINING=0[0m
[0;32mâœ“ Build completed for B_CACHE[0m
[0;32mâœ“ Binary ready: /home/rajames/CLionProjects/StarForth/build/amd64/fastest/starforth[0m
[1;33mâ†’ Run 25/90 - B_CACHE #1...[0m
[0;32mâœ“ Run 25/90 completed (0s)[0m
[1;33mâ†’ Run 26/90 - B_CACHE #28...[0m
[0;32mâœ“ Run 26/90 completed (0s)[0m

[0;34m>>> Switching to Configuration: C_FULL[0m

[0;34m>>> Building Configuration: C_FULL[0m
[1;33mâ†’ make ARCH=amd64 TARGET=fastest ENABLE_HOTWORDS_CACHE=1 ENABLE_PIPELINING=1[0m
[0;32mâœ“ Build completed for C_FULL[0m
[0;32mâœ“ Binary ready: /home/rajames/CLionProjects/StarForth/build/amd64/fastest/starforth[0m
[1;33mâ†’ Run 27/90 - C_FULL #17...[0m
[0;32mâœ“ Run 27/90 completed (0s)[0m
[1;33mâ†’ Run 28/90 - C_FULL #16...[0m
[0;32mâœ“ Run 28/90 completed (0s)[0m

[0;34m>>> Switching to Configuration: B_CACHE[0m

[0;34m>>> Building Configuration: B_CACHE[0m
[1;33mâ†’ make ARCH=amd64 TARGET=fastest ENABLE_HOTWORDS_CACHE=1 ENABLE_PIPELINING=0[0m
[0;32mâœ“ Build completed for B_CACHE[0m
[0;32mâœ“ Binary ready: /home/rajames/CLionProjects/StarForth/build/amd64/fastest/starforth[0m
[1;33mâ†’ Run 29/90 - B_CACHE #13...[0m
[0;32mâœ“ Run 29/90 completed (0s)[0m

[0;34m>>> Switching to Configuration: C_FULL[0m

[0;34m>>> Building Configuration: C_FULL[0m
[1;33mâ†’ make ARCH=amd64 TARGET=fastest ENABLE_HOTWORDS_CACHE=1 ENABLE_PIPELINING=1[0m
[0;32mâœ“ Build completed for C_FULL[0m
[0;32mâœ“ Binary ready: /home/rajames/CLionProjects/StarForth/build/amd64/fastest/starforth[0m
[1;33mâ†’ Run 30/90 - C_FULL #9...[0m
[0;32mâœ“ Run 30/90 completed (0s)[0m

[0;34m>>> Switching to Configuration: B_CACHE[0m

[0;34m>>> Building Configuration: B_CACHE[0m
[1;33mâ†’ make ARCH=amd64 TARGET=fastest ENABLE_HOTWORDS_CACHE=1 ENABLE_PIPELINING=0[0m
[0;32mâœ“ Build completed for B_CACHE[0m
[0;32mâœ“ Binary ready: /home/rajames/CLionProjects/StarForth/build/amd64/fastest/starforth[0m
[1;33mâ†’ Run 31/90 - B_CACHE #15...[0m
[0;32mâœ“ Run 31/90 completed (0s)[0m

[0;34m>>> Switching to Configuration: A_BASELINE[0m

[0;34m>>> Building Configuration: A_BASELINE[0m
[1;33mâ†’ make ARCH=amd64 TARGET=fastest ENABLE_HOTWORDS_CACHE=0 ENABLE_PIPELINING=0[0m
[0;32mâœ“ Build completed for A_BASELINE[0m
[0;32mâœ“ Binary ready: /home/rajames/CLionProjects/StarForth/build/amd64/fastest/starforth[0m
[1;33mâ†’ Run 32/90 - A_BASELINE #21...[0m
[0;32mâœ“ Run 32/90 completed (0s)[0m

[0;34m>>> Switching to Configuration: C_FULL[0m

[0;34m>>> Building Configuration: C_FULL[0m
[1;33mâ†’ make ARCH=amd64 TARGET=fastest ENABLE_HOTWORDS_CACHE=1 ENABLE_PIPELINING=1[0m
[0;32mâœ“ Build completed for C_FULL[0m
[0;32mâœ“ Binary ready: /home/rajames/CLionProjects/StarForth/build/amd64/fastest/starforth[0m
[1;33mâ†’ Run 33/90 - C_FULL #11...[0m
[0;32mâœ“ Run 33/90 completed (0s)[0m

[0;34m>>> Switching to Configuration: A_BASELINE[0m

[0;34m>>> Building Configuration: A_BASELINE[0m
[1;33mâ†’ make ARCH=amd64 TARGET=fastest ENABLE_HOTWORDS_CACHE=0 ENABLE_PIPELINING=0[0m
[0;32mâœ“ Build completed for A_BASELINE[0m
[0;32mâœ“ Binary ready: /home/rajames/CLionProjects/StarForth/build/amd64/fastest/starforth[0m
[1;33mâ†’ Run 34/90 - A_BASELINE #17...[0m
[0;32mâœ“ Run 34/90 completed (0s)[0m

[0;34m>>> Switching to Configuration: B_CACHE[0m

[0;34m>>> Building Configuration: B_CACHE[0m
[1;33mâ†’ make ARCH=amd64 TARGET=fastest ENABLE_HOTWORDS_CACHE=1 ENABLE_PIPELINING=0[0m
[0;32mâœ“ Build completed for B_CACHE[0m
[0;32mâœ“ Binary ready: /home/rajames/CLionProjects/StarForth/build/amd64/fastest/starforth[0m
[1;33mâ†’ Run 35/90 - B_CACHE #23...[0m
[0;32mâœ“ Run 35/90 completed (0s)[0m

[0;34m>>> Switching to Configuration: A_BASELINE[0m

[0;34m>>> Building Configuration: A_BASELINE[0m
[1;33mâ†’ make ARCH=amd64 TARGET=fastest ENABLE_HOTWORDS_CACHE=0 ENABLE_PIPELINING=0[0m
[0;32mâœ“ Build completed for A_BASELINE[0m
[0;32mâœ“ Binary ready: /home/rajames/CLionProjects/StarForth/build/amd64/fastest/starforth[0m
[1;33mâ†’ Run 36/90 - A_BASELINE #1...[0m
[0;32mâœ“ Run 36/90 completed (0s)[0m

[0;34m>>> Switching to Configuration: C_FULL[0m

[0;34m>>> Building Configuration: C_FULL[0m
[1;33mâ†’ make ARCH=amd64 TARGET=fastest ENABLE_HOTWORDS_CACHE=1 ENABLE_PIPELINING=1[0m
[0;32mâœ“ Build completed for C_FULL[0m
[0;32mâœ“ Binary ready: /home/rajames/CLionProjects/StarForth/build/amd64/fastest/starforth[0m
[1;33mâ†’ Run 37/90 - C_FULL #4...[0m
[0;32mâœ“ Run 37/90 completed (0s)[0m

[0;34m>>> Switching to Configuration: B_CACHE[0m

[0;34m>>> Building Configuration: B_CACHE[0m
[1;33mâ†’ make ARCH=amd64 TARGET=fastest ENABLE_HOTWORDS_CACHE=1 ENABLE_PIPELINING=0[0m
[0;32mâœ“ Build completed for B_CACHE[0m
[0;32mâœ“ Binary ready: /home/rajames/CLionProjects/StarForth/build/amd64/fastest/starforth[0m
[1;33mâ†’ Run 38/90 - B_CACHE #7...[0m
[0;32mâœ“ Run 38/90 completed (0s)[0m
[1;33mâ†’ Run 39/90 - B_CACHE #17...[0m
[0;32mâœ“ Run 39/90 completed (0s)[0m

[0;34m>>> Switching to Configuration: A_BASELINE[0m

[0;34m>>> Building Configuration: A_BASELINE[0m
[1;33mâ†’ make ARCH=amd64 TARGET=fastest ENABLE_HOTWORDS_CACHE=0 ENABLE_PIPELINING=0[0m
[0;32mâœ“ Build completed for A_BASELINE[0m
[0;32mâœ“ Binary ready: /home/rajames/CLionProjects/StarForth/build/amd64/fastest/starforth[0m
[1;33mâ†’ Run 40/90 - A_BASELINE #29...[0m
[0;32mâœ“ Run 40/90 completed (0s)[0m
[1;33mâ†’ Run 41/90 - A_BASELINE #24...[0m
[0;32mâœ“ Run 41/90 completed (0s)[0m
[1;33mâ†’ Run 42/90 - A_BASELINE #6...[0m
[0;32mâœ“ Run 42/90 completed (0s)[0m

[0;34m>>> Switching to Configuration: B_CACHE[0m

[0;34m>>> Building Configuration: B_CACHE[0m
[1;33mâ†’ make ARCH=amd64 TARGET=fastest ENABLE_HOTWORDS_CACHE=1 ENABLE_PIPELINING=0[0m
[0;32mâœ“ Build completed for B_CACHE[0m
[0;32mâœ“ Binary ready: /home/rajames/CLionProjects/StarForth/build/amd64/fastest/starforth[0m
[1;33mâ†’ Run 43/90 - B_CACHE #16...[0m
[0;32mâœ“ Run 43/90 completed (0s)[0m
[1;33mâ†’ Run 44/90 - B_CACHE #26...[0m
[0;32mâœ“ Run 44/90 completed (0s)[0m
[1;33mâ†’ Run 45/90 - B_CACHE #18...[0m
[0;32mâœ“ Run 45/90 completed (0s)[0m

[0;34m>>> Switching to Configuration: A_BASELINE[0m

[0;34m>>> Building Configuration: A_BASELINE[0m
[1;33mâ†’ make ARCH=amd64 TARGET=fastest ENABLE_HOTWORDS_CACHE=0 ENABLE_PIPELINING=0[0m
[0;32mâœ“ Build completed for A_BASELINE[0m
[0;32mâœ“ Binary ready: /home/rajames/CLionProjects/StarForth/build/amd64/fastest/starforth[0m
[1;33mâ†’ Run 46/90 - A_BASELINE #22...[0m
[0;32mâœ“ Run 46/90 completed (0s)[0m

[0;34m>>> Switching to Configuration: C_FULL[0m

[0;34m>>> Building Configuration: C_FULL[0m
[1;33mâ†’ make ARCH=amd64 TARGET=fastest ENABLE_HOTWORDS_CACHE=1 ENABLE_PIPELINING=1[0m
[0;32mâœ“ Build completed for C_FULL[0m
[0;32mâœ“ Binary ready: /home/rajames/CLionProjects/StarForth/build/amd64/fastest/starforth[0m
[1;33mâ†’ Run 47/90 - C_FULL #10...[0m
[0;32mâœ“ Run 47/90 completed (0s)[0m

[0;34m>>> Switching to Configuration: A_BASELINE[0m

[0;34m>>> Building Configuration: A_BASELINE[0m
[1;33mâ†’ make ARCH=amd64 TARGET=fastest ENABLE_HOTWORDS_CACHE=0 ENABLE_PIPELINING=0[0m
[0;32mâœ“ Build completed for A_BASELINE[0m
[0;32mâœ“ Binary ready: /home/rajames/CLionProjects/StarForth/build/amd64/fastest/starforth[0m
[1;33mâ†’ Run 48/90 - A_BASELINE #15...[0m
[0;32mâœ“ Run 48/90 completed (0s)[0m
[1;33mâ†’ Run 49/90 - A_BASELINE #3...[0m
[0;32mâœ“ Run 49/90 completed (1s)[0m
[1;33mâ†’ Run 50/90 - A_BASELINE #30...[0m
[0;32mâœ“ Run 50/90 completed (0s)[0m
[1;33mâ†’ Run 51/90 - A_BASELINE #16...[0m
[0;32mâœ“ Run 51/90 completed (0s)[0m

[0;34m>>> Switching to Configuration: B_CACHE[0m

[0;34m>>> Building Configuration: B_CACHE[0m
[1;33mâ†’ make ARCH=amd64 TARGET=fastest ENABLE_HOTWORDS_CACHE=1 ENABLE_PIPELINING=0[0m
[0;32mâœ“ Build completed for B_CACHE[0m
[0;32mâœ“ Binary ready: /home/rajames/CLionProjects/StarForth/build/amd64/fastest/starforth[0m
[1;33mâ†’ Run 52/90 - B_CACHE #5...[0m
[0;32mâœ“ Run 52/90 completed (0s)[0m
[1;33mâ†’ Run 53/90 - B_CACHE #6...[0m
[0;32mâœ“ Run 53/90 completed (0s)[0m

[0;34m>>> Switching to Configuration: C_FULL[0m

[0;34m>>> Building Configuration: C_FULL[0m
[1;33mâ†’ make ARCH=amd64 TARGET=fastest ENABLE_HOTWORDS_CACHE=1 ENABLE_PIPELINING=1[0m
[0;32mâœ“ Build completed for C_FULL[0m
[0;32mâœ“ Binary ready: /home/rajames/CLionProjects/StarForth/build/amd64/fastest/starforth[0m
[1;33mâ†’ Run 54/90 - C_FULL #26...[0m
[0;32mâœ“ Run 54/90 completed (0s)[0m

[0;34m>>> Switching to Configuration: A_BASELINE[0m

[0;34m>>> Building Configuration: A_BASELINE[0m
[1;33mâ†’ make ARCH=amd64 TARGET=fastest ENABLE_HOTWORDS_CACHE=0 ENABLE_PIPELINING=0[0m
[0;32mâœ“ Build completed for A_BASELINE[0m
[0;32mâœ“ Binary ready: /home/rajames/CLionProjects/StarForth/build/amd64/fastest/starforth[0m
[1;33mâ†’ Run 55/90 - A_BASELINE #8...[0m
[0;32mâœ“ Run 55/90 completed (0s)[0m
[1;33mâ†’ Run 56/90 - A_BASELINE #5...[0m
[0;32mâœ“ Run 56/90 completed (0s)[0m
[1;33mâ†’ Run 57/90 - A_BASELINE #27...[0m
[0;32mâœ“ Run 57/90 completed (0s)[0m
[1;33mâ†’ Run 58/90 - A_BASELINE #14...[0m
[0;32mâœ“ Run 58/90 completed (0s)[0m

[0;34m>>> Switching to Configuration: B_CACHE[0m

[0;34m>>> Building Configuration: B_CACHE[0m
[1;33mâ†’ make ARCH=amd64 TARGET=fastest ENABLE_HOTWORDS_CACHE=1 ENABLE_PIPELINING=0[0m
[0;32mâœ“ Build completed for B_CACHE[0m
[0;32mâœ“ Binary ready: /home/rajames/CLionProjects/StarForth/build/amd64/fastest/starforth[0m
[1;33mâ†’ Run 59/90 - B_CACHE #11...[0m
[0;32mâœ“ Run 59/90 completed (0s)[0m

[0;34m>>> Switching to Configuration: C_FULL[0m

[0;34m>>> Building Configuration: C_FULL[0m
[1;33mâ†’ make ARCH=amd64 TARGET=fastest ENABLE_HOTWORDS_CACHE=1 ENABLE_PIPELINING=1[0m
[0;32mâœ“ Build completed for C_FULL[0m
[0;32mâœ“ Binary ready: /home/rajames/CLionProjects/StarForth/build/amd64/fastest/starforth[0m
[1;33mâ†’ Run 60/90 - C_FULL #19...[0m
[0;32mâœ“ Run 60/90 completed (0s)[0m

[0;34m>>> Switching to Configuration: A_BASELINE[0m

[0;34m>>> Building Configuration: A_BASELINE[0m
[1;33mâ†’ make ARCH=amd64 TARGET=fastest ENABLE_HOTWORDS_CACHE=0 ENABLE_PIPELINING=0[0m
[0;32mâœ“ Build completed for A_BASELINE[0m
[0;32mâœ“ Binary ready: /home/rajames/CLionProjects/StarForth/build/amd64/fastest/starforth[0m
[1;33mâ†’ Run 61/90 - A_BASELINE #12...[0m
[0;32mâœ“ Run 61/90 completed (1s)[0m

[0;34m>>> Switching to Configuration: C_FULL[0m

[0;34m>>> Building Configuration: C_FULL[0m
[1;33mâ†’ make ARCH=amd64 TARGET=fastest ENABLE_HOTWORDS_CACHE=1 ENABLE_PIPELINING=1[0m
[0;32mâœ“ Build completed for C_FULL[0m
[0;32mâœ“ Binary ready: /home/rajames/CLionProjects/StarForth/build/amd64/fastest/starforth[0m
[1;33mâ†’ Run 62/90 - C_FULL #8...[0m
[0;32mâœ“ Run 62/90 completed (0s)[0m
[1;33mâ†’ Run 63/90 - C_FULL #1...[0m
[0;32mâœ“ Run 63/90 completed (0s)[0m

[0;34m>>> Switching to Configuration: B_CACHE[0m

[0;34m>>> Building Configuration: B_CACHE[0m
[1;33mâ†’ make ARCH=amd64 TARGET=fastest ENABLE_HOTWORDS_CACHE=1 ENABLE_PIPELINING=0[0m
[0;32mâœ“ Build completed for B_CACHE[0m
[0;32mâœ“ Binary ready: /home/rajames/CLionProjects/StarForth/build/amd64/fastest/starforth[0m
[1;33mâ†’ Run 64/90 - B_CACHE #25...[0m
[0;32mâœ“ Run 64/90 completed (0s)[0m
[1;33mâ†’ Run 65/90 - B_CACHE #4...[0m
[0;32mâœ“ Run 65/90 completed (0s)[0m
[1;33mâ†’ Run 66/90 - B_CACHE #2...[0m
[0;32mâœ“ Run 66/90 completed (0s)[0m

[0;34m>>> Switching to Configuration: A_BASELINE[0m

[0;34m>>> Building Configuration: A_BASELINE[0m
[1;33mâ†’ make ARCH=amd64 TARGET=fastest ENABLE_HOTWORDS_CACHE=0 ENABLE_PIPELINING=0[0m
[0;32mâœ“ Build completed for A_BASELINE[0m
[0;32mâœ“ Binary ready: /home/rajames/CLionProjects/StarForth/build/amd64/fastest/starforth[0m
[1;33mâ†’ Run 67/90 - A_BASELINE #20...[0m
[0;32mâœ“ Run 67/90 completed (0s)[0m

[0;34m>>> Switching to Configuration: C_FULL[0m

[0;34m>>> Building Configuration: C_FULL[0m
[1;33mâ†’ make ARCH=amd64 TARGET=fastest ENABLE_HOTWORDS_CACHE=1 ENABLE_PIPELINING=1[0m
[0;32mâœ“ Build completed for C_FULL[0m
[0;32mâœ“ Binary ready: /home/rajames/CLionProjects/StarForth/build/amd64/fastest/starforth[0m
[1;33mâ†’ Run 68/90 - C_FULL #2...[0m
[0;32mâœ“ Run 68/90 completed (0s)[0m
[1;33mâ†’ Run 69/90 - C_FULL #28...[0m
[0;32mâœ“ Run 69/90 completed (0s)[0m

[0;34m>>> Switching to Configuration: B_CACHE[0m

[0;34m>>> Building Configuration: B_CACHE[0m
[1;33mâ†’ make ARCH=amd64 TARGET=fastest ENABLE_HOTWORDS_CACHE=1 ENABLE_PIPELINING=0[0m
[0;32mâœ“ Build completed for B_CACHE[0m
[0;32mâœ“ Binary ready: /home/rajames/CLionProjects/StarForth/build/amd64/fastest/starforth[0m
[1;33mâ†’ Run 70/90 - B_CACHE #12...[0m
[0;32mâœ“ Run 70/90 completed (0s)[0m
[1;33mâ†’ Run 71/90 - B_CACHE #10...[0m
[0;32mâœ“ Run 71/90 completed (1s)[0m

[0;34m>>> Switching to Configuration: C_FULL[0m

[0;34m>>> Building Configuration: C_FULL[0m
[1;33mâ†’ make ARCH=amd64 TARGET=fastest ENABLE_HOTWORDS_CACHE=1 ENABLE_PIPELINING=1[0m
[0;32mâœ“ Build completed for C_FULL[0m
[0;32mâœ“ Binary ready: /home/rajames/CLionProjects/StarForth/build/amd64/fastest/starforth[0m
[1;33mâ†’ Run 72/90 - C_FULL #18...[0m
[0;32mâœ“ Run 72/90 completed (0s)[0m
[1;33mâ†’ Run 73/90 - C_FULL #29...[0m
[0;32mâœ“ Run 73/90 completed (0s)[0m
[1;33mâ†’ Run 74/90 - C_FULL #27...[0m
[0;32mâœ“ Run 74/90 completed (0s)[0m

[0;34m>>> Switching to Configuration: B_CACHE[0m

[0;34m>>> Building Configuration: B_CACHE[0m
[1;33mâ†’ make ARCH=amd64 TARGET=fastest ENABLE_HOTWORDS_CACHE=1 ENABLE_PIPELINING=0[0m
[0;32mâœ“ Build completed for B_CACHE[0m
[0;32mâœ“ Binary ready: /home/rajames/CLionProjects/StarForth/build/amd64/fastest/starforth[0m
[1;33mâ†’ Run 75/90 - B_CACHE #24...[0m
[0;32mâœ“ Run 75/90 completed (0s)[0m

[0;34m>>> Switching to Configuration: A_BASELINE[0m

[0;34m>>> Building Configuration: A_BASELINE[0m
[1;33mâ†’ make ARCH=amd64 TARGET=fastest ENABLE_HOTWORDS_CACHE=0 ENABLE_PIPELINING=0[0m
[0;32mâœ“ Build completed for A_BASELINE[0m
[0;32mâœ“ Binary ready: /home/rajames/CLionProjects/StarForth/build/amd64/fastest/starforth[0m
[1;33mâ†’ Run 76/90 - A_BASELINE #7...[0m
[0;32mâœ“ Run 76/90 completed (0s)[0m

[0;34m>>> Switching to Configuration: C_FULL[0m

[0;34m>>> Building Configuration: C_FULL[0m
[1;33mâ†’ make ARCH=amd64 TARGET=fastest ENABLE_HOTWORDS_CACHE=1 ENABLE_PIPELINING=1[0m
[0;32mâœ“ Build completed for C_FULL[0m
[0;32mâœ“ Binary ready: /home/rajames/CLionProjects/StarForth/build/amd64/fastest/starforth[0m
[1;33mâ†’ Run 77/90 - C_FULL #3...[0m
[0;32mâœ“ Run 77/90 completed (0s)[0m
[1;33mâ†’ Run 78/90 - C_FULL #7...[0m
[0;32mâœ“ Run 78/90 completed (0s)[0m

[0;34m>>> Switching to Configuration: A_BASELINE[0m

[0;34m>>> Building Configuration: A_BASELINE[0m
[1;33mâ†’ make ARCH=amd64 TARGET=fastest ENABLE_HOTWORDS_CACHE=0 ENABLE_PIPELINING=0[0m
[0;32mâœ“ Build completed for A_BASELINE[0m
[0;32mâœ“ Binary ready: /home/rajames/CLionProjects/StarForth/build/amd64/fastest/starforth[0m
[1;33mâ†’ Run 79/90 - A_BASELINE #18...[0m
[0;32mâœ“ Run 79/90 completed (0s)[0m

[0;34m>>> Switching to Configuration: C_FULL[0m

[0;34m>>> Building Configuration: C_FULL[0m
[1;33mâ†’ make ARCH=amd64 TARGET=fastest ENABLE_HOTWORDS_CACHE=1 ENABLE_PIPELINING=1[0m
[0;32mâœ“ Build completed for C_FULL[0m
[0;32mâœ“ Binary ready: /home/rajames/CLionProjects/StarForth/build/amd64/fastest/starforth[0m
[1;33mâ†’ Run 80/90 - C_FULL #24...[0m
[0;32mâœ“ Run 80/90 completed (0s)[0m

[0;34m>>> Switching to Configuration: B_CACHE[0m

[0;34m>>> Building Configuration: B_CACHE[0m
[1;33mâ†’ make ARCH=amd64 TARGET=fastest ENABLE_HOTWORDS_CACHE=1 ENABLE_PIPELINING=0[0m
[0;32mâœ“ Build completed for B_CACHE[0m
[0;32mâœ“ Binary ready: /home/rajames/CLionProjects/StarForth/build/amd64/fastest/starforth[0m
[1;33mâ†’ Run 81/90 - B_CACHE #8...[0m
[0;32mâœ“ Run 81/90 completed (1s)[0m

[0;34m>>> Switching to Configuration: C_FULL[0m

[0;34m>>> Building Configuration: C_FULL[0m
[1;33mâ†’ make ARCH=amd64 TARGET=fastest ENABLE_HOTWORDS_CACHE=1 ENABLE_PIPELINING=1[0m
[0;32mâœ“ Build completed for C_FULL[0m
[0;32mâœ“ Binary ready: /home/rajames/CLionProjects/StarForth/build/amd64/fastest/starforth[0m
[1;33mâ†’ Run 82/90 - C_FULL #25...[0m
[0;32mâœ“ Run 82/90 completed (0s)[0m
[1;33mâ†’ Run 83/90 - C_FULL #30...[0m
[0;32mâœ“ Run 83/90 completed (0s)[0m

[0;34m>>> Switching to Configuration: B_CACHE[0m

[0;34m>>> Building Configuration: B_CACHE[0m
[1;33mâ†’ make ARCH=amd64 TARGET=fastest ENABLE_HOTWORDS_CACHE=1 ENABLE_PIPELINING=0[0m
[0;32mâœ“ Build completed for B_CACHE[0m
[0;32mâœ“ Binary ready: /home/rajames/CLionProjects/StarForth/build/amd64/fastest/starforth[0m
[1;33mâ†’ Run 84/90 - B_CACHE #20...[0m
[0;32mâœ“ Run 84/90 completed (0s)[0m

[0;34m>>> Switching to Configuration: C_FULL[0m

[0;34m>>> Building Configuration: C_FULL[0m
[1;33mâ†’ make ARCH=amd64 TARGET=fastest ENABLE_HOTWORDS_CACHE=1 ENABLE_PIPELINING=1[0m
[0;32mâœ“ Build completed for C_FULL[0m
[0;32mâœ“ Binary ready: /home/rajames/CLionProjects/StarForth/build/amd64/fastest/starforth[0m
[1;33mâ†’ Run 85/90 - C_FULL #12...[0m
[0;32mâœ“ Run 85/90 completed (0s)[0m
[1;33mâ†’ Run 86/90 - C_FULL #14...[0m
[0;32mâœ“ Run 86/90 completed (0s)[0m
[1;33mâ†’ Run 87/90 - C_FULL #23...[0m
[0;32mâœ“ Run 87/90 completed (0s)[0m

[0;34m>>> Switching to Configuration: A_BASELINE[0m

[0;34m>>> Building Configuration: A_BASELINE[0m
[1;33mâ†’ make ARCH=amd64 TARGET=fastest ENABLE_HOTWORDS_CACHE=0 ENABLE_PIPELINING=0[0m
[0;32mâœ“ Build completed for A_BASELINE[0m
[0;32mâœ“ Binary ready: /home/rajames/CLionProjects/StarForth/build/amd64/fastest/starforth[0m
[1;33mâ†’ Run 88/90 - A_BASELINE #13...[0m
[0;32mâœ“ Run 88/90 completed (0s)[0m
[1;33mâ†’ Run 89/90 - A_BASELINE #28...[0m
[0;32mâœ“ Run 89/90 completed (0s)[0m

[0;34m>>> Switching to Configuration: B_CACHE[0m

[0;34m>>> Building Configuration: B_CACHE[0m
[1;33mâ†’ make ARCH=amd64 TARGET=fastest ENABLE_HOTWORDS_CACHE=1 ENABLE_PIPELINING=0[0m
[0;32mâœ“ Build completed for B_CACHE[0m
[0;32mâœ“ Binary ready: /home/rajames/CLionProjects/StarForth/build/amd64/fastest/starforth[0m
[1;33mâ†’ Run 90/90 - B_CACHE #3...[0m
[0;32mâœ“ Run 90/90 completed (0s)[0m
[0;32mâœ“ All 90 randomized runs completed successfully![0m
[0;34mâ•â•â•â•â•â•â•â•â•â•â•â•â•â•â•â•â•â•â•â•â•â•â•â•â•â•â•â•â•â•â•â•â•â•â•â•â•â•â•â•â•â•â•â•â•â•â•â•â•â•â•â•â•â•â•â•â•â•â•[0m
[0;34mEXPERIMENT COMPLETE[0m
[0;34mâ•â•â•â•â•â•â•â•â•â•â•â•â•â•â•â•â•â•â•â•â•â•â•â•â•â•â•â•â•â•â•â•â•â•â•â•â•â•â•â•â•â•â•â•â•â•â•â•â•â•â•â•â•â•â•â•â•â•â•[0m
[0;32mâœ“ All 90 experiments completed successfully![0m
[0;32mâœ“ Results saved to: physics_experiment/experiment_results.csv[0m
[0;32mâœ“ Total runtime: 7 minutes[0m
[0;32mâœ“ Run logs: physics_experiment/run_logs/[0m
[1;33mâ†’ CSV Results Preview (first 5 data rows):[0m
  timestamp,configuration,run_number,total_lookups,cache_hits,cache_hit_percent,bucket_hits,bucket_hit_percent,misses,miss_percent,cache_hit_latency_ns,cache_hit_stddev_ns,cache_hit_min_ns,cache_hit_max_ns,bucket_search_latency_ns,bucket_search_stddev_ns,bucket_search_min_ns,bucket_search_max_ns,context_predictions_total,context_correct,context_accuracy_percent,window_diversity_percent,window_final_size_bytes,total_runtime_ms,memory_allocated_bytes,speedup_vs_baseline,ci_lower_95,ci_upper_95
  2025-11-06T22:16:56,A_BASELINE,9,0,0,0,0,0,Prefetch,Misses:,0,0,0,0,0,0,0,0,0,0,0,0,0,0,0,1.0,0,0
  2025-11-06T22:17:04,B_CACHE,29,100000,17389,17.39,82611,82.61,0,0.00,34.285
  34.285,0.000
  0.000,21.000
  21.000,78068.000

[1;33mâ†’ Next steps:[0m
[1;33mâ†’   1. Review results in: physics_experiment/experiment_results.csv[0m
[1;33mâ†’   2. View test matrix: cat physics_experiment/run_logs/test_matrix.txt[0m
[1;33mâ†’   3. Run analysis: python3 scripts/analyze_physics_experiment.py physics_experiment/experiment_results.csv[0m
[1;33mâ†’   4. Review per-run logs in: physics_experiment/run_logs/[0m
