[2J[01;01H[=3h[2J[01;01H[2J[01;01H[=3h[2J[01;01H[2J[01;01H[=3h[2J[01;01HBdsDxe: loading Boot0001 "UEFI QEMU DVD-ROM QM00005 " from PciRoot(0x0)/Pci(0x1F,0x2)/Sata(0x2,0xFFFF,0x0)
BdsDxe: starting Boot0001 "UEFI QEMU DVD-ROM QM00005 " from PciRoot(0x0)/Pci(0x1F,0x2)/Sata(0x2,0xFFFF,0x0)
[2J[01;01H[=3h[2J[01;01HStarKernel UEFI Loader
Loading kernel from ESP...
RAW SERIAL UP
Monolithic build - kernel linked directly
Collecting boot information...
EBS...
EBS OK
Calling kernel_main (monolithic)...


   _____ _             _  __                    _ 
  / ____| |           | |/ /                   | |
 | (___ | |_ __ _ _ __| ' / ___ _ __ _ __   ___| |
  \___ \| __/ _` | '__|  < / _ \ '__| '_ \ / _ \ |
  ____) | || (_| | |  | . \  __/ |  | | | |  __/ |
 |_____/ \__\__,_|_|  |_|\_\___|_|  |_| |_|\___|_|

StarKernel v0.2.0-lithosananke - FORTH Microkernel
!!!! X64 Exception Type - 0D(#GP - General Protection)  CPU Apic ID - 00000000 !!!!
ExceptionData - 0000000000000000
RIP  - 000000003D8F1981, CS  - 0000000000000038, RFLAGS - 0000000000000002
RAX  - 6E41736F6874694C, RCX - 0000000000000000, RDX - 00000000000003F8
RBX  - 0000000000000000, RSP - 000000003FE965C0, RBP - 000000003FE965C8
RSI  - 000000000000000A, RDI - 6E41736F6874694C
R8   - 000000003FE9665C, R9  - 000000003F5EC018, R10 - 000000003F6E1880
R11  - 00000000648182DA, R12 - 0000000000000000, R13 - 000000003E98C000
R14  - 0000000000000000, R15 - 000000003FEAF9E0
DS   - 0000000000000030, ES  - 0000000000000030, FS  - 0000000000000030
GS   - 0000000000000030, SS  - 0000000000000030
CR0  - 0000000080010033, CR2 - 6E41736F6874694C, CR3 - 000000003F801000
CR4  - 0000000000000668, CR8 - 0000000000000000
DR0  - 0000000000000000, DR1 - 0000000000000000, DR2 - 0000000000000000
DR3  - 0000000000000000, DR6 - 00000000FFFF0FF0, DR7 - 0000000000000400
GDTR - 000000003F5DC000 0000000000000047, LDTR - 0000000000000000
IDTR - 000000003F138018 0000000000000FFF,   TR - 0000000000000000
FXSAVE_STATE - 000000003FE96220
!!!! Find image based on IP(0x3D8F1981) (No PDB)  (ImageBase=000000003D8EF000, EntryPoint=000000003D8F0248) !!!!
