[2J[01;01H[=3h[2J[01;01H[2J[01;01H[=3h[2J[01;01H[2J[01;01H[=3h[2J[01;01HBdsDxe: loading Boot0001 "UEFI QEMU DVD-ROM QM00005 " from PciRoot(0x0)/Pci(0x1F,0x2)/Sata(0x2,0xFFFF,0x0)
BdsDxe: starting Boot0001 "UEFI QEMU DVD-ROM QM00005 " from PciRoot(0x0)/Pci(0x1F,0x2)/Sata(0x2,0xFFFF,0x0)
[2J[01;01H[=3h[2J[01;01HStarKernel UEFI Loader
Loading kernel from ESP...
RAW SERIAL UP
Monolithic build - kernel linked directly
Collecting boot information...
GOP: linear framebuffer found
EBS...
EBS OK
Calling kernel_main (monolithic)...


   _____ _             _  __                    _ 
  / ____| |           | |/ /                   | |
 | (___ | |_ __ _ _ __| ' / ___ _ __ _ __   ___| |
  \___ \| __/ _` | '__|  < / _ \ '__| '_ \ / _ \ |
  ____) | || (_| | |  | . \  __/ |  | | | |  __/ |
 |_____/ \__\__,_|_|  |_|\_\___|_|  |_| |_|\___|_|

LithosAnanke v1.0.8
Architecture: amd64
Build: Jun  5 2026 14:01:52

UEFI BootServices: EXITED

=== StarKernel Boot Information ===
Memory map entries: 132
Total memory: 1023 MB
Usable memory: 969 MB
===================================

PMM initialized.
PMM statistics:
  Total pages: 249679
  Free pages : 248152
  Used pages : 1527
  Total MB   : 975
  Free  MB   : 969
  Used  MB   : 5

VMM initialized (mapped RAM, CR3 switched)
VMM initialized (mapped RAM, CR3 switched)
VMM self-test: mapped OK at 0xffff800000000000
VMM self-test complete.

IDT installed.

APIC: init...
APIC: IA32_APIC_BASE MSR=0x00000000fee00900
APIC: initialized (xAPIC MMIO, TPR=0, SIVR=0x1FF, EOI-clear)
APIC: init done

Timer: init...
Timer: init start
Timer: VM mode detected (hypervisor present).
Timer: HPET calibration disabled (VM-exit MMIO would poison timing).
Timer: WARNING: invariant TSC not present under hypervisor.
Timer:          continuing in RELATIVE mode (no determinism guarantees).
Timer: RDTSCP not present; using RDTSC (less serialized).
Timer: CPUID frequency unavailable; trying PM Timer...
Timer: WARNING: could not derive TSC frequency; PM Timer will be used for RELATIVE ns.
Timer: trust=1 (0=NONE,1=REL,2=ABS), TSC=0 Hz
Timer: init done

Kernel heap initialized.
Heap statistics:
  Total bytes: 536870872
  Free  bytes: 536870872
  Used  bytes: 0
  Peak  bytes: 0

Heartbeat: init...
APIC Timer: calibrating...
APIC Timer: apic_hz=483816000, tick_hz=100, initial_count=4838160
APIC Timer: configured (masked, ready to start)
Heartbeat: init done
Kernel initialization complete.
Boot successful!

VM: bootstrap parity...
VM arena allocated: 0xffff900000000000
 (5 MB)
[32m
=== INTERRUPT/EXCEPTION ===
Vector : 13 (0x000000000000000d)
Error  : 0x0000000000000000
RIP    : 0x000000003d8cda4f
CR2    : 0x00aa000000000008
RSP    : 0x000000003fe8ed40
RBP    : 0x000000003fe8ed80
RET    : 0x000000003fe8ed50
Fault: General Protection (#GP)
Halting.
