[2J[01;01H[=3h[2J[01;01H[2J[01;01H[=3h[2J[01;01H[2J[01;01H[=3h[2J[01;01HBdsDxe: loading Boot0001 "UEFI QEMU DVD-ROM QM00005 " from PciRoot(0x0)/Pci(0x1F,0x2)/Sata(0x2,0xFFFF,0x0)
BdsDxe: starting Boot0001 "UEFI QEMU DVD-ROM QM00005 " from PciRoot(0x0)/Pci(0x1F,0x2)/Sata(0x2,0xFFFF,0x0)
[2J[01;01H[=3h[2J[01;01HStarKernel UEFI Loader
Loading kernel from ESP...
RAW SERIAL UP
Monolithic build - kernel linked directly
Collecting boot information...
GOP: linear framebuffer found
EBS...
EBS OK
Calling kernel_main (monolithic)...


   _____ _             _  __                    _ 
  / ____| |           | |/ /                   | |
 | (___ | |_ __ _ _ __| ' / ___ _ __ _ __   ___| |
  \___ \| __/ _` | '__|  < / _ \ '__| '_ \ / _ \ |
  ____) | || (_| | |  | . \  __/ |  | | | |  __/ |
 |_____/ \__\__,_|_|  |_|\_\___|_|  |_| |_|\___|_|

LithosAnanke v1.0.8
Architecture: amd64
Build: Jun 10 2026 12:04:57

UEFI BootServices: EXITED

=== StarKernel Boot Information ===
Memory map entries: 128
Total memory: 1023 MB
Usable memory: 969 MB
===================================

PMM initialized.
PMM statistics:
  Total pages: 249678
  Free pages : 248151
  Used pages : 1527
  Total MB   : 975
  Free  MB   : 969
  Used  MB   : 5

VMM initialized (mapped RAM, CR3 switched)
VMM initialized (mapped RAM, CR3 switched)
VMM self-test: mapped OK at 0xffff800000000000
VMM self-test complete.

IDT installed.

APIC: init...
APIC: IA32_APIC_BASE MSR=0x00000000fee00900
APIC: initialized (xAPIC MMIO, TPR=0, SIVR=0x1FF, EOI-clear)
APIC: init done

Timer: init...
Timer: init start
Timer: VM mode detected (hypervisor present).
Timer: HPET calibration disabled (VM-exit MMIO would poison timing).
Timer: WARNING: invariant TSC not present under hypervisor.
Timer:          continuing in RELATIVE mode (no determinism guarantees).
Timer: RDTSCP not present; using RDTSC (less serialized).
Timer: CPUID frequency unavailable; trying PM Timer...
Timer: WARNING: could not derive TSC frequency; PM Timer will be used for RELATIVE ns.
Timer: trust=1 (0=NONE,1=REL,2=ABS), TSC=0 Hz
Timer: init done

Kernel heap initialized.
Heap statistics:
  Total bytes: 536870872
  Free  bytes: 536870872
  Used  bytes: 0
  Peak  bytes: 0

Heartbeat: init...
APIC Timer: calibrating...
APIC Timer: apic_hz=366502500, tick_hz=100, initial_count=3665025
APIC Timer: configured (masked, ready to start)
Heartbeat: init done
Kernel initialization complete.
Boot successful!

VM: bootstrap parity...
VM arena allocated: 0xffff900000000000
 (5 MB)
[32m[HADES][INFO ] [0m[KRELTSC: 0] Registering FORTH-79 Standard word set...
[32m[HADES][INFO ] [0m[KRELTSC: 9908558] Registering FORTH-79 arithmetic words...
[32m[HADES][INFO ] [0m[KRELTSC: 47979574] FORTH-79 Standard word set registration complete
[Hera] POST: Running comprehensive test suite...
[Hera] [32m[HADES][INFO ] [0m[KRELTSC: 79542502] Starting comprehensive FORTH-79 modular test suite...
[Hera] [32m[HADES][INFO ] [0m[KRELTSC: 80019178] ==============================================
[Hera] [32m[HADES][INFO ] [0m[KRELTSC: 80848000] 
[Hera] === Testing Module: Stack Words ===
[Hera] [32m[HADES][INFO ] [0m[KRELTSC: 82260500] Running Stack Words Tests (Module 1: Foundation)...
[Hera] [35m[HADES][TEST ] [0m[KRELTSC: 82805128] ▶ Testing module: src/test_runner/modules/stack_words_test.c
[Hera] [35m[HADES][TEST ] [0m[KRELTSC: 83479150] Testing word: DUP
[Hera] [35m[HADES][TEST ] [0m[KRELTSC: 83780732] ------------------------
[Hera] [35m[HADES][TEST ] [0m[KRELTSC: 84894708]   Running DUP.basic: 5 DUP . . CR
[Hera] 5 5 
[Hera] [35m[HADES][TEST ] [0m[KRELTSC: 100388942]     Test passed
[Hera] [35m[HADES][TEST ] [0mTesting DUP ... [32mPASS[0m
[Hera] [35m[HADES][TEST ] [0m[KRELTSC: 101227504]     Expected: Should print: 5 5
[Hera] 5 5 
[Hera] 5 5 
[Hera] 5 5 
[Hera] 5 5 
[Hera] 5 5 
[Hera] [35m[HADES][TEST ] [0m[KRELTSC: 105647498]   Running DUP.zero: 0 DUP . . CR
[Hera] 0 0 
[Hera] [35m[HADES][TEST ] [0m[KRELTSC: 106455914]     Test passed
[Hera] [35m[HADES][TEST ] [0mTesting DUP ... [32mPASS[0m
[Hera] [35m[HADES][TEST ] [0m[KRELTSC: 106973646]     Expected: Should print: 0 0
[Hera] 0 0 
[Hera] 0 0 
[Hera] 0 0 
[Hera] 0 0 
[Hera] 0 0 
[Hera] [35m[HADES][TEST ] [0m[KRELTSC: 108938806]   Running DUP.negative: -42 DUP . . CR
[Hera] -42 -42 
[Hera] [35m[HADES][TEST ] [0m[KRELTSC: 109994092]     Test passed
[Hera] [35m[HADES][TEST ] [0mTesting DUP ... [32mPASS[0m
[Hera] [35m[HADES][TEST ] [0m[KRELTSC: 110484358]     Expected: Should print: -42 -42
[Hera] -42 -42 
[Hera] -42 -42 
[Hera] -42 -42 
[Hera] -42 -42 
[Hera] -42 -42 
[Hera] [35m[HADES][TEST ] [0m[KRELTSC: 112446908]   Running DUP.max_int: 2147483647 DUP . . CR
[Hera] 2147483647 2147483647 
[Hera] [35m[HADES][TEST ] [0m[KRELTSC: 113158836]     Test passed
[Hera] [35m[HADES][TEST ] [0mTesting DUP ... [32mPASS[0m
[Hera] [35m[HADES][TEST ] [0m[KRELTSC: 113642364]     Expected: Should duplicate max int
[Hera] 2147483647 2147483647 
[Hera] 2147483647 2147483647 
[Hera] 2147483647 2147483647 
[Hera] 2147483647 2147483647 
[Hera] 2147483647 2147483647 
[Hera] [35m[HADES][TEST ] [0m[KRELTSC: 116076674]   Running DUP.min_int: -2147483648 DUP . . CR
[Hera] -2147483648 -2147483648 
[Hera] [35m[HADES][TEST ] [0m[KRELTSC: 116737012]     Test passed
[Hera] [35m[HADES][TEST ] [0mTesting DUP ... [32mPASS[0m
[Hera] [35m[HADES][TEST ] [0m[KRELTSC: 117221074]     Expected: Should duplicate min int
[Hera] -2147483648 -2147483648 
[Hera] -2147483648 -2147483648 
[Hera] -2147483648 -2147483648 
[Hera] -2147483648 -2147483648 
[Hera] -2147483648 -2147483648 
[Hera] [35m[HADES][TEST ] [0m[KRELTSC: 119631712]   Running DUP.empty_stack: DUP
[Hera] [31m[HADES][ERROR] [0m[KRELTSC: 120113716] DUP: Stack underflow
[Hera] [35m[HADES][TEST ] [0m[KRELTSC: 120503426]     Expected error occurred
[Hera] [35m[HADES][TEST ] [0mTesting DUP ... [32mPASS[0m
[Hera] [35m[HADES][TEST ] [0m[KRELTSC: 121128988]     Expected: Should cause stack underflow
[Hera] [35m[HADES][TEST ] [0m[KRELTSC: 121837816]   DUP: 6 passed, 0 failed, 0 stubs, 0 errors
[Hera] [35m[HADES][TEST ] [0m[KRELTSC: 122712298] ▶ Testing module: src/test_runner/modules/stack_words_test.c
[Hera] [35m[HADES][TEST ] [0m[KRELTSC: 123140570] Testing word: DROP
[Hera] [35m[HADES][TEST ] [0m[KRELTSC: 123404876] ------------------------
[Hera] [35m[HADES][TEST ] [0m[KRELTSC: 123692530]   Running DROP.basic: 5 7 DROP . CR
[Hera] 5 
[Hera] [35m[HADES][TEST ] [0m[KRELTSC: 124451796]     Test passed
[Hera] [35m[HADES][TEST ] [0mTesting DROP ... [32mPASS[0m
[Hera] [35m[HADES][TEST ] [0m[KRELTSC: 124954390]     Expected: Should print: 5
[Hera] 5 
[Hera] 5 
[Hera] 5 
[Hera] 5 
[Hera] 5 
[Hera] [35m[HADES][TEST ] [0m[KRELTSC: 127119054]   Running DROP.zero: 42 0 DROP . CR
[Hera] 42 
[Hera] [35m[HADES][TEST ] [0m[KRELTSC: 127632116]     Test passed
[Hera] [35m[HADES][TEST ] [0mTesting DROP ... [32mPASS[0m
[Hera] [35m[HADES][TEST ] [0m[KRELTSC: 128131874]     Expected: Should drop zero, print 42
[Hera] 42 
[Hera] 42 
[Hera] 42 
[Hera] 42 
[Hera] 42 
[Hera] [35m[HADES][TEST ] [0m[KRELTSC: 130059900]   Running DROP.negative: 10 -5 DROP . CR
[Hera] 10 
[Hera] [35m[HADES][TEST ] [0m[KRELTSC: 130624564]     Test passed
[Hera] [35m[HADES][TEST ] [0mTesting DROP ... [32mPASS[0m
[Hera] [35m[HADES][TEST ] [0m[KRELTSC: 131111348]     Expected: Should drop negative, print 10
[Hera] 10 
[Hera] 10 
[Hera] 10 
[Hera] 10 
[Hera] 10 
[Hera] [35m[HADES][TEST ] [0m[KRELTSC: 133054364]   Running DROP.double_drop: 1 2 3 DROP DROP . CR
[Hera] 1 
[Hera] [35m[HADES][TEST ] [0m[KRELTSC: 133659778]     Test passed
[Hera] [35m[HADES][TEST ] [0mTesting DROP ... [32mPASS[0m
[Hera] [35m[HADES][TEST ] [0m[KRELTSC: 134144080]     Expected: Should print: 1
[Hera] 1 

[Hera] === INTERRUPT/EXCEPTION ===
[Hera] Vector : 13 (0x000000000000000d)
[Hera] Error  : 0x0000000000000000
[Hera] RIP    : 0x000000003d8dc5a3
[Hera] CR2    : 0x0000000000000000
[Hera] RSP    : 0x000000000197bba0
[Hera] RBP    : 0x000000000197bc58
[Hera] RET    : 0x000000000197bbb8
[Hera] Fault: General Protection (#GP)
[Hera] Halting.
