[2J[01;01H[=3h[2J[01;01H[2J[01;01H[=3h[2J[01;01H[2J[01;01H[=3h[2J[01;01HBdsDxe: loading Boot0001 "UEFI QEMU DVD-ROM QM00005 " from PciRoot(0x0)/Pci(0x1F,0x2)/Sata(0x2,0xFFFF,0x0)
BdsDxe: starting Boot0001 "UEFI QEMU DVD-ROM QM00005 " from PciRoot(0x0)/Pci(0x1F,0x2)/Sata(0x2,0xFFFF,0x0)
[2J[01;01H[=3h[2J[01;01HStarKernel UEFI Loader
Loading kernel from ESP...
RAW SERIAL UP
Monolithic build - kernel linked directly
Collecting boot information...
EBS...
EBS OK
Calling kernel_main (monolithic)...


   _____ _             _  __                    _ 
  / ____| |           | |/ /                   | |
 | (___ | |_ __ _ _ __| ' / ___ _ __ _ __   ___| |
  \___ \| __/ _` | '__|  < / _ \ '__| '_ \ / _ \ |
  ____) | || (_| | |  | . \  __/ |  | | | |  __/ |
 |_____/ \__\__,_|_|  |_|\_\___|_|  |_| |_|\___|_|

StarKernel v0.2.0-lithosananke - FORTH Microkernel
Architecture: amd64
Build: May 16 2026 12:15:15

UEFI BootServices: EXITED

=== StarKernel Boot Information ===
Memory map entries: 132
Total memory: 1023 MB
Usable memory: 971 MB
===================================

PMM initialized.
PMM statistics:
  Total pages: 249954
  Free pages : 248427
  Used pages : 1527
  Total MB   : 976
  Free  MB   : 970
  Used  MB   : 5

VMM initialized (mapped RAM, CR3 switched)
VMM initialized (mapped RAM, CR3 switched)
VMM self-test: mapped OK at 0xffff800000000000
VMM self-test complete.

IDT installed.
IDT installed.

APIC: init...
APIC enabled (SIVR=0xFF).
APIC: init done

Timer: init...
Timer: init start
Timer: VM mode detected (hypervisor present).
Timer: HPET calibration disabled (VM-exit MMIO would poison timing).
Timer: WARNING: invariant TSC not present under hypervisor.
Timer:          continuing in RELATIVE mode (no determinism guarantees).
Timer: RDTSCP not present; using RDTSC (less serialized).
Timer: CPUID frequency unavailable; trying PM Timer...
Timer: WARNING: could not derive TSC frequency; PM Timer will be used for RELATIVE ns.
Timer: trust=1 (0=NONE,1=REL,2=ABS), TSC=0 Hz
Timer: init done

Kernel heap initialized.
Heap statistics:
  Total bytes: 16777176
  Free  bytes: 16777176
  Used  bytes: 0
  Peak  bytes: 0

Heartbeat: init...
APIC Timer: calibrating...
APIC Timer: apic_hz=481677200, tick_hz=100, initial_count=4816772
APIC Timer: configured (masked, ready to start)
Heartbeat: init done
Kernel initialization complete.
Boot successful!

VM: bootstrap parity...
[HAL][host] VMHostServices table:
    alloc = 0x000000003d9f143c
    free = 0x000000003d9f15a0
    monotonic_ns = 0x000000003d9f15d6
    mutex_init = 0x000000003d9f1643
    mutex_lock = 0x000000003d9f165a
    mutex_unlock = 0x000000003d9f1671
    mutex_destroy = 0x000000003d9f1688
    puts = 0x000000003d9f169b
    putc = 0x000000003d9f16eb
    is_executable_ptr = 0x000000003d9f17f2
    owns_xt_entry = 0x000000003d9f170c
    panic = 0x000000003d9f1810
[HAL][init] __text_start=0x000000003d9ef000 __text_end=0x000000003da28d10
[kernel_alloc] size=0x0000000000500000 arena_size=0x0000000000500000 match=YES
VM arena allocated: 0xffff900000000000
 (5 MB)
[kernel_alloc] returning arena ptr=0xffff900000000000
[KRELTSC: 0] Registering FORTH-79 Standard word set...
[KRELTSC: 3943558] Registering FORTH-79 arithmetic words...
[KRELTSC: 12751204] FORTH-79 Standard word set registration complete
[kernel_alloc] size=0x0000000000000198 arena_size=0x0000000000500000 match=NO
[kernel_alloc] returning kmalloc ptr=0x0000000001786ee0
[kernel_alloc] size=0x000000000000000c arena_size=0x0000000000500000 match=NO
[kernel_alloc] returning kmalloc ptr=0x00000000017870c0
[kernel_alloc] size=0x0000000000000010 arena_size=0x0000000000500000 match=NO
[kernel_alloc] returning kmalloc ptr=0x0000000001787110
POST: Running comprehensive test suite...
[KRELTSC: 20882728] Starting comprehensive FORTH-79 modular test suite...
[KRELTSC: 21059798] ==============================================
[KRELTSC: 21288840] 
=== Testing Module: Stack Words ===
[KRELTSC: 21679300] Running Stack Words Tests (Module 1: Foundation)...
[KRELTSC: 21902498] ▶ Testing module: src/test_runner/modules/stack_words_test.c
[KRELTSC: 22197826] Testing word: DUP
[KRELTSC: 22291898] ------------------------
[KRELTSC: 22688774]   Running DUP.basic: 5 DUP . . CR
5 5 
[KRELTSC: 28763788]     Test passed
DUP
[KRELTSC: 28935890]     Expected: Should print: 5 5
5 5 
5 5 
5 5 
5 5 
5 5 
[KRELTSC: 31121616]   Running DUP.zero: 0 DUP . . CR
0 0 
[KRELTSC: 31510226]     Test passed
DUP
[KRELTSC: 31598370]     Expected: Should print: 0 0
0 0 
0 0 
0 0 
0 0 
0 0 
[KRELTSC: 32324296]   Running DUP.negative: -42 DUP . . CR
-42 -42 
[KRELTSC: 32739684]     Test passed
DUP
[KRELTSC: 32826462]     Expected: Should print: -42 -42
-42 -42 
-42 -42 
-42 -42 
-42 -42 
-42 -42 
[KRELTSC: 33671594]   Running DUP.max_int: 2147483647 DUP . . CR
2147483647 2147483647 
[KRELTSC: 33893512]     Test passed
DUP
[KRELTSC: 33980482]     Expected: Should duplicate max int
2147483647 2147483647 
2147483647 2147483647 
2147483647 2147483647 
2147483647 2147483647 
2147483647 2147483647 
[KRELTSC: 34983882]   Running DUP.min_int: -2147483648 DUP . . CR
-2147483648 -2147483648 
[KRELTSC: 35221750]     Test passed
DUP
[KRELTSC: 35307918]     Expected: Should duplicate min int
-2147483648 -2147483648 
-2147483648 -2147483648 
-2147483648 -2147483648 
-2147483648 -2147483648 
-2147483648 -2147483648 
[KRELTSC: 36318896]   Running DUP.empty_stack: DUP
[KRELTSC: 36452410] DUP: Stack underflow
[KRELTSC: 36585292]     Expected error occurred
DUP
[KRELTSC: 36701772]     Expected: Should cause stack underflow
[KRELTSC: 36974112]   DUP: 6 passed, 0 failed, 0 skipped, 0 errors
[KRELTSC: 37441014] ▶ Testing module: src/test_runner/modules/stack_words_test.c
[KRELTSC: 37642766] Testing word: DROP
[KRELTSC: 37725224] ------------------------
[KRELTSC: 37819378]   Running DROP.basic: 5 7 DROP . CR
5 
[KRELTSC: 38067138]     Test passed
DROP
[KRELTSC: 38157068]     Expected: Should print: 5
5 
5 
5 
5 
5 
[KRELTSC: 38840012]   Running DROP.zero: 42 0 DROP . CR
42 
[KRELTSC: 38996658]     Test passed
DROP
[KRELTSC: 39085498]     Expected: Should drop zero, print 42
42 
42 
42 
42 
42 
[KRELTSC: 39872990]   Running DROP.negative: 10 -5 DROP . CR
10 
[KRELTSC: 40047142]     Test passed
DROP
[KRELTSC: 40136006]     Expected: Should drop negative, print 10
10 
10 
10 
10 
10 
[KRELTSC: 40883660]   Running DROP.double_drop: 1 2 3 DROP DROP . CR
1 
[KRELTSC: 41075284]     Test passed
DROP
[KRELTSC: 41163786]     Expected: Should print: 1
1 
