[2J[01;01H[=3h[2J[01;01H[2J[01;01H[=3h[2J[01;01H[2J[01;01H[=3h[2J[01;01HBdsDxe: loading Boot0001 "UEFI QEMU DVD-ROM QM00005 " from PciRoot(0x0)/Pci(0x1F,0x2)/Sata(0x2,0xFFFF,0x0)
BdsDxe: starting Boot0001 "UEFI QEMU DVD-ROM QM00005 " from PciRoot(0x0)/Pci(0x1F,0x2)/Sata(0x2,0xFFFF,0x0)
[2J[01;01H[=3h[2J[01;01HStarKernel UEFI Loader
Loading kernel from ESP...
RAW SERIAL UP
Monolithic build - kernel linked directly
Collecting boot information...
EBS...
EBS OK
Calling kernel_main (monolithic)...


   _____ _             _  __                    _ 
  / ____| |           | |/ /                   | |
 | (___ | |_ __ _ _ __| ' / ___ _ __ _ __   ___| |
  \___ \| __/ _` | '__|  < / _ \ '__| '_ \ / _ \ |
  ____) | || (_| | |  | . \  __/ |  | | | |  __/ |
 |_____/ \__\__,_|_|  |_|\_\___|_|  |_| |_|\___|_|

StarKernel v0.2.0-lithosananke - FORTH Microkernel
Architecture: amd64
Build: May 16 2026 12:15:15

UEFI BootServices: EXITED

=== StarKernel Boot Information ===
Memory map entries: 129
Total memory: 1023 MB
Usable memory: 971 MB
===================================

PMM initialized.
PMM statistics:
  Total pages: 249969
  Free pages : 248442
  Used pages : 1527
  Total MB   : 976
  Free  MB   : 970
  Used  MB   : 5

VMM initialized (mapped RAM, CR3 switched)
VMM initialized (mapped RAM, CR3 switched)
VMM self-test: mapped OK at 0xffff800000000000
VMM self-test complete.

IDT installed.
IDT installed.

APIC: init...
APIC enabled (SIVR=0xFF).
APIC: init done

Timer: init...
Timer: init start
Timer: VM mode detected (hypervisor present).
Timer: HPET calibration disabled (VM-exit MMIO would poison timing).
Timer: WARNING: invariant TSC not present under hypervisor.
Timer:          continuing in RELATIVE mode (no determinism guarantees).
Timer: RDTSCP not present; using RDTSC (less serialized).
Timer: CPUID frequency unavailable; trying PM Timer...
Timer: WARNING: could not derive TSC frequency; PM Timer will be used for RELATIVE ns.
Timer: trust=1 (0=NONE,1=REL,2=ABS), TSC=0 Hz
Timer: init done

Kernel heap initialized.
Heap statistics:
  Total bytes: 16777176
  Free  bytes: 16777176
  Used  bytes: 0
  Peak  bytes: 0

Heartbeat: init...
APIC Timer: calibrating...
APIC Timer: apic_hz=481486400, tick_hz=100, initial_count=4814864
APIC Timer: configured (masked, ready to start)
Heartbeat: init done
Kernel initialization complete.
Boot successful!

VM: bootstrap parity...
[HAL][host] VMHostServices table:
    alloc = 0x000000003da0543c
    free = 0x000000003da055a0
    monotonic_ns = 0x000000003da055d6
    mutex_init = 0x000000003da05643
    mutex_lock = 0x000000003da0565a
    mutex_unlock = 0x000000003da05671
    mutex_destroy = 0x000000003da05688
    puts = 0x000000003da0569b
    putc = 0x000000003da056eb
    is_executable_ptr = 0x000000003da057f2
    owns_xt_entry = 0x000000003da0570c
    panic = 0x000000003da05810
[HAL][init] __text_start=0x000000003da03000 __text_end=0x000000003da3cd10
[kernel_alloc] size=0x0000000000500000 arena_size=0x0000000000500000 match=YES
VM arena allocated: 0xffff900000000000
 (5 MB)
[kernel_alloc] returning arena ptr=0xffff900000000000
[KRELTSC: 0] Registering FORTH-79 Standard word set...
[KRELTSC: 5285850] Registering FORTH-79 arithmetic words...
[KRELTSC: 17214054] FORTH-79 Standard word set registration complete
[kernel_alloc] size=0x0000000000000198 arena_size=0x0000000000500000 match=NO
[kernel_alloc] returning kmalloc ptr=0x0000000001786ee0
[kernel_alloc] size=0x000000000000000c arena_size=0x0000000000500000 match=NO
[kernel_alloc] returning kmalloc ptr=0x00000000017870c0
[kernel_alloc] size=0x0000000000000010 arena_size=0x0000000000500000 match=NO
[kernel_alloc] returning kmalloc ptr=0x0000000001787110
POST: Running comprehensive test suite...
[KRELTSC: 26458510] Starting comprehensive FORTH-79 modular test suite...
[KRELTSC: 26669444] ==============================================
[KRELTSC: 26946342] 
=== Testing Module: Stack Words ===
[KRELTSC: 27470434] Running Stack Words Tests (Module 1: Foundation)...
[KRELTSC: 27742518] ▶ Testing module: src/test_runner/modules/stack_words_test.c
[KRELTSC: 28019314] Testing word: DUP
[KRELTSC: 28121406] ------------------------
[KRELTSC: 28725882]   Running DUP.basic: 5 DUP . . CR
5 5 
[KRELTSC: 39183932]     Test passed
DUP
[KRELTSC: 39420372]     Expected: Should print: 5 5
5 5 
5 5 
5 5 
5 5 
5 5 
[KRELTSC: 42211660]   Running DUP.zero: 0 DUP . . CR
0 0 
[KRELTSC: 42593166]     Test passed
DUP
[KRELTSC: 42681850]     Expected: Should print: 0 0
0 0 
0 0 
0 0 
0 0 
0 0 
[KRELTSC: 43443216]   Running DUP.negative: -42 DUP . . CR
-42 -42 
[KRELTSC: 43948756]     Test passed
DUP
[KRELTSC: 44037090]     Expected: Should print: -42 -42
-42 -42 
-42 -42 
-42 -42 
-42 -42 
-42 -42 
[KRELTSC: 44805108]   Running DUP.max_int: 2147483647 DUP . . CR
2147483647 2147483647 
[KRELTSC: 45022526]     Test passed
DUP
[KRELTSC: 45120138]     Expected: Should duplicate max int
2147483647 2147483647 
2147483647 2147483647 
2147483647 2147483647 
2147483647 2147483647 
2147483647 2147483647 
[KRELTSC: 46123574]   Running DUP.min_int: -2147483648 DUP . . CR
-2147483648 -2147483648 
[KRELTSC: 46367172]     Test passed
DUP
[KRELTSC: 46455462]     Expected: Should duplicate min int
-2147483648 -2147483648 
-2147483648 -2147483648 
-2147483648 -2147483648 
-2147483648 -2147483648 
-2147483648 -2147483648 
[KRELTSC: 47482696]   Running DUP.empty_stack: DUP
[KRELTSC: 47633266] DUP: Stack underflow
[KRELTSC: 47815982]     Expected error occurred
DUP
[KRELTSC: 47982824]     Expected: Should cause stack underflow
[KRELTSC: 48304576]   DUP: 6 passed, 0 failed, 0 skipped, 0 errors
[KRELTSC: 48953862] ▶ Testing module: src/test_runner/modules/stack_words_test.c
[KRELTSC: 49126700] Testing word: DROP
[KRELTSC: 49209020] ------------------------
[KRELTSC: 49314610]   Running DROP.basic: 5 7 DROP . CR
5 
[KRELTSC: 49638046]     Test passed
DROP
[KRELTSC: 49731232]     Expected: Should print: 5
5 
5 
5 
5 
5 
[KRELTSC: 50392514]   Running DROP.zero: 42 0 DROP . CR
42 
[KRELTSC: 50545362]     Test passed
DROP
[KRELTSC: 50634142]     Expected: Should drop zero, print 42
42 
42 
42 
42 
42 
[KRELTSC: 51308808]   Running DROP.negative: 10 -5 DROP . CR
10 
[KRELTSC: 51491346]     Test passed
DROP
[KRELTSC: 51580582]     Expected: Should drop negative, print 10
10 
10 
10 
10 
10 
[KRELTSC: 52332836]   Running DROP.double_drop: 1 2 3 DROP DROP . CR
1 
[KRELTSC: 52521022]     Test passed
DROP
[KRELTSC: 52610748]     Expected: Should print: 1
1 
