[2J[01;01H[=3h[2J[01;01H[2J[01;01H[=3h[2J[01;01H[2J[01;01H[=3h[2J[01;01HBdsDxe: loading Boot0001 "UEFI QEMU DVD-ROM QM00005 " from PciRoot(0x0)/Pci(0x1F,0x2)/Sata(0x2,0xFFFF,0x0)
BdsDxe: starting Boot0001 "UEFI QEMU DVD-ROM QM00005 " from PciRoot(0x0)/Pci(0x1F,0x2)/Sata(0x2,0xFFFF,0x0)
[2J[01;01H[=3h[2J[01;01HStarKernel UEFI Loader
Loading kernel from ESP...
RAW SERIAL UP
Monolithic build - kernel linked directly
Collecting boot information...
EBS...
EBS OK
Calling kernel_main (monolithic)...


   _____ _             _  __                    _ 
  / ____| |           | |/ /                   | |
 | (___ | |_ __ _ _ __| ' / ___ _ __ _ __   ___| |
  \___ \| __/ _` | '__|  < / _ \ '__| '_ \ / _ \ |
  ____) | || (_| | |  | . \  __/ |  | | | |  __/ |
 |_____/ \__\__,_|_|  |_|\_\___|_|  |_| |_|\___|_|

StarKernel v0.2.0-lithosananke - FORTH Microkernel
Architecture: amd64
Build: May 15 2026 22:13:41

UEFI BootServices: EXITED

=== StarKernel Boot Information ===
Memory map entries: 129
Total memory: 1023 MB
Usable memory: 971 MB
===================================

PMM initialized.
PMM statistics:
  Total pages: 249969
  Free pages : 248442
  Used pages : 1527
  Total MB   : 976
  Free  MB   : 970
  Used  MB   : 5

VMM initialized (mapped RAM, CR3 switched)
VMM initialized (mapped RAM, CR3 switched)
VMM self-test: mapped OK at 0xffff800000000000
VMM self-test complete.

IDT installed.
IDT installed.

APIC: init...
APIC enabled (SIVR=0xFF).
APIC: init done

Timer: init...
Timer: init start
Timer: VM mode detected (hypervisor present).
Timer: HPET calibration disabled (VM-exit MMIO would poison timing).
Timer: WARNING: invariant TSC not present under hypervisor.
Timer:          continuing in RELATIVE mode (no determinism guarantees).
Timer: RDTSCP not present; using RDTSC (less serialized).
Timer: CPUID frequency unavailable; trying PM Timer...
Timer: WARNING: could not derive TSC frequency; PM Timer will be used for RELATIVE ns.
Timer: trust=1 (0=NONE,1=REL,2=ABS), TSC=0 Hz
Timer: init done

Kernel heap initialized.
Heap statistics:
  Total bytes: 16777176
  Free  bytes: 16777176
  Used  bytes: 0
  Peak  bytes: 0

Heartbeat: init...
APIC Timer: calibrating...
APIC Timer: apic_hz=363364400, tick_hz=100, initial_count=3633644
APIC Timer: configured (masked, ready to start)
Heartbeat: init done
Kernel initialization complete.
Boot successful!

VM: bootstrap parity...
[HAL][host] VMHostServices table:
    alloc = 0x000000003da0543c
    free = 0x000000003da055a0
    monotonic_ns = 0x000000003da055d6
    mutex_init = 0x000000003da05643
    mutex_lock = 0x000000003da0565a
    mutex_unlock = 0x000000003da05671
    mutex_destroy = 0x000000003da05688
    puts = 0x000000003da0569b
    putc = 0x000000003da056eb
    is_executable_ptr = 0x000000003da057f2
    owns_xt_entry = 0x000000003da0570c
    panic = 0x000000003da05810
[HAL][init] __text_start=0x000000003da03000 __text_end=0x000000003da3cd61
[kernel_alloc] size=0x0000000000500000 arena_size=0x0000000000500000 match=YES
VM arena allocated: 0xffff900000000000
 (5 MB)
[kernel_alloc] returning arena ptr=0xffff900000000000
[KRELTSC: 0] Registering FORTH-79 Standard word set...
[KRELTSC: 4859059] Registering FORTH-79 arithmetic words...
[KRELTSC: 16583001] FORTH-79 Standard word set registration complete
[kernel_alloc] size=0x0000000000000198 arena_size=0x0000000000500000 match=NO
[kernel_alloc] returning kmalloc ptr=0x0000000001786ee0
[kernel_alloc] size=0x000000000000000c arena_size=0x0000000000500000 match=NO
[kernel_alloc] returning kmalloc ptr=0x00000000017870c0
[kernel_alloc] size=0x0000000000000010 arena_size=0x0000000000500000 match=NO
[kernel_alloc] returning kmalloc ptr=0x0000000001787110
POST: Running comprehensive test suite...
[KRELTSC: 28197861] Starting comprehensive FORTH-79 modular test suite...
[KRELTSC: 28591986] ==============================================
[KRELTSC: 28914761] 
=== Testing Module: Stack Words ===
[KRELTSC: 29455931] Running Stack Words Tests (Module 1: Foundation)...
[KRELTSC: 29768878] ▶ Testing module: src/test_runner/modules/stack_words_test.c
[KRELTSC: 30106469] Testing word: DUP
[KRELTSC: 30236789] ------------------------
[KRELTSC: 30734433]   Running DUP.basic: 5 DUP . . CR
[FC] rebuild start
[FC] rebuild done
[FIND] before hotwords_cache_lookup
