[2J[01;01H[=3h[2J[01;01H[2J[01;01H[=3h[2J[01;01H[2J[01;01H[=3h[2J[01;01HBdsDxe: loading Boot0001 "UEFI QEMU DVD-ROM QM00005 " from PciRoot(0x0)/Pci(0x1F,0x2)/Sata(0x2,0xFFFF,0x0)
BdsDxe: starting Boot0001 "UEFI QEMU DVD-ROM QM00005 " from PciRoot(0x0)/Pci(0x1F,0x2)/Sata(0x2,0xFFFF,0x0)
[2J[01;01H[=3h[2J[01;01HStarKernel UEFI Loader
Loading kernel from ESP...
RAW SERIAL UP
Monolithic build - kernel linked directly
Collecting boot information...
EBS...
EBS OK
Calling kernel_main (monolithic)...


   _____ _             _  __                    _ 
  / ____| |           | |/ /                   | |
 | (___ | |_ __ _ _ __| ' / ___ _ __ _ __   ___| |
  \___ \| __/ _` | '__|  < / _ \ '__| '_ \ / _ \ |
  ____) | || (_| | |  | . \  __/ |  | | | |  __/ |
 |_____/ \__\__,_|_|  |_|\_\___|_|  |_| |_|\___|_|

LithosAnanke v1.0.5
Architecture: amd64
Build: May 27 2026 13:40:06

UEFI BootServices: EXITED

=== StarKernel Boot Information ===
Memory map entries: 132
Total memory: 1023 MB
Usable memory: 970 MB
===================================

PMM initialized.
PMM statistics:
  Total pages: 249697
  Free pages : 248170
  Used pages : 1527
  Total MB   : 975
  Free  MB   : 969
  Used  MB   : 5

VMM initialized (mapped RAM, CR3 switched)
VMM initialized (mapped RAM, CR3 switched)
VMM self-test: mapped OK at 0xffff800000000000
VMM self-test complete.

IDT installed.
IDT installed.

APIC: init...
APIC enabled (SIVR=0xFF).
APIC: init done

Timer: init...
Timer: init start
Timer: VM mode detected (hypervisor present).
Timer: HPET calibration disabled (VM-exit MMIO would poison timing).
Timer: WARNING: invariant TSC not present under hypervisor.
Timer:          continuing in RELATIVE mode (no determinism guarantees).
Timer: RDTSCP not present; using RDTSC (less serialized).
Timer: CPUID frequency unavailable; trying PM Timer...
Timer: WARNING: could not derive TSC frequency; PM Timer will be used for RELATIVE ns.
Timer: trust=1 (0=NONE,1=REL,2=ABS), TSC=0 Hz
Timer: init done

Kernel heap initialized.
Heap statistics:
  Total bytes: 0
  Free  bytes: 0
  Used  bytes: 0
  Peak  bytes: 0

Heartbeat: init...
APIC Timer: calibrating...
APIC Timer: apic_hz=363236600, tick_hz=100, initial_count=3632366
APIC Timer: configured (masked, ready to start)
Heartbeat: init done
Kernel initialization complete.
Boot successful!

VM: bootstrap parity...
[HAL][host] VMHostServices table:
    alloc = 0x000000003d8f0514
    free = 0x000000003d8f0678
    monotonic_ns = 0x000000003d8f06ae
    mutex_init = 0x000000003d8f071b
    mutex_lock = 0x000000003d8f0732
    mutex_unlock = 0x000000003d8f0749
    mutex_destroy = 0x000000003d8f0760
    puts = 0x000000003d8f0773
    putc = 0x000000003d8f07c3
    is_executable_ptr = 0x000000003d8f08ca
    owns_xt_entry = 0x000000003d8f07e4
    panic = 0x000000003d8f08e8
[HAL][init] __text_start=0x000000003d8ee000 __text_end=0x000000003d92855b
[kernel_alloc] size=0x0000000000500000 arena_size=0x0000000000500000 match=YES
VM arena allocated: 0xffff900000000000
 (5 MB)
[kernel_alloc] returning arena ptr=0xffff900000000000
[32m[LITHOS][INFO ] [0m[KRELTSC: 0] Registering FORTH-79 Standard word set...
[32m[LITHOS][INFO ] [0m[KRELTSC: 4896540] Registering FORTH-79 arithmetic words...
[32m[LITHOS][INFO ] [0m[KRELTSC: 21200876] FORTH-79 Standard word set registration complete
[kernel_alloc] size=0x0000000000000198 arena_size=0x0000000000500000 match=NO
[kernel_alloc] returning kmalloc ptr=0x0000000000000000
[31m[LITHOS][ERROR] [0m[KRELTSC: 22449732] vm_init: hotwords cache malloc failed
VM: init failed
PARITY:M7.1a word_count=305 here=0x0000000000000030 latest_id=304 hash=0x889c4a115f9e98de
PARITY:OK
VM: parity bootstrap FAILED
Init: blk alloc FAILED
Init: dir alloc FAILED
Starting heartbeat...
APIC Timer: started
Heartbeat running.
LithosAnanke v1.0.5
StarForth Version 3.0.1

StarForth Emergency CLI
FORTH-79 interpreter — type BYE or power off to exit

ok> 