[2J[01;01H[=3h[2J[01;01H[2J[01;01H[=3h[2J[01;01H[2J[01;01H[=3h[2J[01;01HBdsDxe: loading Boot0001 "UEFI QEMU DVD-ROM QM00005 " from PciRoot(0x0)/Pci(0x1F,0x2)/Sata(0x2,0xFFFF,0x0)
BdsDxe: starting Boot0001 "UEFI QEMU DVD-ROM QM00005 " from PciRoot(0x0)/Pci(0x1F,0x2)/Sata(0x2,0xFFFF,0x0)
[2J[01;01H[=3h[2J[01;01HStarKernel UEFI Loader
Loading kernel from ESP...
RAW SERIAL UP
Monolithic build - kernel linked directly
Collecting boot information...
GOP: linear framebuffer found
EBS...
EBS OK
Calling kernel_main (monolithic)...


   _____ _             _  __                    _ 
  / ____| |           | |/ /                   | |
 | (___ | |_ __ _ _ __| ' / ___ _ __ _ __   ___| |
  \___ \| __/ _` | '__|  < / _ \ '__| '_ \ / _ \ |
  ____) | || (_| | |  | . \  __/ |  | | | |  __/ |
 |_____/ \__\__,_|_|  |_|\_\___|_|  |_| |_|\___|_|

LithosAnanke v1.0.8
Architecture: amd64
Build: Jun  5 2026 13:58:35

UEFI BootServices: EXITED

=== StarKernel Boot Information ===
Memory map entries: 128
Total memory: 1023 MB
Usable memory: 969 MB
===================================

PMM initialized.
PMM statistics:
  Total pages: 249679
  Free pages : 248152
  Used pages : 1527
  Total MB   : 975
  Free  MB   : 969
  Used  MB   : 5

V