[2J[01;01H[=3h[2J[01;01H[2J[01;01H[=3h[2J[01;01H[2J[01;01H[=3h[2J[01;01HBdsDxe: loading Boot0001 "UEFI QEMU DVD-ROM QM00005 " from PciRoot(0x0)/Pci(0x1F,0x2)/Sata(0x2,0xFFFF,0x0)
BdsDxe: starting Boot0001 "UEFI QEMU DVD-ROM QM00005 " from PciRoot(0x0)/Pci(0x1F,0x2)/Sata(0x2,0xFFFF,0x0)
[2J[01;01H[=3h[2J[01;01HStarKernel UEFI Loader
Loading kernel from ESP...
RAW SERIAL UP
Monolithic build - kernel linked directly
Collecting boot information...
EBS...
EBS OK
Calling kernel_main (monolithic)...


   _____ _             _  __                    _ 
  / ____| |           | |/ /                   | |
 | (___ | |_ __ _ _ __| ' / ___ _ __ _ __   ___| |
  \___ \| __/ _` | '__|  < / _ \ '__| '_ \ / _ \ |
  ____) | || (_| | |  | . \  __/ |  | | | |  __/ |
 |_____/ \__\__,_|_|  |_|\_\___|_|  |_| |_|\___|_|

StarKernel v0.2.0-lithosananke - FORTH Microkernel
Architecture: amd64
Build: May 16 2026 12:15:15

UEFI BootServices: EXITED

=== StarKernel Boot Information ===
Memory map entries: 132
Total memory: 1023 MB
Usable memory: 971 MB
===================================

PMM initialized.
PMM statistics:
  Total pages: 249956
  Free pages : 248429
  Used pages : 1527
  Total MB   : 976
  Free  MB   : 970
  Used  MB   : 5

VMM initialized (mapped RAM, CR3 switched)
VMM initialized (mapped RAM, CR3 switched)
VMM self-test: mapped OK at 0xffff800000000000
VMM self-test complete.

IDT installed.
IDT installed.

APIC: init...
APIC enabled (SIVR=0xFF).
APIC: init done

Timer: init...
Timer: init start
Timer: VM mode detected (hypervisor present).
Timer: HPET calibration disabled (VM-exit MMIO would poison timing).
Timer: WARNING: invariant TSC not present under hypervisor.
Timer:          continuing in RELATIVE mode (no determinism guarantees).
Timer: RDTSCP not present; using RDTSC (less serialized).
Timer: CPUID frequency unavailable; trying PM Timer...
Timer: WARNING: could not derive TSC frequency; PM Timer will be used for RELATIVE ns.
Timer: trust=1 (0=NONE,1=REL,2=ABS), TSC=0 Hz
Timer: init done

Kernel heap initialized.
Heap statistics:
  Total bytes: 16777176
  Free  bytes: 16777176
  Used  bytes: 0
  Peak  bytes: 0

Heartbeat: init...
APIC Timer: calibrating...
APIC Timer: apic_hz=481326800, tick_hz=100, initial_count=4813268
APIC Timer: configured (masked, ready to start)
Heartbeat: init done
Kernel initialization complete.
Boot successful!

VM: bootstrap parity...
[HAL][host] VMHostServices table:
    alloc = 0x000000003d9f443c
    free = 0x000000003d9f45a0
    monotonic_ns = 0x000000003d9f45d6
    mutex_init = 0x000000003d9f4643
    mutex_lock = 0x000000003d9f465a
    mutex_unlock = 0x000000003d9f4671
    mutex_destroy = 0x000000003d9f4688
    puts = 0x000000003d9f469b
    putc = 0x000000003d9f46eb
    is_executable_ptr = 0x000000003d9f47f2
    owns_xt_entry = 0x000000003d9f470c
    panic = 0x000000003d9f4810
[HAL][init] __text_start=0x000000003d9f2000 __text_end=0x000000003da2bd10
[kernel_alloc] size=0x0000000000500000 arena_size=0x0000000000500000 match=YES
VM arena allocated: 0xffff900000000000
 (5 MB)
[kernel_alloc] returning arena ptr=0xffff900000000000
[KRELTSC: 0] Registering FORTH-79 Standard word set...
[KRELTSC: 5268332] Registering FORTH-79 arithmetic words...
[KRELTSC: 17328990] FORTH-79 Standard word set registration complete
[kernel_alloc] size=0x0000000000000198 arena_size=0x0000000000500000 match=NO
[kernel_alloc] returning kmalloc ptr=0x0000000001786ee0
[kernel_alloc] size=0x000000000000000c arena_size=0x0000000000500000 match=NO
[kernel_alloc] returning kmalloc ptr=0x00000000017870c0
[kernel_alloc] size=0x0000000000000010 arena_size=0x0000000000500000 match=NO
[kernel_alloc] returning kmalloc ptr=0x0000000001787110
POST: Running comprehensive test suite...
[KRELTSC: 26792656] Starting comprehensive FORTH-79 modular test suite...
[KRELTSC: 26969018] ==============================================
[KRELTSC: 27199908] 
=== Testing Module: Stack Words ===
[KRELTSC: 27757030] Running Stack Words Tests (Module 1: Foundation)...
[KRELTSC: 28024140] ▶ Testing module: src/test_runner/modules/stack_words_test.c
[KRELTSC: 28324846] Testing word: DUP
[KRELTSC: 28426382] ------------------------
[KRELTSC: 29008316]   Running DUP.basic: 5 DUP . . CR
5 5 
[KRELTSC: 37729944]     Test passed
DUP
[KRELTSC: 37954286]     Expected: Should print: 5 5
5 5 
5 5 
5 5 
5 5 
5 5 
[KRELTSC: 40871804]   Running DUP.zero: 0 DUP . . CR
0 0 
[KRELTSC: 41252962]     Test passed
DUP
[KRELTSC: 41358706]     Expected: Should print: 0 0
0 0 
0 0 
0 0 
0 0 
0 0 
[KRELTSC: 42149278]   Running DUP.negative: -42 DUP . . CR
-42 -42 
[KRELTSC: 42669612]     Test passed
DUP
[KRELTSC: 42756036]     Expected: Should print: -42 -42
-42 -42 
-42 -42 
-42 -42 
-42 -42 
-42 -42 
[KRELTSC: 43594450]   Running DUP.max_int: 2147483647 DUP . . CR
2147483647 2147483647 
[KRELTSC: 43820820]     Test passed
DUP
[KRELTSC: 43906146]     Expected: Should duplicate max int
2147483647 2147483647 
2147483647 2147483647 
2147483647 2147483647 
2147483647 2147483647 
2147483647 2147483647 
[KRELTSC: 44832138]   Running DUP.min_int: -2147483648 DUP . . CR
-2147483648 -2147483648 
[KRELTSC: 45089308]     Test passed
DUP
[KRELTSC: 45175062]     Expected: Should duplicate min int
-2147483648 -2147483648 
-2147483648 -2147483648 
-2147483648 -2147483648 
-2147483648 -2147483648 
-2147483648 -2147483648 
[KRELTSC: 46254684]   Running DUP.empty_stack: DUP
[KRELTSC: 46390708] DUP: Stack underflow
[KRELTSC: 46566448]     Expected error occurred
DUP
[KRELTSC: 46687300]     Expected: Should cause stack underflow
[KRELTSC: 47028100]   DUP: 6 passed, 0 failed, 0 skipped, 0 errors
[KRELTSC: 47660982] ▶ Testing module: src/test_runner/modules/stack_words_test.c
[KRELTSC: 47837668] Testing word: DROP
[KRELTSC: 47916988] ------------------------
[KRELTSC: 48008904]   Running DROP.basic: 5 7 DROP . CR
5 
[KRELTSC: 48289216]     Test passed
DROP
[KRELTSC: 48379272]     Expected: Should print: 5
5 
5 
5 
5 
5 
[KRELTSC: 49069268]   Running DROP.zero: 42 0 DROP . CR
42 
[KRELTSC: 49260052]     Test passed
DROP
[KRELTSC: 49353792]     Expected: Should drop zero, print 42
42 
42 
42 
42 
42 
[KRELTSC: 50102692]   Running DROP.negative: 10 -5 DROP . CR
10 
[KRELTSC: 50269616]     Test passed
DROP
[KRELTSC: 50357028]     Expected: Should drop negative, print 10
10 
10 
10 
10 
10 
[KRELTSC: 51082284]   Running DROP.double_drop: 1 2 3 DROP DROP . CR
1 
[KRELTSC: 51270586]     Test passed
DROP
[KRELTSC: 51390376]     Expected: Should print: 1
1 
