StarKernel built successfully for riscv64
  Loader: build/riscv64/kernel/starkernel_loader.efi
  Kernel: build/riscv64/kernel/starkernel_kernel.elf
=== Building ISO for riscv64 ===
xorriso 1.5.6 : RockRidge filesystem manipulator, libburnia project.

Drive current: -outdev 'stdio:build/riscv64/kernel/starkernel.iso'
Media current: stdio file, overwriteable
Media status : is blank
Media summary: 0 sessions, 0 data blocks, 0 data, 27.0g free
Added to ISO image: directory '/'='/home/user/StarForth/build/riscv64/kernel/iso'
xorriso : UPDATE :       5 files added in 1 seconds
xorriso : UPDATE :       5 files added in 1 seconds
ISO image produced: 2545 sectors
Written to medium : 2545 sectors at LBA 0
Writing to 'stdio:build/riscv64/kernel/starkernel.iso' completed successfully.

  ISO: build/riscv64/kernel/starkernel.iso

=== Launching QEMU (riscv64) ===
  ISO: build/riscv64/kernel/starkernel.iso
  Serial log: logs/qemu-riscv64-20260517-122342.log
  (Ctrl-C to stop)

