[2J[01;01H[=3h[2J[01;01H[2J[01;01H[=3h[2J[01;01H[2J[01;01H[=3h[2J[01;01HBdsDxe: loading Boot0001 "UEFI QEMU DVD-ROM QM00005 " from PciRoot(0x0)/Pci(0x1F,0x2)/Sata(0x2,0xFFFF,0x0)
BdsDxe: starting Boot0001 "UEFI QEMU DVD-ROM QM00005 " from PciRoot(0x0)/Pci(0x1F,0x2)/Sata(0x2,0xFFFF,0x0)
[2J[01;01H[=3h[2J[01;01HStarKernel UEFI Loader
Loading kernel from ESP...
RAW SERIAL UP
Monolithic build - kernel linked directly
Collecting boot information...
EBS...
EBS OK
Calling kernel_main (monolithic)...


   _____ _             _  __                    _ 
  / ____| |           | |/ /                   | |
 | (___ | |_ __ _ _ __| ' / ___ _ __ _ __   ___| |
  \___ \| __/ _` | '__|  < / _ \ '__| '_ \ / _ \ |
  ____) | || (_| | |  | . \  __/ |  | | | |  __/ |
 |_____/ \__\__,_|_|  |_|\_\___|_|  |_| |_|\___|_|

StarKernel v0.2.0-lithosananke - FORTH Microkernel
Architecture: amd64
Build: May 15 2026 21:47:21

UEFI BootServices: EXITED

=== StarKernel Boot Information ===
Memory map entries: 132
Total memory: 1023 MB
Usable memory: 971 MB
===================================

PMM initialized.
PMM statistics:
  Total pages: 249956
  Free pages : 248429
  Used pages : 1527
  Total MB   : 976
  Free  MB   : 970
  Used  MB   : 5

VMM initialized (mapped RAM, CR3 switched)
VMM initialized (mapped RAM, CR3 switched)
VMM self-test: mapped OK at 0xffff800000000000
VMM self-test complete.

IDT installed.
IDT installed.

APIC: init...
APIC enabled (SIVR=0xFF).
APIC: init done

Timer: init...
Timer: init start
Timer: VM mode detected (hypervisor present).
Timer: HPET calibration disabled (VM-exit MMIO would poison timing).
Timer: WARNING: invariant TSC not present under hypervisor.
Timer:          continuing in RELATIVE mode (no determinism guarantees).
Timer: RDTSCP not present; using RDTSC (less serialized).
Timer: CPUID frequency unavailable; trying PM Timer...
Timer: WARNING: could not derive TSC frequency; PM Timer will be used for RELATIVE ns.
Timer: trust=1 (0=NONE,1=REL,2=ABS), TSC=0 Hz
Timer: init done

Kernel heap initialized.
Heap statistics:
  Total bytes: 16777176
  Free  bytes: 16777176
  Used  bytes: 0
  Peak  bytes: 0

Heartbeat: init...
APIC Timer: calibrating...
APIC Timer: apic_hz=366329300, tick_hz=100, initial_count=3663293
APIC Timer: configured (masked, ready to start)
Heartbeat: init done
Kernel initialization complete.
Boot successful!

VM: bootstrap parity...
[HAL][host] VMHostServices table:
    alloc = 0x000000003d9f443c
    free = 0x000000003d9f45a0
    monotonic_ns = 0x000000003d9f45d6
    mutex_init = 0x000000003d9f4643
    mutex_lock = 0x000000003d9f465a
    mutex_unlock = 0x000000003d9f4671
    mutex_destroy = 0x000000003d9f4688
    puts = 0x000000003d9f469b
    putc = 0x000000003d9f46eb
    is_executable_ptr = 0x000000003d9f47f2
    owns_xt_entry = 0x000000003d9f470c
    panic = 0x000000003d9f4810
[HAL][init] __text_start=0x000000003d9f2000 __text_end=0x000000003da2bf74
[kernel_alloc] size=0x0000000000500000 arena_size=0x0000000000500000 match=YES
VM arena allocated: 0xffff900000000000
 (5 MB)
[kernel_alloc] returning arena ptr=0xffff900000000000
[KRELTSC: 0] Registering FORTH-79 Standard word set...
[KRELTSC: 4236763] M1 done
[KRELTSC: 4794460] M2 done
[KRELTSC: 5277400] M3 done
[KRELTSC: 5414362] Registering FORTH-79 arithmetic words...
[KRELTSC: 6122267] M4 done
[KRELTSC: 6756714] M5 done
[KRELTSC: 7104876] M6 done
[KRELTSC: 7901346] M7 done
[KRELTSC: 8570067] M8 done
[KRELTSC: 9352365] M9 done
[KRELTSC: 9802244] M10 done
[KRELTSC: 10359430] M11 done
[KRELTSC: 10770816] M12 done
[KRELTSC: 11439379] M13 done
[KRELTSC: 12114477] M14 done
[KRELTSC: 13043666] M15 done
[KRELTSC: 13350117] M16 done
[KRELTSC: 14093703] M17 done
[KRELTSC: 15306663] M18 done
