# StarForth riscv64 — QEMU user-mode emulation
# Date: 2026-05-08 23:32:58 UTC
# Binary: build/riscv64/fastest/starforth
# Arch:   riscv64 (qemu-riscv64-static on x86_64 host)
# Host:   x86_64 / 6.18.5
# QEMU:   qemu-riscv64 version 8.2.2 (Debian 1:8.2.2+ds-0ubuntu1.16)
# Build:  fastest (ASM + LTO + direct threading + static)
# Invocation: printf '1 2 + . BYE\n' | qemu-riscv64-static ./build/riscv64/fastest/starforth
#---
[32m[23:32:58.979] INFO: [0mblkio: backend=RAM fbs=1024 blocks=1024 size=1048576B ro=0
[32m[23:32:58.986] INFO: [0mRegistering FORTH-79 Standard word set...
[32m[23:32:58.987] INFO: [0mRegistering FORTH-79 arithmetic words...
[32m[23:32:58.993] INFO: [0mFORTH-79 Standard word set registration complete
[32m[23:32:59.016] INFO: [0mblk: hdr 'StarForth Volume' v2: total_devblocks(4k)=256, bam_devblocks=1, devblock_base=2, tracked=32768, total_blocks=762, free=730
[32m[23:32:59.025] INFO: [0mDictionary fence set - init words protected from FORGET
[32m[23:32:59.025] INFO: [0mRunning comprehensive test suite...
[32m[23:32:59.025] INFO: [0mStarting comprehensive FORTH-79 modular test suite...
[32m[23:32:59.025] INFO: [0m==============================================
[32m[23:32:59.025] INFO: [0m
=== Testing Module: Stack Words ===
[32m[23:32:59.025] INFO: [0mRunning Stack Words Tests (Module 1: Foundation)...
5 5 
5 5 
5 5 
5 5 
5 5 
5 5 
0 0 
0 0 
0 0 
0 0 
0 0 
0 0 
-42 -42 
-42 -42 
-42 -42 
-42 -42 
-42 -42 
-42 -42 
2147483647 2147483647 
2147483647 2147483647 
2147483647 2147483647 
2147483647 2147483647 
2147483647 2147483647 
2147483647 2147483647 
-2147483648 -2147483648 
-2147483648 -2147483648 
-2147483648 -2147483648 
-2147483648 -2147483648 
-2147483648 -2147483648 
-2147483648 -2147483648 
[31m[23:32:59.030] ERROR: [0mDUP: Stack underflow
5 
5 
5 
5 
5 
5 
42 
42 
42 
42 
42 
42 
10 
10 
10 
10 
10 
10 
1 
1 
1 
1 
1 
1 
1 
1 
1 
1 
1 
1 
7 
7 
7 
7 
7 
7 
0 
0 
0 
0 
0 
0 

*** Caught SIGSEGV ***

===== VM STATE DUMP ===== [SIGSEGV]
  mode=INTERPRET  error=0
  HERE=48  BASE=10  SCR=0
  dsp=1  rsp=-1
===== END VM STATE DUMP =====
