# StarForth LithosAnanke amd64 — UEFI kernel QEMU run (lithosananke branch)
# Date: 2026-05-14 11:50:18 UTC
# Binary: build/amd64/kernel/starkernel_loader.efi
# Arch:   x86_64 / UEFI PE32+ / QEMU q35 tcg
# Host:   x86_64 / 6.18.5
# Branch: lithosananke — merged capsule subsystem + sk_repl
# Build:  amd64 kernel — freestanding, -fvisibility=hidden, capsule subsystem, sk_repl
# Invocation: make -f Makefile.starkernel STARFORTH_ENABLE_VM=1 qemu-esp
#---
Preparing FAT ESP directory for QEMU...
Launching QEMU for amd64 (OVMF pflash + ESP directory)...
OVMF_CODE=/usr/share/OVMF/OVMF_CODE_4M.fd; \
if [ ! -f $OVMF_CODE ]; then echo "Error: $OVMF_CODE not found"; exit 1; fi; \
if [ -f /usr/share/OVMF/OVMF_VARS_4M.fd ]; then \
	cp /usr/share/OVMF/OVMF_VARS_4M.fd build/amd64/kernel/OVMF_VARS.fd; \
else \
	echo "Error: /usr/share/OVMF/OVMF_VARS_4M.fd not found"; \
	exit 1; \
fi; \
TMPDIR=build/amd64/kernel qemu-system-x86_64 \
	-nodefaults -display none \
	-machine q35,accel=tcg \
	-m 1024 \
	-monitor none \
	-chardev stdio,id=ser0,signal=off \
	-device isa-serial,chardev=ser0,iobase=0x3f8 \
	-chardev file,id=dbg,path=build/amd64/kernel/ovmf.log \
	-device isa-debugcon,chardev=dbg,iobase=0x402 \
	-drive if=pflash,format=raw,readonly=on,file=$OVMF_CODE \
	-drive if=pflash,format=raw,file=build/amd64/kernel/OVMF_VARS.fd \
	-drive format=raw,file=fat:rw:build/amd64/kernel/esp \
	-no-reboot
[2J[01;01H[=3h[2J[01;01H[2J[01;01H[=3h[2J[01;01HBdsDxe: loading Boot0001 "UEFI QEMU HARDDISK QM00001 " from PciRoot(0x0)/Pci(0x1F,0x2)/Sata(0x0,0xFFFF,0x0)
BdsDxe: starting Boot0001 "UEFI QEMU HARDDISK QM00001 " from PciRoot(0x0)/Pci(0x1F,0x2)/Sata(0x0,0xFFFF,0x0)
[2J[01;01H[=3h[2J[01;01HStarKernel UEFI Loader
Loading kernel from ESP...
RAW SERIAL UP
Monolithic build - kernel linked directly
Collecting boot information...
EBS...
EBS OK
Calling kernel_main (monolithic)...


   _____ _             _  __                    _ 
  / ____| |           | |/ /                   | |
 | (___ | |_ __ _ _ __| ' / ___ _ __ _ __   ___| |
  \___ \| __/ _` | '__|  < / _ \ '__| '_ \ / _ \ |
  ____) | || (_| | |  | . \  __/ |  | | | |  __/ |
 |_____/ \__\__,_|_|  |_|\_\___|_|  |_| |_|\___|_|

StarKernel v0.2.0-lithosananke - FORTH Microkernel
Architecture: amd64
Build: May 14 2026 11:44:33

UEFI BootServices: EXITED

=== StarKernel Boot Information ===
Memory map entries: 124
Total memory: 1023 MB
Usable memory: 969 MB
===================================

PMM initialized.
PMM statistics:
  Total pages: 249613
  Free pages : 248085
  Used pages : 1528
  Total MB   : 975
  Free  MB   : 969
  Used  MB   : 5

VMM initialized (mapped RAM, CR3 switched)
VMM initialized (mapped RAM, CR3 switched)
VMM self-test: mapped OK at 0xffff800000000000
VMM self-test complete.

IDT installed.
IDT installed.

APIC: init...
APIC enabled (SIVR=0xFF).
APIC: init done

Timer: init...
Timer: init start
Timer: VM mode detected (hypervisor present).
Timer: HPET calibration disabled (VM-exit MMIO would poison timing).
Timer: WARNING: invariant TSC not present under hypervisor.
Timer:          continuing in RELATIVE mode (no determinism guarantees).
Timer: RDTSCP not present; using RDTSC (less serialized).
Timer: CPUID frequency unavailable; trying PM Timer...
Timer: WARNING: could not derive TSC frequency; PM Timer will be used for RELATIVE ns.
Timer: trust=1 (0=NONE,1=REL,2=ABS), TSC=0 Hz
Timer: init done

Kernel heap initialized.
Heap statistics:
  Total bytes: 16777176
  Free  bytes: 16777176
  Used  bytes: 0
  Peak  bytes: 0

Heartbeat: init...
APIC Timer: calibrating...
APIC Timer: apic_hz=364164300, tick_hz=100, initial_count=3641643
APIC Timer: configured (masked, ready to start)
Heartbeat: init done
Kernel initialization complete.
Boot successful!

VM: bootstrap parity...
[HAL][host] VMHostServices table:
    alloc = 0x000000003d88c43c
    free = 0x000000003d88c5a0
    monotonic_ns = 0x000000003d88c5d6
    mutex_init = 0x000000003d88c643
    mutex_lock = 0x000000003d88c65a
    mutex_unlock = 0x000000003d88c671
    mutex_destroy = 0x000000003d88c688
    puts = 0x000000003d88c69b
    putc = 0x000000003d88c6eb
    is_executable_ptr = 0x000000003d88c7f2
    owns_xt_entry = 0x000000003d88c70c
    panic = 0x000000003d88c810
[HAL][init] __text_start=0x000000003d88a000 __text_end=0x000000003d8c3be8
[kernel_alloc] size=0x0000000000500000 arena_size=0x0000000000500000 match=YES
VM arena allocated: 0xffff900000000000
 (5 MB)
[kernel_alloc] returning arena ptr=0xffff900000000000
[KRELTSC: 0] Registering FORTH-79 Standard word set...
[KRELTSC: 8986312] Registering FORTH-79 arithmetic words...
[KRELTSC: 25752106] [vm] interpreter disabled (caller=vm_interpret)

[StarKernel HAL] PANIC: interpreter invoked before bootstrap completion
System halted.
qemu-system-x86_64: terminating on signal 15 from pid 18327 (timeout)
make: *** [Makefile.starkernel:490: qemu-esp] Terminated
