# StarForth LithosAnanke amd64 — UEFI kernel QEMU run (lithosananke branch)
# Date: 2026-05-14 11:57:50 UTC
# Binary: build/amd64/kernel/starkernel_loader.efi
# Branch: lithosananke — merged capsule subsystem + sk_repl
# Arch:   x86_64 / UEFI PE32+ / QEMU q35 tcg
# Host:   x86_64 / 6.18.5
# Invocation: make -f Makefile.starkernel STARFORTH_ENABLE_VM=1 qemu
#---
=== QEMU ESP Staging ===
  build/amd64/kernel/esp/EFI/BOOT/BOOTX64.EFI
  build/amd64/kernel/esp/kernel.elf

=== Launching QEMU (fat: virtual filesystem) ===
[2J[01;01H[=3h[2J[01;01H[2J[01;01H[=3h[2J[01;01H[2J[01;01H[=3h[2J[01;01HBdsDxe: loading Boot0001 "UEFI QEMU HARDDISK QM00001 " from PciRoot(0x0)/Pci(0x1F,0x2)/Sata(0x0,0xFFFF,0x0)
BdsDxe: starting Boot0001 "UEFI QEMU HARDDISK QM00001 " from PciRoot(0x0)/Pci(0x1F,0x2)/Sata(0x0,0xFFFF,0x0)
[2J[01;01H[=3h[2J[01;01HStarKernel UEFI Loader
Loading kernel from ESP...
RAW SERIAL UP
Monolithic build - kernel linked directly
Collecting boot information...
EBS...
