5 5 
5 5 
5 5 
5 5 
5 5 
5 5 
0 0 
0 0 
0 0 
0 0 
0 0 
0 0 
-42 -42 
-42 -42 
-42 -42 
-42 -42 
-42 -42 
-42 -42 
2147483647 2147483647 
2147483647 2147483647 
2147483647 2147483647 
2147483647 2147483647 
2147483647 2147483647 
2147483647 2147483647 
-2147483648 -2147483648 
-2147483648 -2147483648 
-2147483648 -2147483648 
-2147483648 -2147483648 
-2147483648 -2147483648 
-2147483648 -2147483648 
5 
5 
5 
5 
5 
5 
42 
42 
42 
42 
42 
42 
10 
10 
10 
10 
10 
10 
1 
1 
1 
1 
1 
1 
1 
1 
1 
1 
1 
1 
7 
7 
7 
7 
7 
7 
0 
0 
0 
0 
0 
0 
1 
1 
1 
1 
1 
1 
0 
0 
0 
0 
0 
0 
0 
0 
0 
0 
0 
0 
0 
0 
0 
0 
0 
0 
5 
5 
5 
5 
5 
5 
2 
2 
2 
2 
2 
2 
3 
3 
3 
3 
3 
3 
5 7 
5 7 
5 7 
5 7 
5 7 
5 7 
42 42 
42 42 
42 42 
42 42 
42 42 
42 42 
0 99 
0 99 
0 99 
0 99 
0 99 
0 99 
-5 10 
-5 10 
-5 10 
-5 10 
-5 10 
-5 10 
5 7 5 
5 7 5 
5 7 5 
5 7 5 
5 7 5 
5 7 5 
0 0 0 
0 0 0 
0 0 0 
0 0 0 
0 0 0 
0 0 0 
-1 42 -1 
-1 42 -1 
-1 42 -1 
-1 42 -1 
-1 42 -1 
-1 42 -1 
1 3 2 
1 3 2 
1 3 2 
1 3 2 
1 3 2 
1 3 2 
0 0 0 
0 0 0 
0 0 0 
0 0 0 
0 0 0 
0 0 0 
-1 1 0 
-1 1 0 
-1 1 0 
-1 1 0 
-1 1 0 
-1 1 0 
0 
0 
0 
0 
0 
0 
1 
1 
1 
1 
1 
1 
3 
3 
3 
3 
3 
3 
42 42 
42 42 
42 42 
42 42 
42 42 
42 42 
0 0 
0 0 
0 0 
0 0 
0 0 
0 0 
-123 -123 
-123 -123 
-123 -123 
-123 -123 
-123 -123 
-123 -123 
1 1 2 2 
1 1 2 2 
1 1 2 2 
1 1 2 2 
1 1 2 2 
1 1 2 2 
42 
42 
42 
42 
42 
42 
1 2 
1 2 
1 2 
1 2 
1 2 
1 2 
42 
42 
42 
42 
42 
42 
-1 
-1 
-1 
-1 
-1 
-1 
0 
0 
0 
0 
0 
0 
-999 
-999 
-999 
-999 
-999 
-999 
222 
222 
222 
222 
222 
222 
2147483647 
2147483647 
2147483647 
2147483647 
2147483647 
2147483647 
-2147483648 
-2147483648 
-2147483648 
-2147483648 
-2147483648 
-2147483648 
123 
123 
123 
123 
123 
123 
-1 
-1 
-1 
-1 
-1 
-1 
65 
65 
65 
65 
65 
65 
0 
0 
0 
0 
0 
0 
255 
255 
255 
255 
255 
255 
97 
97 
97 
97 
97 
97 
0 
0 
0 
0 
0 
0 
42 
42 
42 
42 
42 
42 
-999 
-999 
-999 
-999 
-999 
-999 
0 
0 
0 
0 
0 
0 
0 
0 
0 
0 
0 
0 
-1 
-1 
-1 
-1 
-1 
-1 
8 
8 
8 
8 
8 
8 
16 
16 
16 
16 
16 
16 
0 
0 
0 
0 
0 
0 
0 
0 
0 
0 
0 
0 
-1 
-1 
-1 
-1 
-1 
-1 
0 
0 
0 
0 
0 
0 
12 
12 
12 
12 
12 
12 
42 
42 
42 
42 
42 
42 
-2 
-2 
-2 
-2 
-2 
-2 
-8 
-8 
-8 
-8 
-8 
-8 
2147483648 
2147483648 
2147483648 
2147483648 
2147483648 
2147483648 
-2147483649 
-2147483649 
-2147483649 
-2147483649 
-2147483649 
-2147483649 
7 
7 
7 
7 
7 
7 
42 
42 
42 
42 
42 
42 
-5 
-5 
-5 
-5 
-5 
-5 
8 
8 
8 
8 
8 
8 
0 
0 
0 
0 
0 
0 
-2147483649 
-2147483649 
-2147483649 
-2147483649 
-2147483649 
-2147483649 
2147483648 
2147483648 
2147483648 
2147483648 
2147483648 
2147483648 
42 
42 
42 
42 
42 
42 
0 
0 
0 
0 
0 
0 
42 
42 
42 
42 
42 
42 
-42 
-42 
-42 
-42 
-42 
-42 
42 
42 
42 
42 
42 
42 
65534 
65534 
65534 
65534 
65534 
65534 
4294967296 
4294967296 
4294967296 
4294967296 
4294967296 
4294967296 
5 
5 
5 
5 
5 
5 
42 
42 
42 
42 
42 
42 
-5 
-5 
-5 
-5 
-5 
-5 
-5 
-5 
-5 
-5 
-5 
-5 
5 
5 
5 
5 
5 
5 
2 
2 
2 
2 
2 
2 
2 
2 
2 
2 
2 
2 
0 
0 
0 
0 
0 
0 
0 
0 
0 
0 
0 
0 
-2 
-2 
-2 
-2 
-2 
-2 
2 
2 
2 
2 
2 
2 
3 
3 
3 
3 
3 
3 
-1 
-1 
-1 
-1 
-1 
-1 
0 
0 
0 
0 
0 
0 
0 
0 
0 
0 
0 
0 
0 
0 
0 
0 
0 
0 
17 
17 
17 
17 
17 
17 
-1 
-1 
-1 
-1 
-1 
-1 
-1 
-1 
-1 
-1 
-1 
-1 
-1 
-1 
-1 
-1 
-1 
-1 
0 
0 
0 
0 
0 
0 
119 
119 
119 
119 
119 
119 
0 
0 
0 
0 
0 
0 
-1 
-1 
-1 
-1 
-1 
-1 
-1 
-1 
-1 
-1 
-1 
-1 
0 
0 
0 
0 
0 
0 
102 
102 
102 
102 
102 
102 
0 
0 
0 
0 
0 
0 
-1 
-1 
-1 
-1 
-1 
-1 
-43 
-43 
-43 
-43 
-43 
-43 
41 
41 
41 
41 
41 
41 
-1 
-1 
-1 
-1 
-1 
-1 
0 
0 
0 
0 
0 
0 
-1 
-1 
-1 
-1 
-1 
-1 
-1 
-1 
-1 
-1 
-1 
-1 
0 
0 
0 
0 
0 
0 
-1 
-1 
-1 
-1 
-1 
-1 
0 
0 
0 
0 
0 
0 
0 
0 
0 
0 
0 
0 
-1 
-1 
-1 
-1 
-1 
-1 
-1 
-1 
-1 
-1 
-1 
-1 
0 
0 
0 
0 
0 
0 
0 
0 
0 
0 
0 
0 
-1 
-1 
-1 
-1 
-1 
-1 
-1 
-1 
-1 
-1 
-1 
-1 
-1 
-1 
-1 
-1 
-1 
-1 
0 
0 
0 
0 
0 
0 
0 
0 
0 
0 
0 
0 
-1 
-1 
-1 
-1 
-1 
-1 
-1 
-1 
-1 
-1 
-1 
-1 
-1 
-1 
-1 
-1 
-1 
-1 
0 
0 
0 
0 
0 
0 
0 
0 
0 
0 
0 
0 
-1 
-1 
-1 
-1 
-1 
-1 
0 
0 
0 
0 
0 
0 
0 
0 
0 
0 
0 
0 
-1 
-1 
-1 
-1 
-1 
-1 
0 
0 
0 
0 
0 
0 
0 
0 
0 
0 
0 
0 
10 
20 
0 
210 
10 
-10 
-10 
10 1 
20 0 
0 0 
210 0 
11 1 
-5 -1 
300 0 
2147483648 0 
-50 0 
42 0 
-300 0 
0 56088 
0 0 
0 42 
-1 4294911208 
1 0 
0 20000 
10 0 
12 34 
2147913144729 6 
42 0 
-42949662 -96 
2 1 
0 0 
-2 -1 
2 
200 100 200 100 
0 0 0 0 
-200 -100 -200 -100 
4 
20 10 40 30 20 10 
0 0 88 99 0 0 
2 -1 4 -3 2 -1 
6 
20 10 40 30 
0 0 88 99 
42 42 42 42 
-20 -10 40 30 
4 
20 10 60 50 40 30 
0 0 2 2 1 1 
-2 -1 -6 -5 4 3 
6 
600 400 
99 42 
-125 -50 
0 2147483648 
-599 -400 
400 400 
99 42 
-201 -100 
274 150 
-1 -1 
0 0 
-201 -100 
199 100 
0 0 
-1 -2147483647 
200 100 
199 100 
0 0 
0 -100 
0 2147483648 
200 100 
99 42 
-200 -100 
-1 -100 
400 300 
99 42 
-200 -100 
0 100 
-1 
0 
0 
-1 
-1 
-1 
0 
0 
-1 
-1 
-1 
-1 
0 
0 
0 
0 
-1 
0 
0 
-1 
-1 
42 
255 
42 
467 
14 
255 
42 
42 
42 
66 
255 
42 
255 
255 
42 
42 
42 
42 
774763251095801167872

42
5
15
05
42
0
1234567890
42
42
0
42

48 2 
42.
84 49 
0 57 
255 57 
0 
 Test

Test



-1 
-1 
-1 
-1 
0 
-1 15 48 
-1 7 72 
-1 4 80 
-1 40 48 



    
Test
Test


     

42 
-42 
0 
2147483647 
-2147483648 
3 2 1 
42 
43 




0 
3 2 1 
42  43 
    0 
A B
                          42    43 
A
Z
0
 


A
˙
HI
Hello

A
12345
0 85 
0 57 
255 57 
0 
0 
-1 
-1 
0 
0 
0 
0 
0 
255 
597 
52 
5 
255 
42  43 
1 
2 
3 
     42 
1    10    100 
5544352 
5544352 

Block 1
00:                                                                 
01:                                                                 
02:                                                                 
03:                                                                 
04:                                                                 
05:                                                                 
06:                                                                 
07:                                                                 
08:                                                                 
09:                                                                 
10:                                                                 
11:                                                                 
12:                                                                 
13:                                                                 
14:                                                                 
15:                                                                 

1 

Block 1
00:                                                                 
01:                                                                 
02:                                                                 
03:                                                                 
04:                                                                 
05:                                                                 
06:                                                                 
07:                                                                 
08:                                                                 
09:                                                                 
10:                                                                 
11:                                                                 
12:                                                                 
13:                                                                 
14:                                                                 
15:                                                                 

1 
-1 
8 
8 
16 
-1 
16 
0 
0 
104 
42 
42 
-999 
0 
2147483647 
-2147483648 
20 20 
0 
0 
0 
0 
0 
0 0 
67890 12345 
0 0 
-2000 -1000 
-1 2147483647 
-1 
0 
-1 
42 
-1 
0 
0 
3 -1 
-1 
0 
0 
0 
-1 
43 42 
0 
42 
2 
42 
6609440 
6772048 
0 
6658416 
6682736 
6682736 
6773064 
6773416 
6774672 
11 
42 
6778368 
6664800 
6778368 
6778976 
Search order: TEST-VOC8 (FIND)
Current: TEST-VOC8
Search order: TEST-VOC9 (FIND)
Current: TEST-VOC9
Search order: (FIND)
Current: TEST-VOC9
0 
0 
Error
42 
42 
42 
0 
-1 
42 
-99 
42 
42 
42 
42 
42 
24 
1 
42 
42 
24 
1 
42 
5 
5 
5 
5 
0 
0 
5 
0 
5 
0 
5 
5 
0 1 2 3 4 
-5 -4 -3 -2 
0 1 2 1 2 3 2 3 4 
0 1 2 3 4 
-5 -4 -3 -2 
0 1 2 1 2 3 2 3 4 
0 1 2 3 4 
0 1 2 2 3 4 
0 1 2 3 4 
0 1 2 2 3 4 
0 1 2 3 4 
0 1 2 3 4 
0 2 4 6 8 
10 9 8 7 6 5 4 3 2 1 0 
0 3 6 9 
0 2 4 6 8 
10 9 8 7 6 5 4 3 2 1 0 
0 3 6 9 
1 
0 
3 
42 
20 
0 
Word Usage Statistics (Execution Heat Counts):
=============================================
WORD-ENTROPY: 1
CR: 1
.: 1
DUP: 3
DROP: 4
-------------------------------------
Total executions: 10
Total words: 300
Average executions per word: 0
Word Usage Statistics (Execution Heat Counts):
=============================================
WDENT: 2
WORD-ENTROPY: 1
EXIT: 1
LIT: 3
;: 1
:: 1
+: 1
DUP: 3
DROP: 1
-------------------------------------
Total executions: 14
Total words: 301
Average executions per word: 0
Word Usage Statistics (Execution Heat Counts):
=============================================
WDENT: 2
WORD-ENTROPY: 1
EXIT: 1
LIT: 3
;: 1
:: 1
+: 1
DEPTH: 1
DUP: 3
DROP: 1
-------------------------------------
Total executions: 15
Total words: 301
Average executions per word: 0
0 
Top 5 most frequently used words:
==================================
 1. TOPTEST: 5
 2. TOP-WORDS: 0
 3. EXIT: 0
 4. LIT: 1
 5. ;: 1
Top 10 most frequently used words:
==================================
 1. TOP-WORDS: 1
 2. LIT: 1
 3. ;: 1
 4. :: 1
Top 5 most frequently used words:
==================================
 1. TOP-WORDS: 1
Top 1 most frequently used words:
==================================
 1. TOP-WORDS: 1
Top 100 most frequently used words:
==================================
 1. TOP-WORDS: 1
TOP-WORDS: invalid count 0
TOP-WORDS: invalid count -5
[36mok>[0m [92m[0mGoodbye!
 ok
