This is pdfTeX, Version 3.141592653-2.6-1.40.26 (TeX Live 2025/dev/Debian) (preloaded format=pdfetex 2025.10.3)  4 OCT 2025 18:22
entering extended mode
 restricted \write18 enabled.
 file:line:error style messages enabled.
 %&-line parsing enabled.
**\input ./starforth.texi
(./starforth.texi (/usr/share/texmf/tex/texinfo/texinfo.tex
Loading texinfo [version 2023-09-19.19]:
\bindingoffset=\dimen16
\normaloffset=\dimen17
\txipagewidth=\dimen18
\txipageheight=\dimen19
\defaultoutput=\toks13
\headlinebox=\box16
\footlinebox=\box17
\savedtopmark=\toks14
\margin=\insert252
\EMsimple=\toks15
\groupbox=\box18
\groupinvalidhelp=\toks16
\mil=\dimen20
\exdentamount=\skip18
\inmarginspacing=\skip19
\centerpenalty=\count27
 pdf,
\tempnum=\count28
\lnkcount=\count29
\filename=\toks17
\filenamelength=\count30
\pgn=\count31
\toksA=\toks18
\toksB=\toks19
\toksC=\toks20
\toksD=\toks21
\boxA=\box19
\boxB=\box20
\countA=\count32
\pagecount=\count33
\romancount=\count34
\arabiccount=\count35
\contentsendcount=\count36
\nopdfimagehelp=\toks22
 fonts,
\textleading=\dimen21
\sffam=\fam8
\fontdepth=\count37
 glyphs,
\errorbox=\box21
 page headings,
\titlepagetopglue=\skip20
\titlepagebottomglue=\skip21
\evenheadline=\toks23
\oddheadline=\toks24
\evenchapheadline=\toks25
\oddchapheadline=\toks26
\evenfootline=\toks27
\oddfootline=\toks28

tables,
\tableindent=\dimen22
\itemindent=\dimen23
\itemmargin=\dimen24
\itemmax=\dimen25
\itemno=\count38
\colcount=\count39
\everytab=\toks29
 conditionals,
\doignorecount=\count40
 indexing,
\dummybox=\box22
\whatsitskip=\skip22
\whatsitpenalty=\count41
\entryrightmargin=\dimen26
\entrycontskip=\dimen27
\thinshrinkable=\skip23
\partialpage=\box23
\doublecolumnhsize=\dimen28
\balancedcolumns=\box24
 sectioning,
\unnumberedno=\count42
\chapno=\count43
\secno=\count44
\subsecno=\count45
\subsubsecno=\count46
\appendixno=\count47
\absseclevel=\count48
\secbase=\count49
\chapheadingskip=\skip24
\secheadingskip=\skip25
\subsecheadingskip=\skip26
 toc,
\tocfile=\write0
\curchapmax=\dimen29
\cursecmax=\dimen30
\curssecmax=\dimen31
\secnowidthchap=\dimen32
\secnowidthsec=\dimen33
\secnowidthssec=\dimen34
\contentsrightmargin=\skip27
\savepageno=\count50
\lastnegativepageno=\count51
\tocindent=\dimen35
\secnowidth=\dimen36
\extrasecnoskip=\dimen37
\labelspace=\dimen38
 environments,
\lispnarrowing=\skip28
\envskipamount=\skip29
\lskip=\skip30
\rskip=\skip31
\circthick=\dimen39
\cartouter=\dimen40
\cartinner=\dimen41
\normbskip=\skip32
\normpskip=\skip33
\normlskip=\skip34
\nonfillparindent=\dimen42
\tabw=\dimen43
\verbbox=\box25
 defuns,
\defbodyindent=\skip35
\defargsindent=\skip36
\deflastargmargin=\skip37
\defunpenalty=\count52
\parencount=\count53
\brackcount=\count54
 macros,
\paramno=\count55
\macname=\toks30

cross references,
\auxfile=\write1
\savesfregister=\count56
\toprefbox=\box26
\printedrefnamebox=\box27
\infofilenamebox=\box28
\printedmanualbox=\box29
 insertions,
\footnoteno=\count57
\SAVEfootins=\box30
\SAVEmargin=\box31

(/usr/share/texlive/texmf-dist/tex/generic/epsf/epsf.tex
This is `epsf.tex' v2.7.4 <14 February 2011>
\epsffilein=\read1
\epsfframemargin=\dimen44
\epsfframethickness=\dimen45
\epsfrsize=\dimen46
\epsftmp=\dimen47
\epsftsize=\dimen48
\epsfxsize=\dimen49
\epsfysize=\dimen50
\pspoints=\dimen51
)
\noepsfhelp=\toks31
\capheight=\dimen52
 localization,
\nolanghelp=\toks32
\countUTFx=\count58
\countUTFy=\count59
\countUTFz=\count60
 formatting,
\defaultparindent=\dimen53
 microtype,
\countC=\count61
\countB=\count62
 and turning on texinfo input format.)
[1{/var/lib/texmf/fonts/map/pdftex/updmap/pdftex.map}] [2]
(/home/rajames/CLionProjects/StarForth/docs/starforth.toc)
(/home/rajames/CLionProjects/StarForth/docs/starforth.toc) [-1]
(/home/rajames/CLionProjects/StarForth/docs/starforth.toc)
(/home/rajames/CLionProjects/StarForth/docs/starforth.toc) Chapter 1
\openout0 = `starforth.toc'.


(/home/rajames/CLionProjects/StarForth/docs/starforth.aux)
\openout1 = `starforth.aux'.

 Chapter 2 [1]
Chapter 3 [2] Chapter 4 [3] Chapter 5 [4] Chapter 6 [5] Chapter 7 [6]
Chapter 8 [7] (Index) [8]
No file starforth.cps.
[9] ) 
Here is how much of TeX's memory you used:
 3740 strings out of 496994
 38301 string characters out of 6204662
 77482 words of memory out of 5000000
 4851 multiletter control sequences out of 15000+600000
 34203 words of font info for 119 fonts, out of 8000000 for 9000
 96 hyphenation exceptions out of 8191
 13i,6n,16p,319b,210s stack positions out of 10000i,1000n,20000p,200000b,200000s
</usr/share/texlive/texmf-dist/fonts/type1/public/amsfonts/cm/cmbx12.pfb><
/usr/share/texlive/texmf-dist/fonts/type1/public/amsfonts/cm/cmmi10.pfb></usr/s
hare/texlive/texmf-dist/fonts/type1/public/amsfonts/cm/cmmi12.pfb></usr/share/t
exlive/texmf-dist/fonts/type1/public/amsfonts/cm/cmr10.pfb></usr/share/texlive/
texmf-dist/fonts/type1/public/amsfonts/cm/cmr9.pfb></usr/share/texlive/texmf-di
st/fonts/type1/public/amsfonts/cm/cmsl10.pfb></usr/share/texlive/texmf-dist/fon
ts/type1/public/amsfonts/cm/cmsltt10.pfb></usr/share/texlive/texmf-dist/fonts/t
ype1/public/amsfonts/cm/cmsy10.pfb></usr/share/texlive/texmf-dist/fonts/type1/p
ublic/amsfonts/cm/cmtt10.pfb>
Output written on starforth.pdf (12 pages, 118839 bytes).
PDF statistics:
 226 PDF objects out of 1000 (max. 8388607)
 196 compressed objects within 2 object streams
 19 named destinations out of 1000 (max. 500000)
 709 words of extra memory for PDF output out of 10000 (max. 10000000)

